Files already downloaded and verified
==> Building model..

Epoch: 0
Epoch 0, train accuracy = 18.376
test_ensemble accuracy = 23.94
Saving..
Total time since training starts:  80.1737

Epoch: 1
Epoch 1, train accuracy = 31.198
test_ensemble accuracy = 33.35
Saving..
Total time since training starts:  155.0

Epoch: 2
Epoch 2, train accuracy = 36.98
test_ensemble accuracy = 37.07
Saving..
Total time since training starts:  230.1535

Epoch: 3
Epoch 3, train accuracy = 38.972
test_ensemble accuracy = 39.2
Saving..
Total time since training starts:  305.1845

Epoch: 4
Epoch 4, train accuracy = 42.046
test_ensemble accuracy = 39.68
Saving..
Total time since training starts:  380.7275

Epoch: 5
Epoch 5, train accuracy = 43.348
test_ensemble accuracy = 44.66
Saving..
Total time since training starts:  456.5962

Epoch: 6
Epoch 6, train accuracy = 44.982
test_ensemble accuracy = 38.1
Total time since training starts:  532.2712

Epoch: 7
Epoch 7, train accuracy = 45.756
test_ensemble accuracy = 44.58
Total time since training starts:  607.7542

Epoch: 8
Epoch 8, train accuracy = 46.706
test_ensemble accuracy = 45.83
Saving..
Total time since training starts:  683.3025

Epoch: 9
Epoch 9, train accuracy = 44.154
test_ensemble accuracy = 46.25
Saving..
Total time since training starts:  758.735

Epoch: 10
Epoch 10, train accuracy = 46.848
test_ensemble accuracy = 44.64
Total time since training starts:  833.8843

Epoch: 11
Epoch 11, train accuracy = 48.286
test_ensemble accuracy = 39.76
Total time since training starts:  909.0103

Epoch: 12
Epoch 12, train accuracy = 48.54
test_ensemble accuracy = 46.97
Saving..
Total time since training starts:  984.6872

Epoch: 13
Epoch 13, train accuracy = 49.088
test_ensemble accuracy = 41.94
Total time since training starts:  1059.7871

Epoch: 14
Epoch 14, train accuracy = 49.022
test_ensemble accuracy = 43.6
Total time since training starts:  1135.3114

Epoch: 15
Epoch 15, train accuracy = 50.244
test_ensemble accuracy = 47.74
Saving..
Total time since training starts:  1210.3792

Epoch: 16
Epoch 16, train accuracy = 50.474
test_ensemble accuracy = 44.33
Total time since training starts:  1285.9108

Epoch: 17
Epoch 17, train accuracy = 50.658
test_ensemble accuracy = 49.51
Saving..
Total time since training starts:  1361.3749

Epoch: 18
Epoch 18, train accuracy = 51.518
test_ensemble accuracy = 44.89
Total time since training starts:  1436.7577

Epoch: 19
Epoch 19, train accuracy = 52.26
test_ensemble accuracy = 37.65
Total time since training starts:  1512.1136

Epoch: 20
Epoch 20, train accuracy = 52.722
test_ensemble accuracy = 48.31
Total time since training starts:  1587.7657

Epoch: 21
Epoch 21, train accuracy = 52.352
test_ensemble accuracy = 47.51
Total time since training starts:  1663.0042

Epoch: 22
Epoch 22, train accuracy = 52.496
test_ensemble accuracy = 46.85
Total time since training starts:  1738.2059

Epoch: 23
Epoch 23, train accuracy = 52.918
test_ensemble accuracy = 46.75
Total time since training starts:  1813.8631

Epoch: 24
Epoch 24, train accuracy = 53.076
test_ensemble accuracy = 38.99
Total time since training starts:  1888.9519

Epoch: 25
Epoch 25, train accuracy = 52.99
test_ensemble accuracy = 49.46
Total time since training starts:  1963.99

Epoch: 26
Epoch 26, train accuracy = 53.006
test_ensemble accuracy = 47.34
Total time since training starts:  2039.4817

Epoch: 27
Epoch 27, train accuracy = 53.514
test_ensemble accuracy = 49.85
Saving..
Total time since training starts:  2115.058

Epoch: 28
Epoch 28, train accuracy = 53.706
test_ensemble accuracy = 49.96
Saving..
Total time since training starts:  2190.3028

Epoch: 29
Epoch 29, train accuracy = 52.956
test_ensemble accuracy = 47.43
Total time since training starts:  2266.3215

Epoch: 30
Epoch 30, train accuracy = 53.544
test_ensemble accuracy = 47.8
Total time since training starts:  2341.9595

Epoch: 31
Epoch 31, train accuracy = 53.254
test_ensemble accuracy = 49.75
Total time since training starts:  2417.2453

Epoch: 32
Epoch 32, train accuracy = 54.47
test_ensemble accuracy = 45.01
Total time since training starts:  2492.5242

Epoch: 33
Epoch 33, train accuracy = 52.188
test_ensemble accuracy = 44.84
Total time since training starts:  2567.6028

Epoch: 34
Epoch 34, train accuracy = 53.632
test_ensemble accuracy = 48.43
Total time since training starts:  2642.898

Epoch: 35
Epoch 35, train accuracy = 53.74
test_ensemble accuracy = 47.74
Total time since training starts:  2718.2065

Epoch: 36
Epoch 36, train accuracy = 53.224
test_ensemble accuracy = 45.34
Total time since training starts:  2793.01

Epoch: 37
Epoch 37, train accuracy = 53.702
test_ensemble accuracy = 45.94
Total time since training starts:  2868.49

Epoch: 38
Epoch 38, train accuracy = 50.884
test_ensemble accuracy = 46.74
Total time since training starts:  2943.8024

Epoch: 39
Epoch 39, train accuracy = 53.934
test_ensemble accuracy = 46.93
Total time since training starts:  3019.0226

Epoch: 40
Epoch 40, train accuracy = 54.09
test_ensemble accuracy = 46.21
Total time since training starts:  3094.3782

Epoch: 41
Epoch 41, train accuracy = 51.506
test_ensemble accuracy = 46.44
Total time since training starts:  3169.5227

Epoch: 42
Epoch 42, train accuracy = 49.022
test_ensemble accuracy = 43.23
Total time since training starts:  3244.5407

Epoch: 43
Epoch 43, train accuracy = 51.846
test_ensemble accuracy = 44.32
Total time since training starts:  3319.8742

Epoch: 44
Epoch 44, train accuracy = 50.814
test_ensemble accuracy = 43.83
Total time since training starts:  3395.2385

Epoch: 45
Epoch 45, train accuracy = 51.686
test_ensemble accuracy = 42.48
Total time since training starts:  3470.4413

Epoch: 46
Epoch 46, train accuracy = 51.332
test_ensemble accuracy = 43.1
Total time since training starts:  3545.2488

Epoch: 47
Epoch 47, train accuracy = 52.582
test_ensemble accuracy = 47.56
Total time since training starts:  3620.6715

Epoch: 48
Epoch 48, train accuracy = 52.006
test_ensemble accuracy = 45.61
Total time since training starts:  3695.6797

Epoch: 49
Epoch 49, train accuracy = 52.504
test_ensemble accuracy = 45.3
Total time since training starts:  3770.7731

Epoch: 50
Epoch 50, train accuracy = 51.296
test_ensemble accuracy = 47.87
Total time since training starts:  3845.791

Epoch: 51
Epoch 51, train accuracy = 50.756
test_ensemble accuracy = 44.32
Total time since training starts:  3920.6728

Epoch: 52
Epoch 52, train accuracy = 50.334
test_ensemble accuracy = 38.95
Total time since training starts:  3995.89

Epoch: 53
Epoch 53, train accuracy = 46.444
test_ensemble accuracy = 41.32
Total time since training starts:  4071.1093

Epoch: 54
Epoch 54, train accuracy = 43.722
test_ensemble accuracy = 44.83
Total time since training starts:  4146.2055

Epoch: 55
Epoch 55, train accuracy = 43.664
test_ensemble accuracy = 34.44
Total time since training starts:  4221.6467

Epoch: 56
Epoch 56, train accuracy = 34.894
test_ensemble accuracy = 10.01
Total time since training starts:  4296.8273

Epoch: 57
Epoch 57, train accuracy = 10.034
test_ensemble accuracy = 10.0
Total time since training starts:  4371.6668

Epoch: 58
Epoch 58, train accuracy = 9.968
test_ensemble accuracy = 10.0
Total time since training starts:  4448.32

Epoch: 59
Epoch 59, train accuracy = 10.028
test_ensemble accuracy = 10.0
Total time since training starts:  4528.9528

Epoch: 60
Epoch 60, train accuracy = 9.992
test_ensemble accuracy = 10.01
Total time since training starts:  4609.5257

Epoch: 61
Epoch 61, train accuracy = 10.042
test_ensemble accuracy = 10.0
Total time since training starts:  4690.0249

Epoch: 62
Epoch 62, train accuracy = 10.124
test_ensemble accuracy = 10.01
Total time since training starts:  4771.1921

Epoch: 63
Epoch 63, train accuracy = 10.098
test_ensemble accuracy = 9.99
Total time since training starts:  4852.5049

Epoch: 64
Epoch 64, train accuracy = 9.834
test_ensemble accuracy = 10.01
Total time since training starts:  4933.6936

Epoch: 65
Epoch 65, train accuracy = 9.882
test_ensemble accuracy = 10.02
Total time since training starts:  5014.7142

Epoch: 66
Epoch 66, train accuracy = 9.66
test_ensemble accuracy = 10.01
Total time since training starts:  5095.8387

Epoch: 67
Epoch 67, train accuracy = 9.86
test_ensemble accuracy = 10.01
Total time since training starts:  5177.082

Epoch: 68
Epoch 68, train accuracy = 10.114
test_ensemble accuracy = 10.01
Total time since training starts:  5258.1682

Epoch: 69
Epoch 69, train accuracy = 10.078
test_ensemble accuracy = 9.99
Total time since training starts:  5339.172

Epoch: 70
Epoch 70, train accuracy = 10.042
test_ensemble accuracy = 10.01
Total time since training starts:  5420.4178

Epoch: 71
Epoch 71, train accuracy = 9.78
test_ensemble accuracy = 9.99
Total time since training starts:  5501.7069

Epoch: 72
Epoch 72, train accuracy = 9.894
test_ensemble accuracy = 10.0
Total time since training starts:  5582.9694

Epoch: 73
Epoch 73, train accuracy = 10.038
test_ensemble accuracy = 10.01
Total time since training starts:  5664.6664

Epoch: 74
Epoch 74, train accuracy = 9.88
test_ensemble accuracy = 10.0
Total time since training starts:  5746.4624

Epoch: 75
Epoch 75, train accuracy = 10.098
test_ensemble accuracy = 10.01
Total time since training starts:  5828.4838

Epoch: 76
Epoch 76, train accuracy = 10.082
test_ensemble accuracy = 10.01
Total time since training starts:  5910.1958

Epoch: 77
Epoch 77, train accuracy = 10.064
test_ensemble accuracy = 10.01
Total time since training starts:  5991.8414

Epoch: 78
Epoch 78, train accuracy = 10.12
test_ensemble accuracy = 10.01
Total time since training starts:  6072.953

Epoch: 79
Epoch 79, train accuracy = 9.87
test_ensemble accuracy = 10.01
Total time since training starts:  6154.2448

Epoch: 80
Epoch 80, train accuracy = 9.9
test_ensemble accuracy = 10.01
Total time since training starts:  6235.432

Epoch: 81
Epoch 81, train accuracy = 9.99
test_ensemble accuracy = 10.01
Total time since training starts:  6316.608

Epoch: 82
Epoch 82, train accuracy = 9.806
test_ensemble accuracy = 10.0
Total time since training starts:  6398.4503

Epoch: 83
Epoch 83, train accuracy = 10.128
test_ensemble accuracy = 10.01
Total time since training starts:  6480.0734

Epoch: 84
Epoch 84, train accuracy = 9.778
test_ensemble accuracy = 10.01
Total time since training starts:  6561.704

Epoch: 85
Epoch 85, train accuracy = 9.974
test_ensemble accuracy = 10.01
Total time since training starts:  6643.043

Epoch: 86
Epoch 86, train accuracy = 9.926
test_ensemble accuracy = 10.01
Total time since training starts:  6727.6042

Epoch: 87
Epoch 87, train accuracy = 9.956
test_ensemble accuracy = 10.01
Total time since training starts:  6809.5749

Epoch: 88
Epoch 88, train accuracy = 10.14
test_ensemble accuracy = 10.01
Total time since training starts:  6891.0103

Epoch: 89
Epoch 89, train accuracy = 9.988
test_ensemble accuracy = 10.01
Total time since training starts:  6972.8576

Epoch: 90
Epoch 90, train accuracy = 9.928
test_ensemble accuracy = 10.01
Total time since training starts:  7053.6568

Epoch: 91
Epoch 91, train accuracy = 10.06
test_ensemble accuracy = 9.99
Total time since training starts:  7135.2404

Epoch: 92
Epoch 92, train accuracy = 9.896
test_ensemble accuracy = 10.01
Total time since training starts:  7219.3903

Epoch: 93
Epoch 93, train accuracy = 9.94
test_ensemble accuracy = 10.01
Total time since training starts:  7294.6857

Epoch: 94
Epoch 94, train accuracy = 9.764
test_ensemble accuracy = 9.99
Total time since training starts:  7370.0768

Epoch: 95
Epoch 95, train accuracy = 9.996
test_ensemble accuracy = 10.01
Total time since training starts:  7431.4021

Epoch: 96
Epoch 96, train accuracy = 10.046
test_ensemble accuracy = 10.01
Total time since training starts:  7492.8162

Epoch: 97
Epoch 97, train accuracy = 9.8
test_ensemble accuracy = 10.01
Total time since training starts:  7556.5498

Epoch: 98
Epoch 98, train accuracy = 9.834
test_ensemble accuracy = 10.01
Total time since training starts:  7637.4203

Epoch: 99
Epoch 99, train accuracy = 9.982
test_ensemble accuracy = 10.01
Total time since training starts:  7719.0045

Epoch: 100
Epoch 100, train accuracy = 10.178
test_ensemble accuracy = 10.01
Total time since training starts:  7800.6657

Epoch: 101
Epoch 101, train accuracy = 10.144
test_ensemble accuracy = 9.99
Total time since training starts:  7882.525

Epoch: 102
Epoch 102, train accuracy = 10.074
test_ensemble accuracy = 10.01
Total time since training starts:  7964.1805

Epoch: 103
Epoch 103, train accuracy = 10.036
test_ensemble accuracy = 10.01
Total time since training starts:  8045.9575

Epoch: 104
Epoch 104, train accuracy = 9.932
test_ensemble accuracy = 10.01
Total time since training starts:  8127.6599

Epoch: 105
Epoch 105, train accuracy = 9.946
test_ensemble accuracy = 10.01
Total time since training starts:  8208.8926

Epoch: 106
Epoch 106, train accuracy = 9.99
test_ensemble accuracy = 10.01
Total time since training starts:  8291.1826

Epoch: 107
Epoch 107, train accuracy = 9.982
test_ensemble accuracy = 10.0
Total time since training starts:  8372.6108

Epoch: 108
Epoch 108, train accuracy = 10.016
test_ensemble accuracy = 10.0
Total time since training starts:  8454.0149

Epoch: 109
Epoch 109, train accuracy = 10.018
test_ensemble accuracy = 10.0
Total time since training starts:  8535.6834

Epoch: 110
Epoch 110, train accuracy = 10.054
test_ensemble accuracy = 10.0
Total time since training starts:  8617.508

Epoch: 111
Epoch 111, train accuracy = 9.73
test_ensemble accuracy = 10.0
Total time since training starts:  8699.3116

Epoch: 112
Epoch 112, train accuracy = 10.016
test_ensemble accuracy = 10.0
Total time since training starts:  8781.0654

Epoch: 113
Epoch 113, train accuracy = 9.928
test_ensemble accuracy = 10.0
Total time since training starts:  8863.324

Epoch: 114
Epoch 114, train accuracy = 9.788
test_ensemble accuracy = 10.0
Total time since training starts:  8945.0436

Epoch: 115
Epoch 115, train accuracy = 9.892
test_ensemble accuracy = 10.0
Total time since training starts:  9026.5136

Epoch: 116
Epoch 116, train accuracy = 9.972
test_ensemble accuracy = 10.0
Total time since training starts:  9108.9689

Epoch: 117
Epoch 117, train accuracy = 9.89
test_ensemble accuracy = 10.0
Total time since training starts:  9190.5813

Epoch: 118
Epoch 118, train accuracy = 9.998
test_ensemble accuracy = 10.0
Total time since training starts:  9268.715

Epoch: 119
Epoch 119, train accuracy = 10.018
test_ensemble accuracy = 10.0
Total time since training starts:  9344.0385

Epoch: 120
Epoch 120, train accuracy = 10.008
test_ensemble accuracy = 10.0
Total time since training starts:  9418.7583

Epoch: 121
Epoch 121, train accuracy = 9.828
test_ensemble accuracy = 10.0
Total time since training starts:  9496.6372

Epoch: 122
Epoch 122, train accuracy = 9.934
test_ensemble accuracy = 10.0
Total time since training starts:  9579.2603

Epoch: 123
Epoch 123, train accuracy = 10.084
test_ensemble accuracy = 10.0
Total time since training starts:  9660.7878

Epoch: 124
Epoch 124, train accuracy = 10.074
test_ensemble accuracy = 10.0
Total time since training starts:  9742.2997

Epoch: 125
Epoch 125, train accuracy = 9.97
test_ensemble accuracy = 10.0
Total time since training starts:  9823.5123

Epoch: 126
Epoch 126, train accuracy = 9.778
test_ensemble accuracy = 10.0
Total time since training starts:  9904.5974

Epoch: 127
Epoch 127, train accuracy = 10.058
test_ensemble accuracy = 10.0
Total time since training starts:  9985.6342

Epoch: 128
Epoch 128, train accuracy = 9.906
test_ensemble accuracy = 10.0
Total time since training starts:  10066.5185

Epoch: 129
Epoch 129, train accuracy = 10.052
test_ensemble accuracy = 10.0
Total time since training starts:  10147.5221

Epoch: 130
Epoch 130, train accuracy = 9.98
test_ensemble accuracy = 10.0
Total time since training starts:  10228.8166

Epoch: 131
Epoch 131, train accuracy = 9.824
test_ensemble accuracy = 10.0
Total time since training starts:  10309.4762

Epoch: 132
Epoch 132, train accuracy = 9.92
test_ensemble accuracy = 10.0
Total time since training starts:  10390.3352

Epoch: 133
Epoch 133, train accuracy = 9.998
test_ensemble accuracy = 10.0
Total time since training starts:  10471.9405

Epoch: 134
Epoch 134, train accuracy = 10.04
test_ensemble accuracy = 10.0
Total time since training starts:  10552.6277

Epoch: 135
Epoch 135, train accuracy = 10.186
test_ensemble accuracy = 10.0
Total time since training starts:  10633.391

Epoch: 136
Epoch 136, train accuracy = 10.066
test_ensemble accuracy = 10.0
Total time since training starts:  10713.8725

Epoch: 137
Epoch 137, train accuracy = 9.874
test_ensemble accuracy = 10.0
Total time since training starts:  10794.8635

Epoch: 138
Epoch 138, train accuracy = 9.718
test_ensemble accuracy = 10.0
Total time since training starts:  10875.8016

Epoch: 139
Epoch 139, train accuracy = 9.912
test_ensemble accuracy = 10.0
Total time since training starts:  10957.0407

Epoch: 140
Epoch 140, train accuracy = 9.974
test_ensemble accuracy = 10.0
Total time since training starts:  11037.9802

Epoch: 141
Epoch 141, train accuracy = 9.92
test_ensemble accuracy = 10.0
Total time since training starts:  11118.8019

Epoch: 142
Epoch 142, train accuracy = 10.156
test_ensemble accuracy = 10.0
Total time since training starts:  11199.9356

Epoch: 143
Epoch 143, train accuracy = 9.978
test_ensemble accuracy = 10.0
Total time since training starts:  11281.1497

Epoch: 144
Epoch 144, train accuracy = 9.974
test_ensemble accuracy = 10.0
Total time since training starts:  11362.6714

Epoch: 145
Epoch 145, train accuracy = 10.02
test_ensemble accuracy = 10.0
Total time since training starts:  11443.4594

Epoch: 146
Epoch 146, train accuracy = 9.97
test_ensemble accuracy = 10.0
Total time since training starts:  11524.3295

Epoch: 147
Epoch 147, train accuracy = 10.014
test_ensemble accuracy = 10.0
Total time since training starts:  11605.2993

Epoch: 148
Epoch 148, train accuracy = 9.958
test_ensemble accuracy = 10.0
Total time since training starts:  11685.9595

Epoch: 149
Epoch 149, train accuracy = 10.16
test_ensemble accuracy = 10.0
Total time since training starts:  11766.7294

Epoch: 150
Epoch 150, train accuracy = 10.03
test_ensemble accuracy = 10.0
Total time since training starts:  11847.1181

Epoch: 151
Epoch 151, train accuracy = 10.084
test_ensemble accuracy = 10.0
Total time since training starts:  11927.7215

Epoch: 152
Epoch 152, train accuracy = 9.782
test_ensemble accuracy = 10.0
Total time since training starts:  12009.0564

Epoch: 153
Epoch 153, train accuracy = 10.018
test_ensemble accuracy = 10.0
Total time since training starts:  12090.2368

Epoch: 154
Epoch 154, train accuracy = 10.074
test_ensemble accuracy = 10.0
Total time since training starts:  12171.0747

Epoch: 155
Epoch 155, train accuracy = 9.952
test_ensemble accuracy = 10.0
Total time since training starts:  12251.6249

Epoch: 156
Epoch 156, train accuracy = 10.004
test_ensemble accuracy = 10.0
Total time since training starts:  12332.8126

Epoch: 157
Epoch 157, train accuracy = 9.792
test_ensemble accuracy = 10.0
Total time since training starts:  12413.309

Epoch: 158
Epoch 158, train accuracy = 9.762
test_ensemble accuracy = 10.0
Total time since training starts:  12493.993

Epoch: 159
Epoch 159, train accuracy = 10.03
test_ensemble accuracy = 10.0
Total time since training starts:  12574.9833

Epoch: 160
Epoch 160, train accuracy = 9.798
test_ensemble accuracy = 10.0
Total time since training starts:  12655.4611

Epoch: 161
Epoch 161, train accuracy = 9.808
test_ensemble accuracy = 10.0
Total time since training starts:  12736.5

Epoch: 162
Epoch 162, train accuracy = 9.936
test_ensemble accuracy = 10.0
Total time since training starts:  12817.4262

Epoch: 163
Epoch 163, train accuracy = 9.858
test_ensemble accuracy = 10.0
Total time since training starts:  12897.989

Epoch: 164
Epoch 164, train accuracy = 9.892
test_ensemble accuracy = 10.0
Total time since training starts:  12978.7542

Epoch: 165
Epoch 165, train accuracy = 9.93
test_ensemble accuracy = 10.0
Total time since training starts:  13059.8011

Epoch: 166
Epoch 166, train accuracy = 10.022
test_ensemble accuracy = 10.0
Total time since training starts:  13140.639

Epoch: 167
Epoch 167, train accuracy = 10.178
test_ensemble accuracy = 10.0
Total time since training starts:  13221.3071

Epoch: 168
Epoch 168, train accuracy = 10.22
test_ensemble accuracy = 10.0
Total time since training starts:  13302.0176

Epoch: 169
Epoch 169, train accuracy = 9.88
test_ensemble accuracy = 10.0
Total time since training starts:  13383.3808

Epoch: 170
Epoch 170, train accuracy = 9.934
test_ensemble accuracy = 10.0
Total time since training starts:  13463.9319

Epoch: 171
Epoch 171, train accuracy = 10.068
test_ensemble accuracy = 10.0
Total time since training starts:  13544.9774

Epoch: 172
Epoch 172, train accuracy = 9.882
test_ensemble accuracy = 10.0
Total time since training starts:  13626.4976

Epoch: 173
Epoch 173, train accuracy = 9.79
test_ensemble accuracy = 10.0
Total time since training starts:  13707.6804

Epoch: 174
Epoch 174, train accuracy = 9.98
test_ensemble accuracy = 10.0
Total time since training starts:  13788.882

Epoch: 175
Epoch 175, train accuracy = 9.69
test_ensemble accuracy = 10.0
Total time since training starts:  13869.5519

Epoch: 176
Epoch 176, train accuracy = 10.216
test_ensemble accuracy = 10.0
Total time since training starts:  13950.8485

Epoch: 177
Epoch 177, train accuracy = 10.182
test_ensemble accuracy = 10.0
Total time since training starts:  14031.4986

Epoch: 178
Epoch 178, train accuracy = 9.974
test_ensemble accuracy = 10.0
Total time since training starts:  14112.2803

Epoch: 179
Epoch 179, train accuracy = 9.928
test_ensemble accuracy = 10.0
Total time since training starts:  14193.2124

Epoch: 180
Epoch 180, train accuracy = 10.084
test_ensemble accuracy = 10.0
Total time since training starts:  14274.6265

Epoch: 181
Epoch 181, train accuracy = 9.884
test_ensemble accuracy = 10.0
Total time since training starts:  14355.1493

Epoch: 182
Epoch 182, train accuracy = 9.784
test_ensemble accuracy = 10.0
Total time since training starts:  14436.2754

Epoch: 183
Epoch 183, train accuracy = 9.9
test_ensemble accuracy = 10.0
Total time since training starts:  14517.0761

Epoch: 184
Epoch 184, train accuracy = 9.8
test_ensemble accuracy = 10.0
Total time since training starts:  14597.7318

Epoch: 185
Epoch 185, train accuracy = 10.02
test_ensemble accuracy = 10.0
Total time since training starts:  14678.641

Epoch: 186
Epoch 186, train accuracy = 9.958
test_ensemble accuracy = 10.0
Total time since training starts:  14759.4582

Epoch: 187
Epoch 187, train accuracy = 10.006
test_ensemble accuracy = 10.0
Total time since training starts:  14840.4396

Epoch: 188
Epoch 188, train accuracy = 9.926
test_ensemble accuracy = 10.0
Total time since training starts:  14921.3494

Epoch: 189
Epoch 189, train accuracy = 9.864
test_ensemble accuracy = 10.0
Total time since training starts:  15002.2445

Epoch: 190
Epoch 190, train accuracy = 10.024
test_ensemble accuracy = 10.0
Total time since training starts:  15083.4178

Epoch: 191
Epoch 191, train accuracy = 9.868
test_ensemble accuracy = 10.0
Total time since training starts:  15164.3913

Epoch: 192
Epoch 192, train accuracy = 10.024
test_ensemble accuracy = 10.0
Total time since training starts:  15245.3849

Epoch: 193
Epoch 193, train accuracy = 10.038
test_ensemble accuracy = 10.0
Total time since training starts:  15326.3718

Epoch: 194
Epoch 194, train accuracy = 9.944
test_ensemble accuracy = 10.0
Total time since training starts:  15407.2561

Epoch: 195
Epoch 195, train accuracy = 9.692
test_ensemble accuracy = 10.0
Total time since training starts:  15487.9671

Epoch: 196
Epoch 196, train accuracy = 9.772
test_ensemble accuracy = 10.0
Total time since training starts:  15568.5924

Epoch: 197
Epoch 197, train accuracy = 10.136
test_ensemble accuracy = 10.0
Total time since training starts:  15649.374

Epoch: 198
Epoch 198, train accuracy = 10.044
test_ensemble accuracy = 10.0
Total time since training starts:  15730.2726

Epoch: 199
Epoch 199, train accuracy = 10.008
test_ensemble accuracy = 10.0
Total time since training starts:  15811.1804
