Files already downloaded and verified
==> Building model..

Epoch: 0
Epoch 0, train accuracy = 19.812
test_ensemble accuracy = 26.83
Saving..
Total time since training starts:  76.1674

Epoch: 1
Epoch 1, train accuracy = 31.268
test_ensemble accuracy = 37.39
Saving..
Total time since training starts:  155.7835

Epoch: 2
Epoch 2, train accuracy = 39.812
test_ensemble accuracy = 42.27
Saving..
Total time since training starts:  232.1149

Epoch: 3
Epoch 3, train accuracy = 42.0
test_ensemble accuracy = 43.69
Saving..
Total time since training starts:  291.0785

Epoch: 4
Epoch 4, train accuracy = 41.858
test_ensemble accuracy = 42.09
Total time since training starts:  349.9679

Epoch: 5
Epoch 5, train accuracy = 45.386
test_ensemble accuracy = 42.55
Total time since training starts:  409.0392

Epoch: 6
Epoch 6, train accuracy = 47.112
test_ensemble accuracy = 44.76
Saving..
Total time since training starts:  468.3674

Epoch: 7
Epoch 7, train accuracy = 48.278
test_ensemble accuracy = 47.9
Saving..
Total time since training starts:  527.7668

Epoch: 8
Epoch 8, train accuracy = 48.368
test_ensemble accuracy = 47.46
Total time since training starts:  587.0751

Epoch: 9
Epoch 9, train accuracy = 49.628
test_ensemble accuracy = 48.61
Saving..
Total time since training starts:  646.3881

Epoch: 10
Epoch 10, train accuracy = 50.652
test_ensemble accuracy = 47.46
Total time since training starts:  705.7576

Epoch: 11
Epoch 11, train accuracy = 50.988
test_ensemble accuracy = 46.61
Total time since training starts:  765.1793

Epoch: 12
Epoch 12, train accuracy = 51.49
test_ensemble accuracy = 50.39
Saving..
Total time since training starts:  824.6352

Epoch: 13
Epoch 13, train accuracy = 51.708
test_ensemble accuracy = 49.77
Total time since training starts:  884.1036

Epoch: 14
Epoch 14, train accuracy = 51.614
test_ensemble accuracy = 47.82
Total time since training starts:  943.5384

Epoch: 15
Epoch 15, train accuracy = 52.096
test_ensemble accuracy = 47.26
Total time since training starts:  1002.9774

Epoch: 16
Epoch 16, train accuracy = 51.482
test_ensemble accuracy = 48.33
Total time since training starts:  1062.4574

Epoch: 17
Epoch 17, train accuracy = 52.592
test_ensemble accuracy = 46.61
Total time since training starts:  1121.9275

Epoch: 18
Epoch 18, train accuracy = 52.018
test_ensemble accuracy = 50.48
Saving..
Total time since training starts:  1181.345

Epoch: 19
Epoch 19, train accuracy = 52.842
test_ensemble accuracy = 49.0
Total time since training starts:  1240.7566

Epoch: 20
Epoch 20, train accuracy = 52.328
test_ensemble accuracy = 48.89
Total time since training starts:  1300.0661

Epoch: 21
Epoch 21, train accuracy = 52.84
test_ensemble accuracy = 49.4
Total time since training starts:  1359.4335

Epoch: 22
Epoch 22, train accuracy = 53.158
test_ensemble accuracy = 47.83
Total time since training starts:  1418.7919

Epoch: 23
Epoch 23, train accuracy = 53.592
test_ensemble accuracy = 48.22
Total time since training starts:  1478.1825

Epoch: 24
Epoch 24, train accuracy = 53.896
test_ensemble accuracy = 48.9
Total time since training starts:  1537.571

Epoch: 25
Epoch 25, train accuracy = 53.782
test_ensemble accuracy = 48.75
Total time since training starts:  1596.9879

Epoch: 26
Epoch 26, train accuracy = 53.762
test_ensemble accuracy = 43.92
Total time since training starts:  1656.3826

Epoch: 27
Epoch 27, train accuracy = 53.118
test_ensemble accuracy = 45.66
Total time since training starts:  1715.7505

Epoch: 28
Epoch 28, train accuracy = 52.352
test_ensemble accuracy = 45.33
Total time since training starts:  1775.0675

Epoch: 29
Epoch 29, train accuracy = 51.946
test_ensemble accuracy = 42.93
Total time since training starts:  1834.4074

Epoch: 30
Epoch 30, train accuracy = 52.844
test_ensemble accuracy = 43.53
Total time since training starts:  1893.6597

Epoch: 31
Epoch 31, train accuracy = 52.778
test_ensemble accuracy = 50.1
Total time since training starts:  1952.4824

Epoch: 32
Epoch 32, train accuracy = 53.806
test_ensemble accuracy = 48.49
Total time since training starts:  2011.2947

Epoch: 33
Epoch 33, train accuracy = 52.564
test_ensemble accuracy = 48.75
Total time since training starts:  2070.1062

Epoch: 34
Epoch 34, train accuracy = 19.25
test_ensemble accuracy = 10.01
Total time since training starts:  2128.5101

Epoch: 35
Epoch 35, train accuracy = 9.772
test_ensemble accuracy = 9.99
Total time since training starts:  2186.9699

Epoch: 36
Epoch 36, train accuracy = 10.056
test_ensemble accuracy = 10.08
Total time since training starts:  2248.8568

Epoch: 37
Epoch 37, train accuracy = 10.024
test_ensemble accuracy = 10.21
Total time since training starts:  2311.1168

Epoch: 38
Epoch 38, train accuracy = 10.148
test_ensemble accuracy = 9.97
Total time since training starts:  2373.2873

Epoch: 39
Epoch 39, train accuracy = 9.894
test_ensemble accuracy = 10.01
Total time since training starts:  2435.6159

Epoch: 40
Epoch 40, train accuracy = 9.856
test_ensemble accuracy = 10.01
Total time since training starts:  2498.6986

Epoch: 41
Epoch 41, train accuracy = 9.926
test_ensemble accuracy = 10.0
Total time since training starts:  2561.5222

Epoch: 42
Epoch 42, train accuracy = 10.056
test_ensemble accuracy = 10.07
Total time since training starts:  2624.2386

Epoch: 43
Epoch 43, train accuracy = 10.784
test_ensemble accuracy = 13.1
Total time since training starts:  2686.737

Epoch: 44
Epoch 44, train accuracy = 27.954
test_ensemble accuracy = 43.23
Total time since training starts:  2747.0935

Epoch: 45
Epoch 45, train accuracy = 47.768
test_ensemble accuracy = 48.65
Total time since training starts:  2805.7776

Epoch: 46
Epoch 46, train accuracy = 51.316
test_ensemble accuracy = 44.68
Total time since training starts:  2864.4437

Epoch: 47
Epoch 47, train accuracy = 51.068
test_ensemble accuracy = 43.98
Total time since training starts:  2923.1991

Epoch: 48
Epoch 48, train accuracy = 53.422
test_ensemble accuracy = 47.11
Total time since training starts:  2982.054

Epoch: 49
Epoch 49, train accuracy = 49.5
test_ensemble accuracy = 46.13
Total time since training starts:  3040.8739

Epoch: 50
Epoch 50, train accuracy = 49.72
test_ensemble accuracy = 42.82
Total time since training starts:  3099.6507

Epoch: 51
Epoch 51, train accuracy = 52.084
test_ensemble accuracy = 43.67
Total time since training starts:  3158.5149

Epoch: 52
Epoch 52, train accuracy = 48.844
test_ensemble accuracy = 47.24
Total time since training starts:  3217.2822

Epoch: 53
Epoch 53, train accuracy = 51.916
test_ensemble accuracy = 46.64
Total time since training starts:  3276.0842

Epoch: 54
Epoch 54, train accuracy = 52.016
test_ensemble accuracy = 41.26
Total time since training starts:  3334.9847

Epoch: 55
Epoch 55, train accuracy = 49.644
test_ensemble accuracy = 45.06
Total time since training starts:  3393.8546

Epoch: 56
Epoch 56, train accuracy = 48.796
test_ensemble accuracy = 41.02
Total time since training starts:  3452.763

Epoch: 57
Epoch 57, train accuracy = 49.674
test_ensemble accuracy = 45.55
Total time since training starts:  3511.7095

Epoch: 58
Epoch 58, train accuracy = 47.584
test_ensemble accuracy = 42.67
Total time since training starts:  3570.677

Epoch: 59
Epoch 59, train accuracy = 47.032
test_ensemble accuracy = 42.42
Total time since training starts:  3629.621

Epoch: 60
Epoch 60, train accuracy = 42.824
test_ensemble accuracy = 35.14
Total time since training starts:  3688.5273

Epoch: 61
Epoch 61, train accuracy = 41.382
test_ensemble accuracy = 41.16
Total time since training starts:  3747.3585

Epoch: 62
Epoch 62, train accuracy = 37.91
test_ensemble accuracy = 27.87
Total time since training starts:  3806.8111

Epoch: 63
Epoch 63, train accuracy = 37.928
test_ensemble accuracy = 33.1
Total time since training starts:  3866.2604

Epoch: 64
Epoch 64, train accuracy = 34.174
test_ensemble accuracy = 21.97
Total time since training starts:  3925.791

Epoch: 65
Epoch 65, train accuracy = 15.804
test_ensemble accuracy = 10.0
Total time since training starts:  3985.5031

Epoch: 66
Epoch 66, train accuracy = 9.764
test_ensemble accuracy = 10.0
Total time since training starts:  4045.6997

Epoch: 67
Epoch 67, train accuracy = 10.098
test_ensemble accuracy = 10.0
Total time since training starts:  4110.2942

Epoch: 68
Epoch 68, train accuracy = 9.818
test_ensemble accuracy = 10.0
Total time since training starts:  4175.3583

Epoch: 69
Epoch 69, train accuracy = 10.278
test_ensemble accuracy = 10.0
Total time since training starts:  4240.4291

Epoch: 70
Epoch 70, train accuracy = 10.104
test_ensemble accuracy = 10.0
Total time since training starts:  4305.5058

Epoch: 71
Epoch 71, train accuracy = 9.98
test_ensemble accuracy = 10.0
Total time since training starts:  4370.5841

Epoch: 72
Epoch 72, train accuracy = 9.91
test_ensemble accuracy = 10.0
Total time since training starts:  4435.666

Epoch: 73
Epoch 73, train accuracy = 9.796
test_ensemble accuracy = 10.0
Total time since training starts:  4500.7409

Epoch: 74
Epoch 74, train accuracy = 9.94
test_ensemble accuracy = 10.0
Total time since training starts:  4565.8599

Epoch: 75
Epoch 75, train accuracy = 9.872
test_ensemble accuracy = 10.0
Total time since training starts:  4631.0014

Epoch: 76
Epoch 76, train accuracy = 10.088
test_ensemble accuracy = 10.0
Total time since training starts:  4696.0382

Epoch: 77
Epoch 77, train accuracy = 9.924
test_ensemble accuracy = 10.0
Total time since training starts:  4760.9468

Epoch: 78
Epoch 78, train accuracy = 10.108
test_ensemble accuracy = 10.0
Total time since training starts:  4825.8428

Epoch: 79
Epoch 79, train accuracy = 9.804
test_ensemble accuracy = 10.0
Total time since training starts:  4890.7256

Epoch: 80
Epoch 80, train accuracy = 9.868
test_ensemble accuracy = 10.0
Total time since training starts:  4955.6185

Epoch: 81
Epoch 81, train accuracy = 9.852
test_ensemble accuracy = 10.0
Total time since training starts:  5020.504

Epoch: 82
Epoch 82, train accuracy = 10.128
test_ensemble accuracy = 10.0
Total time since training starts:  5085.3942

Epoch: 83
Epoch 83, train accuracy = 9.858
test_ensemble accuracy = 10.0
Total time since training starts:  5150.2741

Epoch: 84
Epoch 84, train accuracy = 10.142
test_ensemble accuracy = 10.0
Total time since training starts:  5215.1624

Epoch: 85
Epoch 85, train accuracy = 9.96
test_ensemble accuracy = 10.0
Total time since training starts:  5280.0532

Epoch: 86
Epoch 86, train accuracy = 10.134
test_ensemble accuracy = 10.0
Total time since training starts:  5344.9432

Epoch: 87
Epoch 87, train accuracy = 9.768
test_ensemble accuracy = 10.0
Total time since training starts:  5409.8254

Epoch: 88
Epoch 88, train accuracy = 9.792
test_ensemble accuracy = 10.0
Total time since training starts:  5474.71

Epoch: 89
Epoch 89, train accuracy = 9.84
test_ensemble accuracy = 10.0
Total time since training starts:  5539.6066

Epoch: 90
Epoch 90, train accuracy = 10.008
test_ensemble accuracy = 10.0
Total time since training starts:  5604.4986

Epoch: 91
Epoch 91, train accuracy = 10.06
test_ensemble accuracy = 10.0
Total time since training starts:  5669.3899

Epoch: 92
Epoch 92, train accuracy = 10.006
test_ensemble accuracy = 10.0
Total time since training starts:  5734.2742

Epoch: 93
Epoch 93, train accuracy = 9.946
test_ensemble accuracy = 10.0
Total time since training starts:  5799.1477

Epoch: 94
Epoch 94, train accuracy = 9.946
test_ensemble accuracy = 10.0
Total time since training starts:  5864.0324

Epoch: 95
Epoch 95, train accuracy = 9.69
test_ensemble accuracy = 10.0
Total time since training starts:  5928.9396

Epoch: 96
Epoch 96, train accuracy = 9.932
test_ensemble accuracy = 10.0
Total time since training starts:  5993.8205

Epoch: 97
Epoch 97, train accuracy = 10.024
test_ensemble accuracy = 10.0
Total time since training starts:  6058.7317

Epoch: 98
Epoch 98, train accuracy = 10.17
test_ensemble accuracy = 10.0
Total time since training starts:  6123.6657

Epoch: 99
Epoch 99, train accuracy = 10.104
test_ensemble accuracy = 10.0
Total time since training starts:  6188.5366

Epoch: 100
Epoch 100, train accuracy = 9.962
test_ensemble accuracy = 10.0
Total time since training starts:  6253.4158

Epoch: 101
Epoch 101, train accuracy = 9.894
test_ensemble accuracy = 10.0
Total time since training starts:  6318.3353

Epoch: 102
Epoch 102, train accuracy = 10.058
test_ensemble accuracy = 10.0
Total time since training starts:  6383.2442

Epoch: 103
Epoch 103, train accuracy = 9.812
test_ensemble accuracy = 10.0
Total time since training starts:  6448.1572

Epoch: 104
Epoch 104, train accuracy = 9.85
test_ensemble accuracy = 10.0
Total time since training starts:  6513.0423

Epoch: 105
Epoch 105, train accuracy = 10.252
test_ensemble accuracy = 10.0
Total time since training starts:  6577.9191

Epoch: 106
Epoch 106, train accuracy = 9.958
test_ensemble accuracy = 10.0
Total time since training starts:  6642.8044

Epoch: 107
Epoch 107, train accuracy = 10.038
test_ensemble accuracy = 10.0
Total time since training starts:  6707.6996

Epoch: 108
Epoch 108, train accuracy = 10.144
test_ensemble accuracy = 10.0
Total time since training starts:  6772.5773

Epoch: 109
Epoch 109, train accuracy = 9.956
test_ensemble accuracy = 10.0
Total time since training starts:  6837.4686

Epoch: 110
Epoch 110, train accuracy = 9.892
test_ensemble accuracy = 10.0
Total time since training starts:  6902.3297

Epoch: 111
Epoch 111, train accuracy = 9.926
test_ensemble accuracy = 10.0
Total time since training starts:  6967.2082

Epoch: 112
Epoch 112, train accuracy = 9.882
test_ensemble accuracy = 10.0
Total time since training starts:  7032.0817

Epoch: 113
Epoch 113, train accuracy = 9.772
test_ensemble accuracy = 10.0
Total time since training starts:  7096.97

Epoch: 114
Epoch 114, train accuracy = 9.912
test_ensemble accuracy = 10.0
Total time since training starts:  7170.6504

Epoch: 115
Epoch 115, train accuracy = 10.08
test_ensemble accuracy = 10.0
Total time since training starts:  7237.8956

Epoch: 116
Epoch 116, train accuracy = 10.01
test_ensemble accuracy = 10.0
Total time since training starts:  7302.7883

Epoch: 117
Epoch 117, train accuracy = 9.808
test_ensemble accuracy = 10.0
Total time since training starts:  7367.7925

Epoch: 118
Epoch 118, train accuracy = 9.736
test_ensemble accuracy = 10.0
Total time since training starts:  7432.8316

Epoch: 119
Epoch 119, train accuracy = 10.092
test_ensemble accuracy = 10.0
Total time since training starts:  7497.8741

Epoch: 120
Epoch 120, train accuracy = 9.842
test_ensemble accuracy = 10.0
Total time since training starts:  7564.9838

Epoch: 121
Epoch 121, train accuracy = 10.074
test_ensemble accuracy = 10.0
Total time since training starts:  7630.0528

Epoch: 122
Epoch 122, train accuracy = 9.652
test_ensemble accuracy = 10.0
Total time since training starts:  7695.269

Epoch: 123
Epoch 123, train accuracy = 9.822
test_ensemble accuracy = 10.0
Total time since training starts:  7760.254

Epoch: 124
Epoch 124, train accuracy = 9.97
test_ensemble accuracy = 10.0
Total time since training starts:  7826.3677

Epoch: 125
Epoch 125, train accuracy = 9.982
test_ensemble accuracy = 10.0
Total time since training starts:  7890.7481

Epoch: 126
Epoch 126, train accuracy = 10.032
test_ensemble accuracy = 10.0
Total time since training starts:  7955.095

Epoch: 127
Epoch 127, train accuracy = 10.028
test_ensemble accuracy = 10.0
Total time since training starts:  8020.1169

Epoch: 128
Epoch 128, train accuracy = 9.892
test_ensemble accuracy = 10.0
Total time since training starts:  8084.45

Epoch: 129
Epoch 129, train accuracy = 9.84
test_ensemble accuracy = 10.0
Total time since training starts:  8148.8024

Epoch: 130
Epoch 130, train accuracy = 10.114
test_ensemble accuracy = 10.0
Total time since training starts:  8213.1572

Epoch: 131
Epoch 131, train accuracy = 9.78
test_ensemble accuracy = 10.0
Total time since training starts:  8277.5327

Epoch: 132
Epoch 132, train accuracy = 9.758
test_ensemble accuracy = 10.0
Total time since training starts:  8341.8934

Epoch: 133
Epoch 133, train accuracy = 9.922
test_ensemble accuracy = 10.0
Total time since training starts:  8406.244

Epoch: 134
Epoch 134, train accuracy = 10.042
test_ensemble accuracy = 10.0
Total time since training starts:  8470.5923

Epoch: 135
Epoch 135, train accuracy = 9.88
test_ensemble accuracy = 10.0
Total time since training starts:  8534.9424

Epoch: 136
Epoch 136, train accuracy = 10.042
test_ensemble accuracy = 10.0
Total time since training starts:  8599.2912

Epoch: 137
Epoch 137, train accuracy = 10.236
test_ensemble accuracy = 10.0
Total time since training starts:  8663.6667

Epoch: 138
Epoch 138, train accuracy = 9.808
test_ensemble accuracy = 10.0
Total time since training starts:  8728.0382

Epoch: 139
Epoch 139, train accuracy = 9.714
test_ensemble accuracy = 10.0
Total time since training starts:  8792.4084

Epoch: 140
Epoch 140, train accuracy = 9.968
test_ensemble accuracy = 10.0
Total time since training starts:  8856.7508

Epoch: 141
Epoch 141, train accuracy = 10.072
test_ensemble accuracy = 10.0
Total time since training starts:  8921.1055

Epoch: 142
Epoch 142, train accuracy = 9.858
test_ensemble accuracy = 10.0
Total time since training starts:  8985.4537

Epoch: 143
Epoch 143, train accuracy = 9.796
test_ensemble accuracy = 10.0
Total time since training starts:  9049.7843

Epoch: 144
Epoch 144, train accuracy = 9.842
test_ensemble accuracy = 10.0
Total time since training starts:  9114.1402

Epoch: 145
Epoch 145, train accuracy = 9.938
test_ensemble accuracy = 10.0
Total time since training starts:  9178.5077

Epoch: 146
Epoch 146, train accuracy = 9.994
test_ensemble accuracy = 10.0
Total time since training starts:  9243.0776

Epoch: 147
Epoch 147, train accuracy = 9.89
test_ensemble accuracy = 10.0
Total time since training starts:  9307.4166

Epoch: 148
Epoch 148, train accuracy = 9.876
test_ensemble accuracy = 10.0
Total time since training starts:  9371.9146

Epoch: 149
Epoch 149, train accuracy = 9.878
test_ensemble accuracy = 10.0
Total time since training starts:  9436.4242

Epoch: 150
Epoch 150, train accuracy = 9.882
test_ensemble accuracy = 10.0
Total time since training starts:  9501.0212

Epoch: 151
Epoch 151, train accuracy = 9.994
test_ensemble accuracy = 10.0
Total time since training starts:  9565.5495

Epoch: 152
Epoch 152, train accuracy = 10.264
test_ensemble accuracy = 10.0
Total time since training starts:  9630.0737

Epoch: 153
Epoch 153, train accuracy = 10.006
test_ensemble accuracy = 10.0
Total time since training starts:  9694.5905

Epoch: 154
Epoch 154, train accuracy = 9.994
test_ensemble accuracy = 10.0
Total time since training starts:  9759.0112

Epoch: 155
Epoch 155, train accuracy = 9.91
test_ensemble accuracy = 10.0
Total time since training starts:  9823.3913

Epoch: 156
Epoch 156, train accuracy = 10.116
test_ensemble accuracy = 10.0
Total time since training starts:  9887.7765

Epoch: 157
Epoch 157, train accuracy = 9.926
test_ensemble accuracy = 10.0
Total time since training starts:  9952.141

Epoch: 158
Epoch 158, train accuracy = 9.794
test_ensemble accuracy = 10.0
Total time since training starts:  10016.5344

Epoch: 159
Epoch 159, train accuracy = 10.136
test_ensemble accuracy = 10.0
Total time since training starts:  10080.8991

Epoch: 160
Epoch 160, train accuracy = 9.732
test_ensemble accuracy = 10.0
Total time since training starts:  10145.269

Epoch: 161
Epoch 161, train accuracy = 9.74
test_ensemble accuracy = 10.0
Total time since training starts:  10209.6297

Epoch: 162
Epoch 162, train accuracy = 9.864
test_ensemble accuracy = 10.0
Total time since training starts:  10274.0163

Epoch: 163
Epoch 163, train accuracy = 10.132
test_ensemble accuracy = 10.0
Total time since training starts:  10338.3773

Epoch: 164
Epoch 164, train accuracy = 9.75
test_ensemble accuracy = 10.0
Total time since training starts:  10402.7318

Epoch: 165
Epoch 165, train accuracy = 9.99
test_ensemble accuracy = 10.0
Total time since training starts:  10467.0953

Epoch: 166
Epoch 166, train accuracy = 9.988
test_ensemble accuracy = 10.0
Total time since training starts:  10531.4494

Epoch: 167
Epoch 167, train accuracy = 9.806
test_ensemble accuracy = 10.0
Total time since training starts:  10595.8158

Epoch: 168
Epoch 168, train accuracy = 10.08
test_ensemble accuracy = 10.0
Total time since training starts:  10660.1748

Epoch: 169
Epoch 169, train accuracy = 10.034
test_ensemble accuracy = 10.0
Total time since training starts:  10724.5451

Epoch: 170
Epoch 170, train accuracy = 10.03
test_ensemble accuracy = 10.0
Total time since training starts:  10788.9065

Epoch: 171
Epoch 171, train accuracy = 10.29
test_ensemble accuracy = 10.0
Total time since training starts:  10853.2757

Epoch: 172
Epoch 172, train accuracy = 10.154
test_ensemble accuracy = 10.0
Total time since training starts:  10917.6372

Epoch: 173
Epoch 173, train accuracy = 9.754
test_ensemble accuracy = 10.0
Total time since training starts:  10981.9946

Epoch: 174
Epoch 174, train accuracy = 10.09
test_ensemble accuracy = 10.0
Total time since training starts:  11046.3659

Epoch: 175
Epoch 175, train accuracy = 9.764
test_ensemble accuracy = 10.0
Total time since training starts:  11110.7532

Epoch: 176
Epoch 176, train accuracy = 9.74
test_ensemble accuracy = 10.0
Total time since training starts:  11175.1351

Epoch: 177
Epoch 177, train accuracy = 10.054
test_ensemble accuracy = 10.0
Total time since training starts:  11239.5128

Epoch: 178
Epoch 178, train accuracy = 9.776
test_ensemble accuracy = 10.0
Total time since training starts:  11303.9304

Epoch: 179
Epoch 179, train accuracy = 10.058
test_ensemble accuracy = 10.0
Total time since training starts:  11368.2978

Epoch: 180
Epoch 180, train accuracy = 10.108
test_ensemble accuracy = 10.0
Total time since training starts:  11432.7136

Epoch: 181
Epoch 181, train accuracy = 9.984
test_ensemble accuracy = 10.0
Total time since training starts:  11497.2422

Epoch: 182
Epoch 182, train accuracy = 9.8
test_ensemble accuracy = 10.0
Total time since training starts:  11561.7928

Epoch: 183
Epoch 183, train accuracy = 9.882
test_ensemble accuracy = 10.0
Total time since training starts:  11626.3275

Epoch: 184
Epoch 184, train accuracy = 9.798
test_ensemble accuracy = 10.0
Total time since training starts:  11690.8533

Epoch: 185
Epoch 185, train accuracy = 9.966
test_ensemble accuracy = 10.0
Total time since training starts:  11755.3974

Epoch: 186
Epoch 186, train accuracy = 9.71
test_ensemble accuracy = 10.0
Total time since training starts:  11819.9591

Epoch: 187
Epoch 187, train accuracy = 9.746
test_ensemble accuracy = 10.0
Total time since training starts:  11884.3556

Epoch: 188
Epoch 188, train accuracy = 9.956
test_ensemble accuracy = 10.0
Total time since training starts:  11948.7508

Epoch: 189
Epoch 189, train accuracy = 9.786
test_ensemble accuracy = 10.0
Total time since training starts:  12013.1442

Epoch: 190
Epoch 190, train accuracy = 10.168
test_ensemble accuracy = 10.0
Total time since training starts:  12077.5592

Epoch: 191
Epoch 191, train accuracy = 9.838
test_ensemble accuracy = 10.0
Total time since training starts:  12141.9446

Epoch: 192
Epoch 192, train accuracy = 9.904
test_ensemble accuracy = 10.0
Total time since training starts:  12206.3284

Epoch: 193
Epoch 193, train accuracy = 10.166
test_ensemble accuracy = 10.0
Total time since training starts:  12270.7041

Epoch: 194
Epoch 194, train accuracy = 10.108
test_ensemble accuracy = 10.0
Total time since training starts:  12335.0721

Epoch: 195
Epoch 195, train accuracy = 9.96
test_ensemble accuracy = 10.0
Total time since training starts:  12399.4403

Epoch: 196
Epoch 196, train accuracy = 10.006
test_ensemble accuracy = 10.0
Total time since training starts:  12463.8108

Epoch: 197
Epoch 197, train accuracy = 9.938
test_ensemble accuracy = 10.0
Total time since training starts:  12528.1703

Epoch: 198
Epoch 198, train accuracy = 9.708
test_ensemble accuracy = 10.0
Total time since training starts:  12592.5213

Epoch: 199
Epoch 199, train accuracy = 10.004
test_ensemble accuracy = 10.0
Total time since training starts:  12656.8926
