Files already downloaded and verified
==> Building model..

Epoch: 0
Epoch 0, train accuracy = 13.636
test_ensemble accuracy = 23.83
Saving..
Total time since training starts:  76.0979

Epoch: 1
Epoch 1, train accuracy = 27.01
test_ensemble accuracy = 26.52
Saving..
Total time since training starts:  152.4736

Epoch: 2
Epoch 2, train accuracy = 26.69
test_ensemble accuracy = 28.54
Saving..
Total time since training starts:  229.2191

Epoch: 3
Epoch 3, train accuracy = 35.194
test_ensemble accuracy = 34.12
Saving..
Total time since training starts:  305.9062

Epoch: 4
Epoch 4, train accuracy = 39.798
test_ensemble accuracy = 40.76
Saving..
Total time since training starts:  382.6169

Epoch: 5
Epoch 5, train accuracy = 42.23
test_ensemble accuracy = 42.25
Saving..
Total time since training starts:  460.4573

Epoch: 6
Epoch 6, train accuracy = 42.336
test_ensemble accuracy = 43.58
Saving..
Total time since training starts:  538.1441

Epoch: 7
Epoch 7, train accuracy = 44.678
test_ensemble accuracy = 45.09
Saving..
Total time since training starts:  616.1868

Epoch: 8
Epoch 8, train accuracy = 45.744
test_ensemble accuracy = 43.71
Total time since training starts:  694.1843

Epoch: 9
Epoch 9, train accuracy = 46.294
test_ensemble accuracy = 45.85
Saving..
Total time since training starts:  771.4555

Epoch: 10
Epoch 10, train accuracy = 47.25
test_ensemble accuracy = 42.85
Total time since training starts:  848.9783

Epoch: 11
Epoch 11, train accuracy = 47.678
test_ensemble accuracy = 32.52
Total time since training starts:  926.5131

Epoch: 12
Epoch 12, train accuracy = 47.112
test_ensemble accuracy = 45.94
Saving..
Total time since training starts:  1004.2552

Epoch: 13
Epoch 13, train accuracy = 48.742
test_ensemble accuracy = 44.4
Total time since training starts:  1081.7516

Epoch: 14
Epoch 14, train accuracy = 48.862
test_ensemble accuracy = 46.66
Saving..
Total time since training starts:  1159.641

Epoch: 15
Epoch 15, train accuracy = 49.196
test_ensemble accuracy = 45.67
Total time since training starts:  1236.8573

Epoch: 16
Epoch 16, train accuracy = 49.01
test_ensemble accuracy = 43.45
Total time since training starts:  1313.8656

Epoch: 17
Epoch 17, train accuracy = 49.364
test_ensemble accuracy = 38.66
Total time since training starts:  1391.573

Epoch: 18
Epoch 18, train accuracy = 48.252
test_ensemble accuracy = 47.65
Saving..
Total time since training starts:  1469.2155

Epoch: 19
Epoch 19, train accuracy = 49.212
test_ensemble accuracy = 43.36
Total time since training starts:  1547.1618

Epoch: 20
Epoch 20, train accuracy = 49.388
test_ensemble accuracy = 43.71
Total time since training starts:  1624.5312

Epoch: 21
Epoch 21, train accuracy = 50.12
test_ensemble accuracy = 37.41
Total time since training starts:  1702.4132

Epoch: 22
Epoch 22, train accuracy = 49.256
test_ensemble accuracy = 46.68
Total time since training starts:  1779.6832

Epoch: 23
Epoch 23, train accuracy = 50.146
test_ensemble accuracy = 46.06
Total time since training starts:  1857.1171

Epoch: 24
Epoch 24, train accuracy = 49.634
test_ensemble accuracy = 46.38
Total time since training starts:  1934.3131

Epoch: 25
Epoch 25, train accuracy = 50.092
test_ensemble accuracy = 42.63
Total time since training starts:  2011.8366

Epoch: 26
Epoch 26, train accuracy = 50.566
test_ensemble accuracy = 45.89
Total time since training starts:  2089.7437

Epoch: 27
Epoch 27, train accuracy = 49.776
test_ensemble accuracy = 46.63
Total time since training starts:  2167.5132

Epoch: 28
Epoch 28, train accuracy = 49.82
test_ensemble accuracy = 44.08
Total time since training starts:  2245.1541

Epoch: 29
Epoch 29, train accuracy = 50.304
test_ensemble accuracy = 46.02
Total time since training starts:  2322.806

Epoch: 30
Epoch 30, train accuracy = 50.066
test_ensemble accuracy = 43.39
Total time since training starts:  2400.1069

Epoch: 31
Epoch 31, train accuracy = 49.334
test_ensemble accuracy = 41.35
Total time since training starts:  2477.5621

Epoch: 32
Epoch 32, train accuracy = 49.412
test_ensemble accuracy = 39.29
Total time since training starts:  2554.8612

Epoch: 33
Epoch 33, train accuracy = 50.858
test_ensemble accuracy = 41.53
Total time since training starts:  2632.0119

Epoch: 34
Epoch 34, train accuracy = 50.546
test_ensemble accuracy = 46.11
Total time since training starts:  2709.5341

Epoch: 35
Epoch 35, train accuracy = 49.542
test_ensemble accuracy = 42.0
Total time since training starts:  2786.6613

Epoch: 36
Epoch 36, train accuracy = 50.898
test_ensemble accuracy = 45.65
Total time since training starts:  2863.2807

Epoch: 37
Epoch 37, train accuracy = 51.664
test_ensemble accuracy = 43.18
Total time since training starts:  2940.0049

Epoch: 38
Epoch 38, train accuracy = 50.568
test_ensemble accuracy = 46.59
Total time since training starts:  3017.4792

Epoch: 39
Epoch 39, train accuracy = 51.462
test_ensemble accuracy = 45.93
Total time since training starts:  3094.6304

Epoch: 40
Epoch 40, train accuracy = 52.05
test_ensemble accuracy = 39.62
Total time since training starts:  3171.5015

Epoch: 41
Epoch 41, train accuracy = 51.022
test_ensemble accuracy = 45.81
Total time since training starts:  3249.0635

Epoch: 42
Epoch 42, train accuracy = 51.868
test_ensemble accuracy = 44.22
Total time since training starts:  3326.5976

Epoch: 43
Epoch 43, train accuracy = 51.498
test_ensemble accuracy = 41.98
Total time since training starts:  3403.3756

Epoch: 44
Epoch 44, train accuracy = 50.54
test_ensemble accuracy = 45.5
Total time since training starts:  3480.9314

Epoch: 45
Epoch 45, train accuracy = 51.33
test_ensemble accuracy = 45.41
Total time since training starts:  3558.1254

Epoch: 46
Epoch 46, train accuracy = 51.256
test_ensemble accuracy = 41.43
Total time since training starts:  3635.3284

Epoch: 47
Epoch 47, train accuracy = 51.66
test_ensemble accuracy = 43.39
Total time since training starts:  3711.7095

Epoch: 48
Epoch 48, train accuracy = 51.448
test_ensemble accuracy = 47.61
Total time since training starts:  3788.1157

Epoch: 49
Epoch 49, train accuracy = 51.712
test_ensemble accuracy = 40.62
Total time since training starts:  3865.6334

Epoch: 50
Epoch 50, train accuracy = 50.732
test_ensemble accuracy = 40.18
Total time since training starts:  3942.525

Epoch: 51
Epoch 51, train accuracy = 52.26
test_ensemble accuracy = 45.79
Total time since training starts:  4019.2402

Epoch: 52
Epoch 52, train accuracy = 51.622
test_ensemble accuracy = 46.03
Total time since training starts:  4096.3918

Epoch: 53
Epoch 53, train accuracy = 50.418
test_ensemble accuracy = 42.12
Total time since training starts:  4172.9247

Epoch: 54
Epoch 54, train accuracy = 51.722
test_ensemble accuracy = 41.19
Total time since training starts:  4249.5064

Epoch: 55
Epoch 55, train accuracy = 50.52
test_ensemble accuracy = 43.97
Total time since training starts:  4326.3124

Epoch: 56
Epoch 56, train accuracy = 50.404
test_ensemble accuracy = 42.88
Total time since training starts:  4402.9914

Epoch: 57
Epoch 57, train accuracy = 49.996
test_ensemble accuracy = 43.74
Total time since training starts:  4479.9199

Epoch: 58
Epoch 58, train accuracy = 49.84
test_ensemble accuracy = 42.34
Total time since training starts:  4557.2458

Epoch: 59
Epoch 59, train accuracy = 50.472
test_ensemble accuracy = 43.2
Total time since training starts:  4634.2023

Epoch: 60
Epoch 60, train accuracy = 50.244
test_ensemble accuracy = 42.09
Total time since training starts:  4711.3421

Epoch: 61
Epoch 61, train accuracy = 49.89
test_ensemble accuracy = 45.2
Total time since training starts:  4788.1541

Epoch: 62
Epoch 62, train accuracy = 49.422
test_ensemble accuracy = 42.52
Total time since training starts:  4865.4497

Epoch: 63
Epoch 63, train accuracy = 49.798
test_ensemble accuracy = 39.53
Total time since training starts:  4942.8174

Epoch: 64
Epoch 64, train accuracy = 49.694
test_ensemble accuracy = 38.63
Total time since training starts:  5020.6841

Epoch: 65
Epoch 65, train accuracy = 49.2
test_ensemble accuracy = 43.35
Total time since training starts:  5097.828

Epoch: 66
Epoch 66, train accuracy = 48.088
test_ensemble accuracy = 43.39
Total time since training starts:  5174.6074

Epoch: 67
Epoch 67, train accuracy = 35.524
test_ensemble accuracy = 10.02
Total time since training starts:  5251.2247

Epoch: 68
Epoch 68, train accuracy = 9.774
test_ensemble accuracy = 10.01
Total time since training starts:  5328.0245

Epoch: 69
Epoch 69, train accuracy = 10.004
test_ensemble accuracy = 10.01
Total time since training starts:  5407.8724

Epoch: 70
Epoch 70, train accuracy = 9.922
test_ensemble accuracy = 10.13
Total time since training starts:  5490.4617

Epoch: 71
Epoch 71, train accuracy = 9.812
test_ensemble accuracy = 9.95
Total time since training starts:  5572.8774

Epoch: 72
Epoch 72, train accuracy = 11.616
test_ensemble accuracy = 13.82
Total time since training starts:  5655.01

Epoch: 73
Epoch 73, train accuracy = 24.14
test_ensemble accuracy = 35.36
Total time since training starts:  5735.3157

Epoch: 74
Epoch 74, train accuracy = 44.27
test_ensemble accuracy = 35.94
Total time since training starts:  5812.9934

Epoch: 75
Epoch 75, train accuracy = 47.526
test_ensemble accuracy = 42.55
Total time since training starts:  5876.8748

Epoch: 76
Epoch 76, train accuracy = 48.036
test_ensemble accuracy = 44.53
Total time since training starts:  5936.2039

Epoch: 77
Epoch 77, train accuracy = 48.562
test_ensemble accuracy = 41.94
Total time since training starts:  6014.4016

Epoch: 78
Epoch 78, train accuracy = 47.164
test_ensemble accuracy = 40.6
Total time since training starts:  6091.9275

Epoch: 79
Epoch 79, train accuracy = 46.546
test_ensemble accuracy = 39.89
Total time since training starts:  6169.4115

Epoch: 80
Epoch 80, train accuracy = 43.362
test_ensemble accuracy = 41.64
Total time since training starts:  6246.9932

Epoch: 81
Epoch 81, train accuracy = 41.14
test_ensemble accuracy = 38.1
Total time since training starts:  6324.8021

Epoch: 82
Epoch 82, train accuracy = 43.014
test_ensemble accuracy = 40.13
Total time since training starts:  6402.4855

Epoch: 83
Epoch 83, train accuracy = 45.674
test_ensemble accuracy = 41.44
Total time since training starts:  6480.5279

Epoch: 84
Epoch 84, train accuracy = 45.396
test_ensemble accuracy = 38.83
Total time since training starts:  6558.2956

Epoch: 85
Epoch 85, train accuracy = 39.624
test_ensemble accuracy = 23.73
Total time since training starts:  6635.9477

Epoch: 86
Epoch 86, train accuracy = 29.894
test_ensemble accuracy = 30.64
Total time since training starts:  6713.3888

Epoch: 87
Epoch 87, train accuracy = 10.7
test_ensemble accuracy = 10.0
Total time since training starts:  6790.6674

Epoch: 88
Epoch 88, train accuracy = 9.972
test_ensemble accuracy = 10.0
Total time since training starts:  6869.7185

Epoch: 89
Epoch 89, train accuracy = 9.856
test_ensemble accuracy = 10.0
Total time since training starts:  6954.3486

Epoch: 90
Epoch 90, train accuracy = 9.878
test_ensemble accuracy = 10.0
Total time since training starts:  7038.0001

Epoch: 91
Epoch 91, train accuracy = 9.726
test_ensemble accuracy = 10.0
Total time since training starts:  7121.8293

Epoch: 92
Epoch 92, train accuracy = 9.902
test_ensemble accuracy = 10.0
Total time since training starts:  7205.9131

Epoch: 93
Epoch 93, train accuracy = 10.01
test_ensemble accuracy = 10.0
Total time since training starts:  7289.788

Epoch: 94
Epoch 94, train accuracy = 9.828
test_ensemble accuracy = 10.0
Total time since training starts:  7373.5876

Epoch: 95
Epoch 95, train accuracy = 10.208
test_ensemble accuracy = 10.0
Total time since training starts:  7457.658

Epoch: 96
Epoch 96, train accuracy = 9.694
test_ensemble accuracy = 10.0
Total time since training starts:  7541.5195

Epoch: 97
Epoch 97, train accuracy = 9.81
test_ensemble accuracy = 10.0
Total time since training starts:  7625.0862

Epoch: 98
Epoch 98, train accuracy = 9.784
test_ensemble accuracy = 10.0
Total time since training starts:  7708.5062

Epoch: 99
Epoch 99, train accuracy = 10.048
test_ensemble accuracy = 10.0
Total time since training starts:  7791.4044

Epoch: 100
Epoch 100, train accuracy = 10.286
test_ensemble accuracy = 10.0
Total time since training starts:  7874.4074

Epoch: 101
Epoch 101, train accuracy = 9.824
test_ensemble accuracy = 10.0
Total time since training starts:  7958.1057

Epoch: 102
Epoch 102, train accuracy = 9.77
test_ensemble accuracy = 10.0
Total time since training starts:  8041.3403

Epoch: 103
Epoch 103, train accuracy = 10.08
test_ensemble accuracy = 10.0
Total time since training starts:  8125.0092

Epoch: 104
Epoch 104, train accuracy = 9.964
test_ensemble accuracy = 10.0
Total time since training starts:  8208.7341

Epoch: 105
Epoch 105, train accuracy = 9.822
test_ensemble accuracy = 10.0
Total time since training starts:  8292.2145

Epoch: 106
Epoch 106, train accuracy = 9.58
test_ensemble accuracy = 10.0
Total time since training starts:  8375.9856

Epoch: 107
Epoch 107, train accuracy = 10.198
test_ensemble accuracy = 10.0
Total time since training starts:  8459.7102

Epoch: 108
Epoch 108, train accuracy = 10.012
test_ensemble accuracy = 10.0
Total time since training starts:  8543.7115

Epoch: 109
Epoch 109, train accuracy = 9.862
test_ensemble accuracy = 10.0
Total time since training starts:  8627.3063

Epoch: 110
Epoch 110, train accuracy = 9.922
test_ensemble accuracy = 10.0
Total time since training starts:  8710.7478

Epoch: 111
Epoch 111, train accuracy = 9.834
test_ensemble accuracy = 10.0
Total time since training starts:  8794.0905

Epoch: 112
Epoch 112, train accuracy = 9.986
test_ensemble accuracy = 10.0
Total time since training starts:  8877.2764

Epoch: 113
Epoch 113, train accuracy = 10.17
test_ensemble accuracy = 10.0
Total time since training starts:  8960.8967

Epoch: 114
Epoch 114, train accuracy = 10.14
test_ensemble accuracy = 10.0
Total time since training starts:  9044.4789

Epoch: 115
Epoch 115, train accuracy = 9.89
test_ensemble accuracy = 10.0
Total time since training starts:  9127.8308

Epoch: 116
Epoch 116, train accuracy = 9.916
test_ensemble accuracy = 10.0
Total time since training starts:  9211.1943

Epoch: 117
Epoch 117, train accuracy = 10.002
test_ensemble accuracy = 10.0
Total time since training starts:  9294.4483

Epoch: 118
Epoch 118, train accuracy = 10.102
test_ensemble accuracy = 10.0
Total time since training starts:  9377.3327

Epoch: 119
Epoch 119, train accuracy = 9.96
test_ensemble accuracy = 10.0
Total time since training starts:  9461.1466

Epoch: 120
Epoch 120, train accuracy = 10.088
test_ensemble accuracy = 10.0
Total time since training starts:  9545.2568

Epoch: 121
Epoch 121, train accuracy = 9.752
test_ensemble accuracy = 10.0
Total time since training starts:  9628.9664

Epoch: 122
Epoch 122, train accuracy = 10.244
test_ensemble accuracy = 10.0
Total time since training starts:  9712.8352

Epoch: 123
Epoch 123, train accuracy = 10.022
test_ensemble accuracy = 10.0
Total time since training starts:  9795.9583

Epoch: 124
Epoch 124, train accuracy = 9.96
test_ensemble accuracy = 10.0
Total time since training starts:  9879.1156

Epoch: 125
Epoch 125, train accuracy = 9.894
test_ensemble accuracy = 10.0
Total time since training starts:  9962.3641

Epoch: 126
Epoch 126, train accuracy = 9.678
test_ensemble accuracy = 10.0
Total time since training starts:  10045.6256

Epoch: 127
Epoch 127, train accuracy = 10.064
test_ensemble accuracy = 10.0
Total time since training starts:  10128.8561

Epoch: 128
Epoch 128, train accuracy = 9.778
test_ensemble accuracy = 10.0
Total time since training starts:  10211.852

Epoch: 129
Epoch 129, train accuracy = 9.852
test_ensemble accuracy = 10.0
Total time since training starts:  10294.8451

Epoch: 130
Epoch 130, train accuracy = 10.202
test_ensemble accuracy = 10.0
Total time since training starts:  10377.7982

Epoch: 131
Epoch 131, train accuracy = 10.174
test_ensemble accuracy = 10.0
Total time since training starts:  10460.9752

Epoch: 132
Epoch 132, train accuracy = 9.77
test_ensemble accuracy = 10.0
Total time since training starts:  10544.9512

Epoch: 133
Epoch 133, train accuracy = 9.958
test_ensemble accuracy = 10.0
Total time since training starts:  10627.7174

Epoch: 134
Epoch 134, train accuracy = 9.928
test_ensemble accuracy = 10.0
Total time since training starts:  10710.8446

Epoch: 135
Epoch 135, train accuracy = 10.09
test_ensemble accuracy = 10.0
Total time since training starts:  10793.8515

Epoch: 136
Epoch 136, train accuracy = 10.23
test_ensemble accuracy = 10.0
Total time since training starts:  10877.2205

Epoch: 137
Epoch 137, train accuracy = 9.982
test_ensemble accuracy = 10.0
Total time since training starts:  10959.5205

Epoch: 138
Epoch 138, train accuracy = 9.884
test_ensemble accuracy = 10.0
Total time since training starts:  11041.9109

Epoch: 139
Epoch 139, train accuracy = 9.932
test_ensemble accuracy = 10.0
Total time since training starts:  11125.1989

Epoch: 140
Epoch 140, train accuracy = 10.082
test_ensemble accuracy = 10.0
Total time since training starts:  11208.781

Epoch: 141
Epoch 141, train accuracy = 9.926
test_ensemble accuracy = 10.0
Total time since training starts:  11291.8843

Epoch: 142
Epoch 142, train accuracy = 9.872
test_ensemble accuracy = 10.0
Total time since training starts:  11374.6953

Epoch: 143
Epoch 143, train accuracy = 9.902
test_ensemble accuracy = 10.0
Total time since training starts:  11458.3288

Epoch: 144
Epoch 144, train accuracy = 9.94
test_ensemble accuracy = 10.0
Total time since training starts:  11541.883

Epoch: 145
Epoch 145, train accuracy = 9.77
test_ensemble accuracy = 10.0
Total time since training starts:  11624.8239

Epoch: 146
Epoch 146, train accuracy = 9.722
test_ensemble accuracy = 10.0
Total time since training starts:  11707.9003

Epoch: 147
Epoch 147, train accuracy = 9.93
test_ensemble accuracy = 10.0
Total time since training starts:  11790.7985

Epoch: 148
Epoch 148, train accuracy = 10.166
test_ensemble accuracy = 10.0
Total time since training starts:  11873.2062

Epoch: 149
Epoch 149, train accuracy = 10.088
test_ensemble accuracy = 10.0
Total time since training starts:  11956.2429

Epoch: 150
Epoch 150, train accuracy = 9.976
test_ensemble accuracy = 10.0
Total time since training starts:  12039.0975

Epoch: 151
Epoch 151, train accuracy = 9.866
test_ensemble accuracy = 10.0
Total time since training starts:  12122.2878

Epoch: 152
Epoch 152, train accuracy = 10.022
test_ensemble accuracy = 10.0
Total time since training starts:  12205.1112

Epoch: 153
Epoch 153, train accuracy = 10.0
test_ensemble accuracy = 10.0
Total time since training starts:  12288.3274

Epoch: 154
Epoch 154, train accuracy = 9.922
test_ensemble accuracy = 10.0
Total time since training starts:  12371.5014

Epoch: 155
Epoch 155, train accuracy = 9.898
test_ensemble accuracy = 10.0
Total time since training starts:  12454.6584

Epoch: 156
Epoch 156, train accuracy = 9.794
test_ensemble accuracy = 10.0
Total time since training starts:  12538.0677

Epoch: 157
Epoch 157, train accuracy = 9.978
test_ensemble accuracy = 10.0
Total time since training starts:  12620.8828

Epoch: 158
Epoch 158, train accuracy = 9.994
test_ensemble accuracy = 10.0
Total time since training starts:  12704.037

Epoch: 159
Epoch 159, train accuracy = 10.02
test_ensemble accuracy = 10.0
Total time since training starts:  12787.0637

Epoch: 160
Epoch 160, train accuracy = 9.908
test_ensemble accuracy = 10.0
Total time since training starts:  12870.1426

Epoch: 161
Epoch 161, train accuracy = 9.98
test_ensemble accuracy = 10.0
Total time since training starts:  12953.1252

Epoch: 162
Epoch 162, train accuracy = 10.01
test_ensemble accuracy = 10.0
Total time since training starts:  13036.2697

Epoch: 163
Epoch 163, train accuracy = 9.782
test_ensemble accuracy = 10.0
Total time since training starts:  13119.609

Epoch: 164
Epoch 164, train accuracy = 10.176
test_ensemble accuracy = 10.0
Total time since training starts:  13202.0296

Epoch: 165
Epoch 165, train accuracy = 10.024
test_ensemble accuracy = 10.0
Total time since training starts:  13285.0503

Epoch: 166
Epoch 166, train accuracy = 9.654
test_ensemble accuracy = 10.0
Total time since training starts:  13368.656

Epoch: 167
Epoch 167, train accuracy = 9.994
test_ensemble accuracy = 10.0
Total time since training starts:  13451.1134

Epoch: 168
Epoch 168, train accuracy = 10.046
test_ensemble accuracy = 10.0
Total time since training starts:  13534.452

Epoch: 169
Epoch 169, train accuracy = 9.944
test_ensemble accuracy = 10.0
Total time since training starts:  13617.3608

Epoch: 170
Epoch 170, train accuracy = 9.874
test_ensemble accuracy = 10.0
Total time since training starts:  13700.3644

Epoch: 171
Epoch 171, train accuracy = 10.26
test_ensemble accuracy = 10.0
Total time since training starts:  13783.4524

Epoch: 172
Epoch 172, train accuracy = 10.008
test_ensemble accuracy = 10.0
Total time since training starts:  13867.9145

Epoch: 173
Epoch 173, train accuracy = 10.038
test_ensemble accuracy = 10.0
Total time since training starts:  13945.2787

Epoch: 174
Epoch 174, train accuracy = 10.096
test_ensemble accuracy = 10.0
Total time since training starts:  14024.8339

Epoch: 175
Epoch 175, train accuracy = 9.77
test_ensemble accuracy = 10.0
Total time since training starts:  14102.307

Epoch: 176
Epoch 176, train accuracy = 10.046
test_ensemble accuracy = 10.0
Total time since training starts:  14173.6096

Epoch: 177
Epoch 177, train accuracy = 9.99
test_ensemble accuracy = 10.0
Total time since training starts:  14235.7574

Epoch: 178
Epoch 178, train accuracy = 10.07
test_ensemble accuracy = 10.0
Total time since training starts:  14298.4672

Epoch: 179
Epoch 179, train accuracy = 10.03
test_ensemble accuracy = 10.0
Total time since training starts:  14360.5666

Epoch: 180
Epoch 180, train accuracy = 9.856
test_ensemble accuracy = 10.0
Total time since training starts:  14428.1285

Epoch: 181
Epoch 181, train accuracy = 9.9
test_ensemble accuracy = 10.0
Total time since training starts:  14489.8793

Epoch: 182
Epoch 182, train accuracy = 9.988
test_ensemble accuracy = 10.0
Total time since training starts:  14551.9935

Epoch: 183
Epoch 183, train accuracy = 10.044
test_ensemble accuracy = 10.0
Total time since training starts:  14614.6819

Epoch: 184
Epoch 184, train accuracy = 10.024
test_ensemble accuracy = 10.0
Total time since training starts:  14676.8405

Epoch: 185
Epoch 185, train accuracy = 10.206
test_ensemble accuracy = 10.0
Total time since training starts:  14738.7271

Epoch: 186
Epoch 186, train accuracy = 9.96
test_ensemble accuracy = 10.0
Total time since training starts:  14800.7052

Epoch: 187
Epoch 187, train accuracy = 10.024
test_ensemble accuracy = 10.0
Total time since training starts:  14862.7304

Epoch: 188
Epoch 188, train accuracy = 10.15
test_ensemble accuracy = 10.0
Total time since training starts:  14941.0663

Epoch: 189
Epoch 189, train accuracy = 9.772
test_ensemble accuracy = 10.0
Total time since training starts:  15024.0051

Epoch: 190
Epoch 190, train accuracy = 10.21
test_ensemble accuracy = 10.0
Total time since training starts:  15107.3504

Epoch: 191
Epoch 191, train accuracy = 10.016
test_ensemble accuracy = 10.0
Total time since training starts:  15190.5354

Epoch: 192
Epoch 192, train accuracy = 10.116
test_ensemble accuracy = 10.0
Total time since training starts:  15270.0248

Epoch: 193
Epoch 193, train accuracy = 10.016
test_ensemble accuracy = 10.0
Total time since training starts:  15343.2557

Epoch: 194
Epoch 194, train accuracy = 9.972
test_ensemble accuracy = 10.0
Total time since training starts:  15405.3712

Epoch: 195
Epoch 195, train accuracy = 9.946
test_ensemble accuracy = 10.0
Total time since training starts:  15467.0566

Epoch: 196
Epoch 196, train accuracy = 9.9
test_ensemble accuracy = 10.0
Total time since training starts:  15528.9314

Epoch: 197
Epoch 197, train accuracy = 9.946
test_ensemble accuracy = 10.0
Total time since training starts:  15590.8157

Epoch: 198
Epoch 198, train accuracy = 9.826
test_ensemble accuracy = 10.0
Total time since training starts:  15652.6965

Epoch: 199
Epoch 199, train accuracy = 10.042
test_ensemble accuracy = 10.0
Total time since training starts:  15714.776
