Files already downloaded and verified
==> Building model..

Epoch: 0
Epoch 0, train accuracy = 20.052
test_ensemble accuracy = 27.27
Saving..
Total time since training starts:  75.1053

Epoch: 1
Epoch 1, train accuracy = 34.004
test_ensemble accuracy = 34.75
Saving..
Total time since training starts:  149.7601

Epoch: 2
Epoch 2, train accuracy = 39.39
test_ensemble accuracy = 36.11
Saving..
Total time since training starts:  224.5165

Epoch: 3
Epoch 3, train accuracy = 38.036
test_ensemble accuracy = 37.88
Saving..
Total time since training starts:  280.769

Epoch: 4
Epoch 4, train accuracy = 44.37
test_ensemble accuracy = 32.82
Total time since training starts:  336.7848

Epoch: 5
Epoch 5, train accuracy = 45.33
test_ensemble accuracy = 36.3
Total time since training starts:  393.1488

Epoch: 6
Epoch 6, train accuracy = 47.206
test_ensemble accuracy = 45.33
Saving..
Total time since training starts:  449.4625

Epoch: 7
Epoch 7, train accuracy = 48.716
test_ensemble accuracy = 48.37
Saving..
Total time since training starts:  505.6666

Epoch: 8
Epoch 8, train accuracy = 49.52
test_ensemble accuracy = 45.26
Total time since training starts:  561.9091

Epoch: 9
Epoch 9, train accuracy = 49.402
test_ensemble accuracy = 34.5
Total time since training starts:  618.111

Epoch: 10
Epoch 10, train accuracy = 50.424
test_ensemble accuracy = 45.29
Total time since training starts:  691.4958

Epoch: 11
Epoch 11, train accuracy = 50.834
test_ensemble accuracy = 48.09
Total time since training starts:  767.0702

Epoch: 12
Epoch 12, train accuracy = 51.328
test_ensemble accuracy = 46.02
Total time since training starts:  842.7691

Epoch: 13
Epoch 13, train accuracy = 51.592
test_ensemble accuracy = 49.49
Saving..
Total time since training starts:  918.8828

Epoch: 14
Epoch 14, train accuracy = 51.614
test_ensemble accuracy = 49.58
Saving..
Total time since training starts:  994.311

Epoch: 15
Epoch 15, train accuracy = 51.982
test_ensemble accuracy = 49.8
Saving..
Total time since training starts:  1069.487

Epoch: 16
Epoch 16, train accuracy = 52.224
test_ensemble accuracy = 49.16
Total time since training starts:  1144.8803

Epoch: 17
Epoch 17, train accuracy = 52.548
test_ensemble accuracy = 43.36
Total time since training starts:  1220.1361

Epoch: 18
Epoch 18, train accuracy = 51.978
test_ensemble accuracy = 47.94
Total time since training starts:  1295.3558

Epoch: 19
Epoch 19, train accuracy = 52.322
test_ensemble accuracy = 46.34
Total time since training starts:  1370.4672

Epoch: 20
Epoch 20, train accuracy = 53.062
test_ensemble accuracy = 49.41
Total time since training starts:  1445.7283

Epoch: 21
Epoch 21, train accuracy = 53.226
test_ensemble accuracy = 51.45
Saving..
Total time since training starts:  1520.829

Epoch: 22
Epoch 22, train accuracy = 53.212
test_ensemble accuracy = 44.65
Total time since training starts:  1596.2308

Epoch: 23
Epoch 23, train accuracy = 52.692
test_ensemble accuracy = 44.63
Total time since training starts:  1671.5157

Epoch: 24
Epoch 24, train accuracy = 53.556
test_ensemble accuracy = 48.8
Total time since training starts:  1746.7734

Epoch: 25
Epoch 25, train accuracy = 52.738
test_ensemble accuracy = 32.88
Total time since training starts:  1821.9415

Epoch: 26
Epoch 26, train accuracy = 52.004
test_ensemble accuracy = 47.31
Total time since training starts:  1897.2622

Epoch: 27
Epoch 27, train accuracy = 52.594
test_ensemble accuracy = 47.89
Total time since training starts:  1972.4641

Epoch: 28
Epoch 28, train accuracy = 53.104
test_ensemble accuracy = 45.92
Total time since training starts:  2047.8245

Epoch: 29
Epoch 29, train accuracy = 53.134
test_ensemble accuracy = 45.79
Total time since training starts:  2123.1286

Epoch: 30
Epoch 30, train accuracy = 52.788
test_ensemble accuracy = 48.48
Total time since training starts:  2198.6683

Epoch: 31
Epoch 31, train accuracy = 52.238
test_ensemble accuracy = 44.36
Total time since training starts:  2273.3836

Epoch: 32
Epoch 32, train accuracy = 53.706
test_ensemble accuracy = 47.68
Total time since training starts:  2348.1751

Epoch: 33
Epoch 33, train accuracy = 52.784
test_ensemble accuracy = 44.93
Total time since training starts:  2422.9373

Epoch: 34
Epoch 34, train accuracy = 52.69
test_ensemble accuracy = 42.08
Total time since training starts:  2497.7764

Epoch: 35
Epoch 35, train accuracy = 50.456
test_ensemble accuracy = 46.74
Total time since training starts:  2572.6343

Epoch: 36
Epoch 36, train accuracy = 52.744
test_ensemble accuracy = 43.95
Total time since training starts:  2647.3926

Epoch: 37
Epoch 37, train accuracy = 51.77
test_ensemble accuracy = 44.26
Total time since training starts:  2722.0631

Epoch: 38
Epoch 38, train accuracy = 49.598
test_ensemble accuracy = 43.41
Total time since training starts:  2796.9097

Epoch: 39
Epoch 39, train accuracy = 20.508
test_ensemble accuracy = 10.0
Total time since training starts:  2871.1967

Epoch: 40
Epoch 40, train accuracy = 9.67
test_ensemble accuracy = 10.0
Total time since training starts:  2945.871

Epoch: 41
Epoch 41, train accuracy = 9.88
test_ensemble accuracy = 10.0
Total time since training starts:  3026.186

Epoch: 42
Epoch 42, train accuracy = 9.744
test_ensemble accuracy = 10.0
Total time since training starts:  3107.2962

Epoch: 43
Epoch 43, train accuracy = 9.746
test_ensemble accuracy = 10.0
Total time since training starts:  3188.4502

Epoch: 44
Epoch 44, train accuracy = 9.932
test_ensemble accuracy = 10.0
Total time since training starts:  3269.5013

Epoch: 45
Epoch 45, train accuracy = 9.804
test_ensemble accuracy = 10.0
Total time since training starts:  3350.5578

Epoch: 46
Epoch 46, train accuracy = 10.044
test_ensemble accuracy = 10.0
Total time since training starts:  3431.6952

Epoch: 47
Epoch 47, train accuracy = 9.894
test_ensemble accuracy = 10.0
Total time since training starts:  3512.7604

Epoch: 48
Epoch 48, train accuracy = 10.134
test_ensemble accuracy = 10.0
Total time since training starts:  3593.8801

Epoch: 49
Epoch 49, train accuracy = 10.262
test_ensemble accuracy = 10.0
Total time since training starts:  3675.0939

Epoch: 50
Epoch 50, train accuracy = 9.888
test_ensemble accuracy = 10.0
Total time since training starts:  3756.6376

Epoch: 51
Epoch 51, train accuracy = 9.89
test_ensemble accuracy = 10.0
Total time since training starts:  3838.254

Epoch: 52
Epoch 52, train accuracy = 9.892
test_ensemble accuracy = 10.0
Total time since training starts:  3920.1369

Epoch: 53
Epoch 53, train accuracy = 10.12
test_ensemble accuracy = 10.0
Total time since training starts:  4002.3148

Epoch: 54
Epoch 54, train accuracy = 9.9
test_ensemble accuracy = 10.0
Total time since training starts:  4083.9874

Epoch: 55
Epoch 55, train accuracy = 9.816
test_ensemble accuracy = 10.0
Total time since training starts:  4165.6557

Epoch: 56
Epoch 56, train accuracy = 9.898
test_ensemble accuracy = 10.0
Total time since training starts:  4247.5474

Epoch: 57
Epoch 57, train accuracy = 9.856
test_ensemble accuracy = 10.0
Total time since training starts:  4329.347

Epoch: 58
Epoch 58, train accuracy = 9.898
test_ensemble accuracy = 10.0
Total time since training starts:  4410.7118

Epoch: 59
Epoch 59, train accuracy = 9.954
test_ensemble accuracy = 10.0
Total time since training starts:  4491.8825

Epoch: 60
Epoch 60, train accuracy = 10.238
test_ensemble accuracy = 10.0
Total time since training starts:  4573.069

Epoch: 61
Epoch 61, train accuracy = 9.82
test_ensemble accuracy = 10.0
Total time since training starts:  4654.3447

Epoch: 62
Epoch 62, train accuracy = 9.902
test_ensemble accuracy = 10.0
Total time since training starts:  4735.945

Epoch: 63
Epoch 63, train accuracy = 9.902
test_ensemble accuracy = 10.0
Total time since training starts:  4817.5906

Epoch: 64
Epoch 64, train accuracy = 9.854
test_ensemble accuracy = 10.0
Total time since training starts:  4899.4938

Epoch: 65
Epoch 65, train accuracy = 9.954
test_ensemble accuracy = 10.0
Total time since training starts:  4981.5775

Epoch: 66
Epoch 66, train accuracy = 9.982
test_ensemble accuracy = 10.0
Total time since training starts:  5063.4934

Epoch: 67
Epoch 67, train accuracy = 9.784
test_ensemble accuracy = 10.0
Total time since training starts:  5145.782

Epoch: 68
Epoch 68, train accuracy = 10.146
test_ensemble accuracy = 10.0
Total time since training starts:  5228.1111

Epoch: 69
Epoch 69, train accuracy = 10.044
test_ensemble accuracy = 10.0
Total time since training starts:  5310.5831

Epoch: 70
Epoch 70, train accuracy = 10.194
test_ensemble accuracy = 10.0
Total time since training starts:  5392.7038

Epoch: 71
Epoch 71, train accuracy = 9.744
test_ensemble accuracy = 10.0
Total time since training starts:  5474.6826

Epoch: 72
Epoch 72, train accuracy = 9.884
test_ensemble accuracy = 10.0
Total time since training starts:  5556.3919

Epoch: 73
Epoch 73, train accuracy = 10.148
test_ensemble accuracy = 10.0
Total time since training starts:  5638.1026

Epoch: 74
Epoch 74, train accuracy = 9.974
test_ensemble accuracy = 10.0
Total time since training starts:  5719.8192

Epoch: 75
Epoch 75, train accuracy = 9.988
test_ensemble accuracy = 10.0
Total time since training starts:  5801.7068

Epoch: 76
Epoch 76, train accuracy = 9.89
test_ensemble accuracy = 10.0
Total time since training starts:  5883.4406

Epoch: 77
Epoch 77, train accuracy = 9.684
test_ensemble accuracy = 10.0
Total time since training starts:  5965.4462

Epoch: 78
Epoch 78, train accuracy = 10.0
test_ensemble accuracy = 10.0
Total time since training starts:  6047.9299

Epoch: 79
Epoch 79, train accuracy = 9.804
test_ensemble accuracy = 10.0
Total time since training starts:  6130.2166

Epoch: 80
Epoch 80, train accuracy = 9.694
test_ensemble accuracy = 10.0
Total time since training starts:  6212.7031

Epoch: 81
Epoch 81, train accuracy = 9.776
test_ensemble accuracy = 10.0
Total time since training starts:  6294.9989

Epoch: 82
Epoch 82, train accuracy = 10.06
test_ensemble accuracy = 10.0
Total time since training starts:  6377.255

Epoch: 83
Epoch 83, train accuracy = 9.788
test_ensemble accuracy = 10.0
Total time since training starts:  6459.3917

Epoch: 84
Epoch 84, train accuracy = 9.912
test_ensemble accuracy = 10.0
Total time since training starts:  6541.4794

Epoch: 85
Epoch 85, train accuracy = 9.816
test_ensemble accuracy = 10.0
Total time since training starts:  6623.2251

Epoch: 86
Epoch 86, train accuracy = 10.034
test_ensemble accuracy = 10.0
Total time since training starts:  6705.2792

Epoch: 87
Epoch 87, train accuracy = 10.134
test_ensemble accuracy = 10.0
Total time since training starts:  6787.2348

Epoch: 88
Epoch 88, train accuracy = 10.226
test_ensemble accuracy = 10.0
Total time since training starts:  6869.3464

Epoch: 89
Epoch 89, train accuracy = 9.908
test_ensemble accuracy = 10.0
Total time since training starts:  6951.0906

Epoch: 90
Epoch 90, train accuracy = 10.366
test_ensemble accuracy = 10.0
Total time since training starts:  7032.8479

Epoch: 91
Epoch 91, train accuracy = 10.118
test_ensemble accuracy = 10.0
Total time since training starts:  7114.365

Epoch: 92
Epoch 92, train accuracy = 9.97
test_ensemble accuracy = 10.0
Total time since training starts:  7196.4641

Epoch: 93
Epoch 93, train accuracy = 10.222
test_ensemble accuracy = 10.0
Total time since training starts:  7278.5061

Epoch: 94
Epoch 94, train accuracy = 9.994
test_ensemble accuracy = 10.0
Total time since training starts:  7360.3776

Epoch: 95
Epoch 95, train accuracy = 10.104
test_ensemble accuracy = 10.0
Total time since training starts:  7442.0565

Epoch: 96
Epoch 96, train accuracy = 9.902
test_ensemble accuracy = 10.0
Total time since training starts:  7524.0787

Epoch: 97
Epoch 97, train accuracy = 10.13
test_ensemble accuracy = 10.0
Total time since training starts:  7606.202

Epoch: 98
Epoch 98, train accuracy = 10.072
test_ensemble accuracy = 10.0
Total time since training starts:  7688.0978

Epoch: 99
Epoch 99, train accuracy = 9.896
test_ensemble accuracy = 10.0
Total time since training starts:  7770.1617

Epoch: 100
Epoch 100, train accuracy = 10.0
test_ensemble accuracy = 10.0
Total time since training starts:  7852.3427

Epoch: 101
Epoch 101, train accuracy = 10.034
test_ensemble accuracy = 10.0
Total time since training starts:  7934.3827

Epoch: 102
Epoch 102, train accuracy = 10.16
test_ensemble accuracy = 10.0
Total time since training starts:  8016.3176

Epoch: 103
Epoch 103, train accuracy = 9.844
test_ensemble accuracy = 10.0
Total time since training starts:  8098.2578

Epoch: 104
Epoch 104, train accuracy = 10.026
test_ensemble accuracy = 10.0
Total time since training starts:  8180.3088

Epoch: 105
Epoch 105, train accuracy = 10.212
test_ensemble accuracy = 10.0
Total time since training starts:  8262.4387

Epoch: 106
Epoch 106, train accuracy = 9.95
test_ensemble accuracy = 10.0
Total time since training starts:  8345.32

Epoch: 107
Epoch 107, train accuracy = 10.174
test_ensemble accuracy = 10.0
Total time since training starts:  8427.1125

Epoch: 108
Epoch 108, train accuracy = 10.014
test_ensemble accuracy = 10.0
Total time since training starts:  8509.0922

Epoch: 109
Epoch 109, train accuracy = 10.006
test_ensemble accuracy = 10.0
Total time since training starts:  8590.9823

Epoch: 110
Epoch 110, train accuracy = 9.79
test_ensemble accuracy = 10.0
Total time since training starts:  8672.7173

Epoch: 111
Epoch 111, train accuracy = 10.002
test_ensemble accuracy = 10.0
Total time since training starts:  8754.4668

Epoch: 112
Epoch 112, train accuracy = 9.894
test_ensemble accuracy = 10.0
Total time since training starts:  8836.2499

Epoch: 113
Epoch 113, train accuracy = 10.138
test_ensemble accuracy = 10.0
Total time since training starts:  8917.967

Epoch: 114
Epoch 114, train accuracy = 9.898
test_ensemble accuracy = 10.0
Total time since training starts:  8999.6876

Epoch: 115
Epoch 115, train accuracy = 9.766
test_ensemble accuracy = 10.0
Total time since training starts:  9081.7448

Epoch: 116
Epoch 116, train accuracy = 9.678
test_ensemble accuracy = 10.0
Total time since training starts:  9163.7886

Epoch: 117
Epoch 117, train accuracy = 10.046
test_ensemble accuracy = 10.0
Total time since training starts:  9245.6755

Epoch: 118
Epoch 118, train accuracy = 10.108
test_ensemble accuracy = 10.0
Total time since training starts:  9327.5663

Epoch: 119
Epoch 119, train accuracy = 10.194
test_ensemble accuracy = 10.0
Total time since training starts:  9410.1253

Epoch: 120
Epoch 120, train accuracy = 9.984
test_ensemble accuracy = 10.0
Total time since training starts:  9492.8365

Epoch: 121
Epoch 121, train accuracy = 9.828
test_ensemble accuracy = 10.0
Total time since training starts:  9574.6276

Epoch: 122
Epoch 122, train accuracy = 9.952
test_ensemble accuracy = 10.0
Total time since training starts:  9656.6503

Epoch: 123
Epoch 123, train accuracy = 10.012
test_ensemble accuracy = 10.0
Total time since training starts:  9738.9917

Epoch: 124
Epoch 124, train accuracy = 10.078
test_ensemble accuracy = 10.0
Total time since training starts:  9820.4948

Epoch: 125
Epoch 125, train accuracy = 9.896
test_ensemble accuracy = 10.0
Total time since training starts:  9902.0814

Epoch: 126
Epoch 126, train accuracy = 10.042
test_ensemble accuracy = 10.0
Total time since training starts:  9983.9869

Epoch: 127
Epoch 127, train accuracy = 10.106
test_ensemble accuracy = 10.0
Total time since training starts:  10065.9364

Epoch: 128
Epoch 128, train accuracy = 9.88
test_ensemble accuracy = 10.0
Total time since training starts:  10148.0348

Epoch: 129
Epoch 129, train accuracy = 9.754
test_ensemble accuracy = 10.0
Total time since training starts:  10230.0085

Epoch: 130
Epoch 130, train accuracy = 9.908
test_ensemble accuracy = 10.0
Total time since training starts:  10311.5279

Epoch: 131
Epoch 131, train accuracy = 10.016
test_ensemble accuracy = 10.0
Total time since training starts:  10393.0582

Epoch: 132
Epoch 132, train accuracy = 9.68
test_ensemble accuracy = 10.0
Total time since training starts:  10474.3136

Epoch: 133
Epoch 133, train accuracy = 9.954
test_ensemble accuracy = 10.0
Total time since training starts:  10555.5681

Epoch: 134
Epoch 134, train accuracy = 9.97
test_ensemble accuracy = 10.0
Total time since training starts:  10636.9673

Epoch: 135
Epoch 135, train accuracy = 9.878
test_ensemble accuracy = 10.0
Total time since training starts:  10718.1782

Epoch: 136
Epoch 136, train accuracy = 10.112
test_ensemble accuracy = 10.0
Total time since training starts:  10799.3901

Epoch: 137
Epoch 137, train accuracy = 10.0
test_ensemble accuracy = 10.0
Total time since training starts:  10880.8099

Epoch: 138
Epoch 138, train accuracy = 10.078
test_ensemble accuracy = 10.0
Total time since training starts:  10963.694

Epoch: 139
Epoch 139, train accuracy = 9.854
test_ensemble accuracy = 10.0
Total time since training starts:  11045.1684

Epoch: 140
Epoch 140, train accuracy = 10.08
test_ensemble accuracy = 10.0
Total time since training starts:  11126.0797

Epoch: 141
Epoch 141, train accuracy = 9.876
test_ensemble accuracy = 10.0
Total time since training starts:  11207.1648

Epoch: 142
Epoch 142, train accuracy = 9.792
test_ensemble accuracy = 10.0
Total time since training starts:  11288.207

Epoch: 143
Epoch 143, train accuracy = 9.842
test_ensemble accuracy = 10.0
Total time since training starts:  11369.251

Epoch: 144
Epoch 144, train accuracy = 10.126
test_ensemble accuracy = 10.0
Total time since training starts:  11450.5113

Epoch: 145
Epoch 145, train accuracy = 9.988
test_ensemble accuracy = 10.0
Total time since training starts:  11531.4745

Epoch: 146
Epoch 146, train accuracy = 10.162
test_ensemble accuracy = 10.0
Total time since training starts:  11612.3298

Epoch: 147
Epoch 147, train accuracy = 9.826
test_ensemble accuracy = 10.0
Total time since training starts:  11693.4175

Epoch: 148
Epoch 148, train accuracy = 9.81
test_ensemble accuracy = 10.0
Total time since training starts:  11774.3637

Epoch: 149
Epoch 149, train accuracy = 10.028
test_ensemble accuracy = 10.0
Total time since training starts:  11855.3475

Epoch: 150
Epoch 150, train accuracy = 9.748
test_ensemble accuracy = 10.0
Total time since training starts:  11936.458

Epoch: 151
Epoch 151, train accuracy = 10.08
test_ensemble accuracy = 10.0
Total time since training starts:  12017.4014

Epoch: 152
Epoch 152, train accuracy = 9.92
test_ensemble accuracy = 10.0
Total time since training starts:  12098.3449

Epoch: 153
Epoch 153, train accuracy = 10.116
test_ensemble accuracy = 10.0
Total time since training starts:  12179.4376

Epoch: 154
Epoch 154, train accuracy = 9.938
test_ensemble accuracy = 10.0
Total time since training starts:  12260.4288

Epoch: 155
Epoch 155, train accuracy = 9.812
test_ensemble accuracy = 10.0
Total time since training starts:  12341.4415

Epoch: 156
Epoch 156, train accuracy = 9.892
test_ensemble accuracy = 10.0
Total time since training starts:  12422.2971

Epoch: 157
Epoch 157, train accuracy = 9.984
test_ensemble accuracy = 10.0
Total time since training starts:  12503.2159

Epoch: 158
Epoch 158, train accuracy = 10.084
test_ensemble accuracy = 10.0
Total time since training starts:  12584.0352

Epoch: 159
Epoch 159, train accuracy = 9.954
test_ensemble accuracy = 10.0
Total time since training starts:  12664.887

Epoch: 160
Epoch 160, train accuracy = 9.922
test_ensemble accuracy = 10.0
Total time since training starts:  12746.014

Epoch: 161
Epoch 161, train accuracy = 9.944
test_ensemble accuracy = 10.0
Total time since training starts:  12827.0451

Epoch: 162
Epoch 162, train accuracy = 9.892
test_ensemble accuracy = 10.0
Total time since training starts:  12907.9578

Epoch: 163
Epoch 163, train accuracy = 10.04
test_ensemble accuracy = 10.0
Total time since training starts:  12989.069

Epoch: 164
Epoch 164, train accuracy = 10.002
test_ensemble accuracy = 10.0
Total time since training starts:  13070.1555

Epoch: 165
Epoch 165, train accuracy = 10.018
test_ensemble accuracy = 10.0
Total time since training starts:  13151.2434

Epoch: 166
Epoch 166, train accuracy = 9.978
test_ensemble accuracy = 10.0
Total time since training starts:  13232.1964

Epoch: 167
Epoch 167, train accuracy = 10.04
test_ensemble accuracy = 10.0
Total time since training starts:  13313.0858

Epoch: 168
Epoch 168, train accuracy = 9.994
test_ensemble accuracy = 10.0
Total time since training starts:  13393.962

Epoch: 169
Epoch 169, train accuracy = 10.062
test_ensemble accuracy = 10.0
Total time since training starts:  13474.8195

Epoch: 170
Epoch 170, train accuracy = 10.16
test_ensemble accuracy = 10.0
Total time since training starts:  13555.6941

Epoch: 171
Epoch 171, train accuracy = 10.104
test_ensemble accuracy = 10.0
Total time since training starts:  13636.6615

Epoch: 172
Epoch 172, train accuracy = 10.044
test_ensemble accuracy = 10.0
Total time since training starts:  13717.6005

Epoch: 173
Epoch 173, train accuracy = 10.162
test_ensemble accuracy = 10.0
Total time since training starts:  13798.4475

Epoch: 174
Epoch 174, train accuracy = 9.934
test_ensemble accuracy = 10.0
Total time since training starts:  13879.2709

Epoch: 175
Epoch 175, train accuracy = 10.172
test_ensemble accuracy = 10.0
Total time since training starts:  13960.2067

Epoch: 176
Epoch 176, train accuracy = 9.918
test_ensemble accuracy = 10.0
Total time since training starts:  14041.0883

Epoch: 177
Epoch 177, train accuracy = 10.156
test_ensemble accuracy = 10.0
Total time since training starts:  14122.0736

Epoch: 178
Epoch 178, train accuracy = 10.008
test_ensemble accuracy = 10.0
Total time since training starts:  14202.9867

Epoch: 179
Epoch 179, train accuracy = 9.97
test_ensemble accuracy = 10.0
Total time since training starts:  14283.8822

Epoch: 180
Epoch 180, train accuracy = 9.832
test_ensemble accuracy = 10.0
Total time since training starts:  14364.7566

Epoch: 181
Epoch 181, train accuracy = 9.894
test_ensemble accuracy = 10.0
Total time since training starts:  14445.6265

Epoch: 182
Epoch 182, train accuracy = 10.006
test_ensemble accuracy = 10.0
Total time since training starts:  14526.5898

Epoch: 183
Epoch 183, train accuracy = 10.024
test_ensemble accuracy = 10.0
Total time since training starts:  14607.4352

Epoch: 184
Epoch 184, train accuracy = 9.994
test_ensemble accuracy = 10.0
Total time since training starts:  14688.2856

Epoch: 185
Epoch 185, train accuracy = 9.978
test_ensemble accuracy = 10.0
Total time since training starts:  14769.3061

Epoch: 186
Epoch 186, train accuracy = 9.89
test_ensemble accuracy = 10.0
Total time since training starts:  14850.179

Epoch: 187
Epoch 187, train accuracy = 9.932
test_ensemble accuracy = 10.0
Total time since training starts:  14931.0607

Epoch: 188
Epoch 188, train accuracy = 9.934
test_ensemble accuracy = 10.0
Total time since training starts:  15011.9031

Epoch: 189
Epoch 189, train accuracy = 10.05
test_ensemble accuracy = 10.0
Total time since training starts:  15092.7585

Epoch: 190
Epoch 190, train accuracy = 9.764
test_ensemble accuracy = 10.0
Total time since training starts:  15173.7343

Epoch: 191
Epoch 191, train accuracy = 10.132
test_ensemble accuracy = 10.0
Total time since training starts:  15254.6066

Epoch: 192
Epoch 192, train accuracy = 10.062
test_ensemble accuracy = 10.0
Total time since training starts:  15335.5177

Epoch: 193
Epoch 193, train accuracy = 9.968
test_ensemble accuracy = 10.0
Total time since training starts:  15416.455

Epoch: 194
Epoch 194, train accuracy = 9.804
test_ensemble accuracy = 10.0
Total time since training starts:  15497.3667

Epoch: 195
Epoch 195, train accuracy = 9.808
test_ensemble accuracy = 10.0
Total time since training starts:  15578.252

Epoch: 196
Epoch 196, train accuracy = 10.254
test_ensemble accuracy = 10.0
Total time since training starts:  15659.1398

Epoch: 197
Epoch 197, train accuracy = 9.948
test_ensemble accuracy = 10.0
Total time since training starts:  15739.9859

Epoch: 198
Epoch 198, train accuracy = 9.99
test_ensemble accuracy = 10.0
Total time since training starts:  15821.0686

Epoch: 199
Epoch 199, train accuracy = 9.968
test_ensemble accuracy = 10.0
Total time since training starts:  15902.0913
