Files already downloaded and verified
==> Building model..

Epoch: 0
Epoch 0, train accuracy = 14.58
test_ensemble accuracy = 15.65
Saving..
Total time since training starts:  81.6778

Epoch: 1
Epoch 1, train accuracy = 16.61
test_ensemble accuracy = 27.39
Saving..
Total time since training starts:  152.5354

Epoch: 2
Epoch 2, train accuracy = 29.45
test_ensemble accuracy = 36.5
Saving..
Total time since training starts:  223.385

Epoch: 3
Epoch 3, train accuracy = 36.512
test_ensemble accuracy = 37.43
Saving..
Total time since training starts:  295.7364

Epoch: 4
Epoch 4, train accuracy = 40.066
test_ensemble accuracy = 42.51
Saving..
Total time since training starts:  373.6139

Epoch: 5
Epoch 5, train accuracy = 42.512
test_ensemble accuracy = 43.29
Saving..
Total time since training starts:  452.2886

Epoch: 6
Epoch 6, train accuracy = 44.382
test_ensemble accuracy = 43.31
Saving..
Total time since training starts:  531.2645

Epoch: 7
Epoch 7, train accuracy = 45.196
test_ensemble accuracy = 44.44
Saving..
Total time since training starts:  611.4603

Epoch: 8
Epoch 8, train accuracy = 46.322
test_ensemble accuracy = 45.38
Saving..
Total time since training starts:  684.6945

Epoch: 9
Epoch 9, train accuracy = 47.116
test_ensemble accuracy = 44.83
Total time since training starts:  757.8167

Epoch: 10
Epoch 10, train accuracy = 47.848
test_ensemble accuracy = 43.65
Total time since training starts:  834.8584

Epoch: 11
Epoch 11, train accuracy = 48.052
test_ensemble accuracy = 45.6
Saving..
Total time since training starts:  902.0868

Epoch: 12
Epoch 12, train accuracy = 48.964
test_ensemble accuracy = 47.61
Saving..
Total time since training starts:  961.9856

Epoch: 13
Epoch 13, train accuracy = 49.148
test_ensemble accuracy = 46.52
Total time since training starts:  1021.8074

Epoch: 14
Epoch 14, train accuracy = 49.442
test_ensemble accuracy = 46.8
Total time since training starts:  1081.6775

Epoch: 15
Epoch 15, train accuracy = 49.874
test_ensemble accuracy = 44.52
Total time since training starts:  1141.4933

Epoch: 16
Epoch 16, train accuracy = 49.674
test_ensemble accuracy = 47.48
Total time since training starts:  1201.1602

Epoch: 17
Epoch 17, train accuracy = 50.496
test_ensemble accuracy = 45.4
Total time since training starts:  1260.7889

Epoch: 18
Epoch 18, train accuracy = 50.15
test_ensemble accuracy = 48.4
Saving..
Total time since training starts:  1320.5248

Epoch: 19
Epoch 19, train accuracy = 50.294
test_ensemble accuracy = 43.87
Total time since training starts:  1380.2759

Epoch: 20
Epoch 20, train accuracy = 50.56
test_ensemble accuracy = 49.1
Saving..
Total time since training starts:  1440.1011

Epoch: 21
Epoch 21, train accuracy = 50.764
test_ensemble accuracy = 43.69
Total time since training starts:  1500.0352

Epoch: 22
Epoch 22, train accuracy = 51.174
test_ensemble accuracy = 40.33
Total time since training starts:  1559.8265

Epoch: 23
Epoch 23, train accuracy = 50.54
test_ensemble accuracy = 44.71
Total time since training starts:  1619.5444

Epoch: 24
Epoch 24, train accuracy = 50.762
test_ensemble accuracy = 44.46
Total time since training starts:  1679.2295

Epoch: 25
Epoch 25, train accuracy = 50.932
test_ensemble accuracy = 48.48
Total time since training starts:  1738.9174

Epoch: 26
Epoch 26, train accuracy = 51.386
test_ensemble accuracy = 46.24
Total time since training starts:  1798.2142

Epoch: 27
Epoch 27, train accuracy = 51.236
test_ensemble accuracy = 46.09
Total time since training starts:  1857.6173

Epoch: 28
Epoch 28, train accuracy = 51.3
test_ensemble accuracy = 48.46
Total time since training starts:  1917.3258

Epoch: 29
Epoch 29, train accuracy = 51.046
test_ensemble accuracy = 45.28
Total time since training starts:  1976.9036

Epoch: 30
Epoch 30, train accuracy = 51.152
test_ensemble accuracy = 48.35
Total time since training starts:  2036.5606

Epoch: 31
Epoch 31, train accuracy = 51.184
test_ensemble accuracy = 46.26
Total time since training starts:  2095.6419

Epoch: 32
Epoch 32, train accuracy = 51.408
test_ensemble accuracy = 45.77
Total time since training starts:  2154.7733

Epoch: 33
Epoch 33, train accuracy = 51.042
test_ensemble accuracy = 48.18
Total time since training starts:  2213.7672

Epoch: 34
Epoch 34, train accuracy = 51.874
test_ensemble accuracy = 43.16
Total time since training starts:  2272.6478

Epoch: 35
Epoch 35, train accuracy = 51.464
test_ensemble accuracy = 44.26
Total time since training starts:  2331.5659

Epoch: 36
Epoch 36, train accuracy = 49.766
test_ensemble accuracy = 40.92
Total time since training starts:  2390.4389

Epoch: 37
Epoch 37, train accuracy = 50.232
test_ensemble accuracy = 45.8
Total time since training starts:  2449.2662

Epoch: 38
Epoch 38, train accuracy = 48.244
test_ensemble accuracy = 33.22
Total time since training starts:  2508.2441

Epoch: 39
Epoch 39, train accuracy = 43.478
test_ensemble accuracy = 43.18
Total time since training starts:  2566.9996

Epoch: 40
Epoch 40, train accuracy = 46.106
test_ensemble accuracy = 42.12
Total time since training starts:  2625.659

Epoch: 41
Epoch 41, train accuracy = 48.756
test_ensemble accuracy = 38.76
Total time since training starts:  2684.5915

Epoch: 42
Epoch 42, train accuracy = 45.582
test_ensemble accuracy = 43.13
Total time since training starts:  2743.3516

Epoch: 43
Epoch 43, train accuracy = 48.76
test_ensemble accuracy = 42.38
Total time since training starts:  2801.9817

Epoch: 44
Epoch 44, train accuracy = 47.662
test_ensemble accuracy = 41.61
Total time since training starts:  2860.7643

Epoch: 45
Epoch 45, train accuracy = 49.444
test_ensemble accuracy = 46.6
Total time since training starts:  2919.4585

Epoch: 46
Epoch 46, train accuracy = 50.148
test_ensemble accuracy = 42.05
Total time since training starts:  2978.4741

Epoch: 47
Epoch 47, train accuracy = 49.532
test_ensemble accuracy = 45.14
Total time since training starts:  3037.3054

Epoch: 48
Epoch 48, train accuracy = 49.184
test_ensemble accuracy = 44.24
Total time since training starts:  3109.3075

Epoch: 49
Epoch 49, train accuracy = 50.034
test_ensemble accuracy = 43.64
Total time since training starts:  3180.9031

Epoch: 50
Epoch 50, train accuracy = 50.504
test_ensemble accuracy = 44.05
Total time since training starts:  3252.4606

Epoch: 51
Epoch 51, train accuracy = 50.45
test_ensemble accuracy = 47.14
Total time since training starts:  3324.1963

Epoch: 52
Epoch 52, train accuracy = 48.608
test_ensemble accuracy = 10.0
Total time since training starts:  3396.0429

Epoch: 53
Epoch 53, train accuracy = 10.09
test_ensemble accuracy = 10.0
Total time since training starts:  3468.094

Epoch: 54
Epoch 54, train accuracy = 9.812
test_ensemble accuracy = 10.0
Total time since training starts:  3541.2248

Epoch: 55
Epoch 55, train accuracy = 9.692
test_ensemble accuracy = 10.0
Total time since training starts:  3620.0614

Epoch: 56
Epoch 56, train accuracy = 9.888
test_ensemble accuracy = 10.0
Total time since training starts:  3698.7931

Epoch: 57
Epoch 57, train accuracy = 9.96
test_ensemble accuracy = 10.0
Total time since training starts:  3777.2524

Epoch: 58
Epoch 58, train accuracy = 9.778
test_ensemble accuracy = 10.0
Total time since training starts:  3855.9888

Epoch: 59
Epoch 59, train accuracy = 9.9
test_ensemble accuracy = 10.0
Total time since training starts:  3934.5117

Epoch: 60
Epoch 60, train accuracy = 9.918
test_ensemble accuracy = 10.0
Total time since training starts:  4012.9385

Epoch: 61
Epoch 61, train accuracy = 9.944
test_ensemble accuracy = 10.0
Total time since training starts:  4091.0038

Epoch: 62
Epoch 62, train accuracy = 9.932
test_ensemble accuracy = 10.0
Total time since training starts:  4169.6072

Epoch: 63
Epoch 63, train accuracy = 9.884
test_ensemble accuracy = 10.0
Total time since training starts:  4248.2309

Epoch: 64
Epoch 64, train accuracy = 10.018
test_ensemble accuracy = 10.0
Total time since training starts:  4326.8718

Epoch: 65
Epoch 65, train accuracy = 9.648
test_ensemble accuracy = 10.0
Total time since training starts:  4405.5294

Epoch: 66
Epoch 66, train accuracy = 9.944
test_ensemble accuracy = 10.0
Total time since training starts:  4484.1615

Epoch: 67
Epoch 67, train accuracy = 10.044
test_ensemble accuracy = 10.0
Total time since training starts:  4562.8218

Epoch: 68
Epoch 68, train accuracy = 10.018
test_ensemble accuracy = 10.0
Total time since training starts:  4641.4519

Epoch: 69
Epoch 69, train accuracy = 9.97
test_ensemble accuracy = 10.0
Total time since training starts:  4720.0841

Epoch: 70
Epoch 70, train accuracy = 10.086
test_ensemble accuracy = 10.0
Total time since training starts:  4798.7392

Epoch: 71
Epoch 71, train accuracy = 9.952
test_ensemble accuracy = 10.0
Total time since training starts:  4877.3837

Epoch: 72
Epoch 72, train accuracy = 10.092
test_ensemble accuracy = 10.0
Total time since training starts:  4956.0346

Epoch: 73
Epoch 73, train accuracy = 9.77
test_ensemble accuracy = 10.0
Total time since training starts:  5034.689

Epoch: 74
Epoch 74, train accuracy = 9.684
test_ensemble accuracy = 10.0
Total time since training starts:  5113.2761

Epoch: 75
Epoch 75, train accuracy = 10.024
test_ensemble accuracy = 10.0
Total time since training starts:  5184.6891

Epoch: 76
Epoch 76, train accuracy = 10.234
test_ensemble accuracy = 10.0
Total time since training starts:  5248.9379

Epoch: 77
Epoch 77, train accuracy = 9.87
test_ensemble accuracy = 10.0
Total time since training starts:  5313.1347

Epoch: 78
Epoch 78, train accuracy = 9.918
test_ensemble accuracy = 10.0
Total time since training starts:  5377.2836

Epoch: 79
Epoch 79, train accuracy = 10.064
test_ensemble accuracy = 10.0
Total time since training starts:  5441.4306

Epoch: 80
Epoch 80, train accuracy = 9.988
test_ensemble accuracy = 10.0
Total time since training starts:  5505.5058

Epoch: 81
Epoch 81, train accuracy = 10.008
test_ensemble accuracy = 10.0
Total time since training starts:  5569.6167

Epoch: 82
Epoch 82, train accuracy = 9.946
test_ensemble accuracy = 10.0
Total time since training starts:  5633.8373

Epoch: 83
Epoch 83, train accuracy = 9.99
test_ensemble accuracy = 10.0
Total time since training starts:  5698.0778

Epoch: 84
Epoch 84, train accuracy = 10.11
test_ensemble accuracy = 10.0
Total time since training starts:  5762.3355

Epoch: 85
Epoch 85, train accuracy = 10.008
test_ensemble accuracy = 10.0
Total time since training starts:  5826.4534

Epoch: 86
Epoch 86, train accuracy = 9.882
test_ensemble accuracy = 10.0
Total time since training starts:  5890.6559

Epoch: 87
Epoch 87, train accuracy = 10.0
test_ensemble accuracy = 10.0
Total time since training starts:  5954.9585

Epoch: 88
Epoch 88, train accuracy = 9.778
test_ensemble accuracy = 10.0
Total time since training starts:  6019.0665

Epoch: 89
Epoch 89, train accuracy = 9.98
test_ensemble accuracy = 10.0
Total time since training starts:  6083.3941

Epoch: 90
Epoch 90, train accuracy = 9.776
test_ensemble accuracy = 10.0
Total time since training starts:  6147.6511

Epoch: 91
Epoch 91, train accuracy = 9.936
test_ensemble accuracy = 10.0
Total time since training starts:  6211.6242

Epoch: 92
Epoch 92, train accuracy = 10.174
test_ensemble accuracy = 10.0
Total time since training starts:  6275.8532

Epoch: 93
Epoch 93, train accuracy = 9.91
test_ensemble accuracy = 10.0
Total time since training starts:  6340.1707

Epoch: 94
Epoch 94, train accuracy = 9.898
test_ensemble accuracy = 10.0
Total time since training starts:  6404.1763

Epoch: 95
Epoch 95, train accuracy = 10.098
test_ensemble accuracy = 10.0
Total time since training starts:  6468.2168

Epoch: 96
Epoch 96, train accuracy = 10.02
test_ensemble accuracy = 10.0
Total time since training starts:  6532.315

Epoch: 97
Epoch 97, train accuracy = 9.98
test_ensemble accuracy = 10.0
Total time since training starts:  6596.7674

Epoch: 98
Epoch 98, train accuracy = 10.08
test_ensemble accuracy = 10.0
Total time since training starts:  6661.151

Epoch: 99
Epoch 99, train accuracy = 9.998
test_ensemble accuracy = 10.0
Total time since training starts:  6725.2697

Epoch: 100
Epoch 100, train accuracy = 9.87
test_ensemble accuracy = 10.0
Total time since training starts:  6789.3535

Epoch: 101
Epoch 101, train accuracy = 10.326
test_ensemble accuracy = 10.0
Total time since training starts:  6853.5077

Epoch: 102
Epoch 102, train accuracy = 9.996
test_ensemble accuracy = 10.0
Total time since training starts:  6917.6173

Epoch: 103
Epoch 103, train accuracy = 10.066
test_ensemble accuracy = 10.0
Total time since training starts:  6981.6351

Epoch: 104
Epoch 104, train accuracy = 9.98
test_ensemble accuracy = 10.0
Total time since training starts:  7046.0084

Epoch: 105
Epoch 105, train accuracy = 10.01
test_ensemble accuracy = 10.01
Total time since training starts:  7110.3879

Epoch: 106
Epoch 106, train accuracy = 9.832
test_ensemble accuracy = 10.01
Total time since training starts:  7174.3542

Epoch: 107
Epoch 107, train accuracy = 10.04
test_ensemble accuracy = 10.01
Total time since training starts:  7238.1849

Epoch: 108
Epoch 108, train accuracy = 10.034
test_ensemble accuracy = 10.01
Total time since training starts:  7301.9594

Epoch: 109
Epoch 109, train accuracy = 10.016
test_ensemble accuracy = 10.01
Total time since training starts:  7365.7097

Epoch: 110
Epoch 110, train accuracy = 9.938
test_ensemble accuracy = 10.0
Total time since training starts:  7442.1435

Epoch: 111
Epoch 111, train accuracy = 10.042
test_ensemble accuracy = 10.01
Total time since training starts:  7520.4596

Epoch: 112
Epoch 112, train accuracy = 10.112
test_ensemble accuracy = 10.01
Total time since training starts:  7598.9086

Epoch: 113
Epoch 113, train accuracy = 9.788
test_ensemble accuracy = 10.02
Total time since training starts:  7677.4754

Epoch: 114
Epoch 114, train accuracy = 9.98
test_ensemble accuracy = 10.01
Total time since training starts:  7755.6333

Epoch: 115
Epoch 115, train accuracy = 9.836
test_ensemble accuracy = 10.01
Total time since training starts:  7833.9135

Epoch: 116
Epoch 116, train accuracy = 9.918
test_ensemble accuracy = 10.01
Total time since training starts:  7911.9698

Epoch: 117
Epoch 117, train accuracy = 10.208
test_ensemble accuracy = 10.0
Total time since training starts:  7990.1615

Epoch: 118
Epoch 118, train accuracy = 9.976
test_ensemble accuracy = 10.02
Total time since training starts:  8068.2732

Epoch: 119
Epoch 119, train accuracy = 10.0
test_ensemble accuracy = 10.02
Total time since training starts:  8146.1823

Epoch: 120
Epoch 120, train accuracy = 9.844
test_ensemble accuracy = 10.01
Total time since training starts:  8224.295

Epoch: 121
Epoch 121, train accuracy = 9.836
test_ensemble accuracy = 10.02
Total time since training starts:  8302.0905

Epoch: 122
Epoch 122, train accuracy = 9.98
test_ensemble accuracy = 10.01
Total time since training starts:  8379.8469

Epoch: 123
Epoch 123, train accuracy = 10.172
test_ensemble accuracy = 10.0
Total time since training starts:  8457.5411

Epoch: 124
Epoch 124, train accuracy = 9.712
test_ensemble accuracy = 10.0
Total time since training starts:  8534.5777

Epoch: 125
Epoch 125, train accuracy = 10.06
test_ensemble accuracy = 10.01
Total time since training starts:  8611.689

Epoch: 126
Epoch 126, train accuracy = 9.958
test_ensemble accuracy = 10.0
Total time since training starts:  8688.6883

Epoch: 127
Epoch 127, train accuracy = 9.976
test_ensemble accuracy = 9.99
Total time since training starts:  8765.6603

Epoch: 128
Epoch 128, train accuracy = 10.104
test_ensemble accuracy = 10.0
Total time since training starts:  8842.6669

Epoch: 129
Epoch 129, train accuracy = 10.102
test_ensemble accuracy = 10.01
Total time since training starts:  8919.4021

Epoch: 130
Epoch 130, train accuracy = 10.072
test_ensemble accuracy = 10.0
Total time since training starts:  8995.9768

Epoch: 131
Epoch 131, train accuracy = 9.996
test_ensemble accuracy = 10.02
Total time since training starts:  9072.6525

Epoch: 132
Epoch 132, train accuracy = 10.208
test_ensemble accuracy = 10.01
Total time since training starts:  9149.4342

Epoch: 133
Epoch 133, train accuracy = 10.006
test_ensemble accuracy = 10.0
Total time since training starts:  9226.2018

Epoch: 134
Epoch 134, train accuracy = 9.98
test_ensemble accuracy = 10.02
Total time since training starts:  9290.3871

Epoch: 135
Epoch 135, train accuracy = 10.006
test_ensemble accuracy = 10.01
Total time since training starts:  9352.6208

Epoch: 136
Epoch 136, train accuracy = 10.204
test_ensemble accuracy = 10.0
Total time since training starts:  9436.252

Epoch: 137
Epoch 137, train accuracy = 9.898
test_ensemble accuracy = 10.02
Total time since training starts:  9513.9911

Epoch: 138
Epoch 138, train accuracy = 9.97
test_ensemble accuracy = 10.04
Total time since training starts:  9590.811

Epoch: 139
Epoch 139, train accuracy = 10.346
test_ensemble accuracy = 10.01
Total time since training starts:  9665.8058

Epoch: 140
Epoch 140, train accuracy = 9.8
test_ensemble accuracy = 10.0
Total time since training starts:  9740.6604

Epoch: 141
Epoch 141, train accuracy = 9.812
test_ensemble accuracy = 9.99
Total time since training starts:  9815.6311

Epoch: 142
Epoch 142, train accuracy = 9.85
test_ensemble accuracy = 9.99
Total time since training starts:  9890.6127

Epoch: 143
Epoch 143, train accuracy = 10.02
test_ensemble accuracy = 10.0
Total time since training starts:  9966.0925

Epoch: 144
Epoch 144, train accuracy = 11.484
test_ensemble accuracy = 31.48
Total time since training starts:  10040.8795

Epoch: 145
Epoch 145, train accuracy = 43.478
test_ensemble accuracy = 43.28
Total time since training starts:  10112.3743

Epoch: 146
Epoch 146, train accuracy = 48.048
test_ensemble accuracy = 45.74
Total time since training starts:  10183.46

Epoch: 147
Epoch 147, train accuracy = 49.178
test_ensemble accuracy = 39.89
Total time since training starts:  10254.5253

Epoch: 148
Epoch 148, train accuracy = 48.216
test_ensemble accuracy = 44.08
Total time since training starts:  10325.6797

Epoch: 149
Epoch 149, train accuracy = 47.758
test_ensemble accuracy = 43.71
Total time since training starts:  10396.7635

Epoch: 150
Epoch 150, train accuracy = 47.656
test_ensemble accuracy = 36.43
Total time since training starts:  10467.9231

Epoch: 151
Epoch 151, train accuracy = 46.828
test_ensemble accuracy = 40.68
Total time since training starts:  10539.3318

Epoch: 152
Epoch 152, train accuracy = 45.83
test_ensemble accuracy = 38.13
Total time since training starts:  10611.5824

Epoch: 153
Epoch 153, train accuracy = 44.6
test_ensemble accuracy = 41.73
Total time since training starts:  10683.6263

Epoch: 154
Epoch 154, train accuracy = 43.456
test_ensemble accuracy = 28.41
Total time since training starts:  10760.9028

Epoch: 155
Epoch 155, train accuracy = 42.068
test_ensemble accuracy = 41.46
Total time since training starts:  10833.4963

Epoch: 156
Epoch 156, train accuracy = 20.95
test_ensemble accuracy = 12.72
Total time since training starts:  10905.6898

Epoch: 157
Epoch 157, train accuracy = 10.592
test_ensemble accuracy = 10.02
Total time since training starts:  10977.7414

Epoch: 158
Epoch 158, train accuracy = 9.794
test_ensemble accuracy = 10.0
Total time since training starts:  11045.4853

Epoch: 159
Epoch 159, train accuracy = 9.944
test_ensemble accuracy = 10.01
Total time since training starts:  11108.4247

Epoch: 160
Epoch 160, train accuracy = 9.994
test_ensemble accuracy = 10.08
Total time since training starts:  11171.243

Epoch: 161
Epoch 161, train accuracy = 9.992
test_ensemble accuracy = 10.01
Total time since training starts:  11233.6769

Epoch: 162
Epoch 162, train accuracy = 10.01
test_ensemble accuracy = 10.06
Total time since training starts:  11296.0663

Epoch: 163
Epoch 163, train accuracy = 24.816
test_ensemble accuracy = 34.93
Total time since training starts:  11356.3342

Epoch: 164
Epoch 164, train accuracy = 23.674
test_ensemble accuracy = 10.01
Total time since training starts:  11414.9938

Epoch: 165
Epoch 165, train accuracy = 10.19
test_ensemble accuracy = 10.01
Total time since training starts:  11473.3529

Epoch: 166
Epoch 166, train accuracy = 10.128
test_ensemble accuracy = 10.0
Total time since training starts:  11534.7244

Epoch: 167
Epoch 167, train accuracy = 9.928
test_ensemble accuracy = 10.0
Total time since training starts:  11597.989

Epoch: 168
Epoch 168, train accuracy = 10.142
test_ensemble accuracy = 10.0
Total time since training starts:  11661.3672

Epoch: 169
Epoch 169, train accuracy = 10.062
test_ensemble accuracy = 9.99
Total time since training starts:  11724.5736

Epoch: 170
Epoch 170, train accuracy = 10.014
test_ensemble accuracy = 9.99
Total time since training starts:  11787.9728

Epoch: 171
Epoch 171, train accuracy = 10.09
test_ensemble accuracy = 10.0
Total time since training starts:  11851.3271

Epoch: 172
Epoch 172, train accuracy = 9.86
test_ensemble accuracy = 9.99
Total time since training starts:  11914.8667

Epoch: 173
Epoch 173, train accuracy = 10.102
test_ensemble accuracy = 9.99
Total time since training starts:  11978.3444

Epoch: 174
Epoch 174, train accuracy = 10.228
test_ensemble accuracy = 10.0
Total time since training starts:  12041.9139

Epoch: 175
Epoch 175, train accuracy = 9.904
test_ensemble accuracy = 10.0
Total time since training starts:  12105.1473

Epoch: 176
Epoch 176, train accuracy = 9.872
test_ensemble accuracy = 10.0
Total time since training starts:  12168.5915

Epoch: 177
Epoch 177, train accuracy = 10.006
test_ensemble accuracy = 9.99
Total time since training starts:  12231.9039

Epoch: 178
Epoch 178, train accuracy = 10.092
test_ensemble accuracy = 10.0
Total time since training starts:  12295.2746

Epoch: 179
Epoch 179, train accuracy = 9.866
test_ensemble accuracy = 10.0
Total time since training starts:  12358.9215

Epoch: 180
Epoch 180, train accuracy = 10.098
test_ensemble accuracy = 9.99
Total time since training starts:  12422.5731

Epoch: 181
Epoch 181, train accuracy = 9.922
test_ensemble accuracy = 10.0
Total time since training starts:  12486.0581

Epoch: 182
Epoch 182, train accuracy = 10.018
test_ensemble accuracy = 10.0
Total time since training starts:  12549.525

Epoch: 183
Epoch 183, train accuracy = 9.95
test_ensemble accuracy = 9.99
Total time since training starts:  12612.9258

Epoch: 184
Epoch 184, train accuracy = 10.044
test_ensemble accuracy = 10.0
Total time since training starts:  12676.4426

Epoch: 185
Epoch 185, train accuracy = 9.958
test_ensemble accuracy = 10.0
Total time since training starts:  12739.8489

Epoch: 186
Epoch 186, train accuracy = 9.802
test_ensemble accuracy = 10.0
Total time since training starts:  12803.0749

Epoch: 187
Epoch 187, train accuracy = 10.106
test_ensemble accuracy = 10.0
Total time since training starts:  12866.3316

Epoch: 188
Epoch 188, train accuracy = 9.956
test_ensemble accuracy = 10.0
Total time since training starts:  12929.6163

Epoch: 189
Epoch 189, train accuracy = 9.946
test_ensemble accuracy = 10.0
Total time since training starts:  12992.969

Epoch: 190
Epoch 190, train accuracy = 9.902
test_ensemble accuracy = 10.0
Total time since training starts:  13056.3736

Epoch: 191
Epoch 191, train accuracy = 10.05
test_ensemble accuracy = 10.0
Total time since training starts:  13119.6898

Epoch: 192
Epoch 192, train accuracy = 9.972
test_ensemble accuracy = 10.0
Total time since training starts:  13183.0323

Epoch: 193
Epoch 193, train accuracy = 9.788
test_ensemble accuracy = 10.0
Total time since training starts:  13246.3749

Epoch: 194
Epoch 194, train accuracy = 9.962
test_ensemble accuracy = 10.0
Total time since training starts:  13309.8154

Epoch: 195
Epoch 195, train accuracy = 9.988
test_ensemble accuracy = 10.0
Total time since training starts:  13373.3221

Epoch: 196
Epoch 196, train accuracy = 10.012
test_ensemble accuracy = 10.0
Total time since training starts:  13436.6539

Epoch: 197
Epoch 197, train accuracy = 10.058
test_ensemble accuracy = 10.0
Total time since training starts:  13500.101

Epoch: 198
Epoch 198, train accuracy = 9.922
test_ensemble accuracy = 10.01
Total time since training starts:  13563.4128

Epoch: 199
Epoch 199, train accuracy = 10.044
test_ensemble accuracy = 10.0
Total time since training starts:  13626.8453
