Files already downloaded and verified
==> Building model..

Epoch: 0
Epoch 0, train accuracy = 13.386
test_ensemble accuracy = 23.81
Saving..
Total time since training starts:  71.3275

Epoch: 1
Epoch 1, train accuracy = 24.758
test_ensemble accuracy = 29.55
Saving..
Total time since training starts:  140.4618

Epoch: 2
Epoch 2, train accuracy = 23.806
test_ensemble accuracy = 27.61
Total time since training starts:  210.4719

Epoch: 3
Epoch 3, train accuracy = 25.334
test_ensemble accuracy = 32.64
Saving..
Total time since training starts:  279.9289

Epoch: 4
Epoch 4, train accuracy = 32.54
test_ensemble accuracy = 35.88
Saving..
Total time since training starts:  349.8733

Epoch: 5
Epoch 5, train accuracy = 37.298
test_ensemble accuracy = 39.05
Saving..
Total time since training starts:  421.8648

Epoch: 6
Epoch 6, train accuracy = 40.606
test_ensemble accuracy = 40.66
Saving..
Total time since training starts:  494.5646

Epoch: 7
Epoch 7, train accuracy = 43.586
test_ensemble accuracy = 43.4
Saving..
Total time since training starts:  565.4823

Epoch: 8
Epoch 8, train accuracy = 44.696
test_ensemble accuracy = 42.12
Total time since training starts:  636.7215

Epoch: 9
Epoch 9, train accuracy = 45.842
test_ensemble accuracy = 45.06
Saving..
Total time since training starts:  707.7193

Epoch: 10
Epoch 10, train accuracy = 45.622
test_ensemble accuracy = 43.53
Total time since training starts:  778.7516

Epoch: 11
Epoch 11, train accuracy = 46.894
test_ensemble accuracy = 46.35
Saving..
Total time since training starts:  849.7971

Epoch: 12
Epoch 12, train accuracy = 47.04
test_ensemble accuracy = 45.33
Total time since training starts:  920.8283

Epoch: 13
Epoch 13, train accuracy = 47.678
test_ensemble accuracy = 46.82
Saving..
Total time since training starts:  992.1403

Epoch: 14
Epoch 14, train accuracy = 47.694
test_ensemble accuracy = 41.92
Total time since training starts:  1062.5412

Epoch: 15
Epoch 15, train accuracy = 47.306
test_ensemble accuracy = 44.92
Total time since training starts:  1120.4619

Epoch: 16
Epoch 16, train accuracy = 48.23
test_ensemble accuracy = 46.09
Total time since training starts:  1178.432

Epoch: 17
Epoch 17, train accuracy = 46.442
test_ensemble accuracy = 42.05
Total time since training starts:  1246.6129

Epoch: 18
Epoch 18, train accuracy = 47.686
test_ensemble accuracy = 45.22
Total time since training starts:  1317.3807

Epoch: 19
Epoch 19, train accuracy = 48.618
test_ensemble accuracy = 41.99
Total time since training starts:  1388.3957

Epoch: 20
Epoch 20, train accuracy = 48.378
test_ensemble accuracy = 44.25
Total time since training starts:  1459.4521

Epoch: 21
Epoch 21, train accuracy = 48.408
test_ensemble accuracy = 46.0
Total time since training starts:  1530.4444

Epoch: 22
Epoch 22, train accuracy = 48.474
test_ensemble accuracy = 47.22
Saving..
Total time since training starts:  1601.761

Epoch: 23
Epoch 23, train accuracy = 48.636
test_ensemble accuracy = 45.95
Total time since training starts:  1672.875

Epoch: 24
Epoch 24, train accuracy = 49.06
test_ensemble accuracy = 47.2
Total time since training starts:  1743.9964

Epoch: 25
Epoch 25, train accuracy = 49.028
test_ensemble accuracy = 45.1
Total time since training starts:  1815.1465

Epoch: 26
Epoch 26, train accuracy = 48.798
test_ensemble accuracy = 44.38
Total time since training starts:  1887.3938

Epoch: 27
Epoch 27, train accuracy = 49.288
test_ensemble accuracy = 46.63
Total time since training starts:  1958.2367

Epoch: 28
Epoch 28, train accuracy = 48.49
test_ensemble accuracy = 45.37
Total time since training starts:  2031.2886

Epoch: 29
Epoch 29, train accuracy = 48.85
test_ensemble accuracy = 44.43
Total time since training starts:  2102.4854

Epoch: 30
Epoch 30, train accuracy = 48.558
test_ensemble accuracy = 44.36
Total time since training starts:  2173.5707

Epoch: 31
Epoch 31, train accuracy = 49.236
test_ensemble accuracy = 45.17
Total time since training starts:  2243.8536

Epoch: 32
Epoch 32, train accuracy = 49.104
test_ensemble accuracy = 45.45
Total time since training starts:  2314.3125

Epoch: 33
Epoch 33, train accuracy = 49.018
test_ensemble accuracy = 42.98
Total time since training starts:  2384.5183

Epoch: 34
Epoch 34, train accuracy = 49.344
test_ensemble accuracy = 44.24
Total time since training starts:  2454.7522

Epoch: 35
Epoch 35, train accuracy = 46.946
test_ensemble accuracy = 39.46
Total time since training starts:  2525.9399

Epoch: 36
Epoch 36, train accuracy = 48.07
test_ensemble accuracy = 41.56
Total time since training starts:  2596.3763

Epoch: 37
Epoch 37, train accuracy = 47.754
test_ensemble accuracy = 44.4
Total time since training starts:  2670.3903

Epoch: 38
Epoch 38, train accuracy = 48.378
test_ensemble accuracy = 42.73
Total time since training starts:  2740.2465

Epoch: 39
Epoch 39, train accuracy = 48.558
test_ensemble accuracy = 44.82
Total time since training starts:  2810.3569

Epoch: 40
Epoch 40, train accuracy = 50.26
test_ensemble accuracy = 47.06
Total time since training starts:  2880.2751

Epoch: 41
Epoch 41, train accuracy = 49.812
test_ensemble accuracy = 44.11
Total time since training starts:  2950.4255

Epoch: 42
Epoch 42, train accuracy = 47.744
test_ensemble accuracy = 43.09
Total time since training starts:  3020.3413

Epoch: 43
Epoch 43, train accuracy = 47.416
test_ensemble accuracy = 44.7
Total time since training starts:  3082.086

Epoch: 44
Epoch 44, train accuracy = 48.482
test_ensemble accuracy = 44.71
Total time since training starts:  3155.0848

Epoch: 45
Epoch 45, train accuracy = 49.074
test_ensemble accuracy = 45.11
Total time since training starts:  3230.5903

Epoch: 46
Epoch 46, train accuracy = 48.356
test_ensemble accuracy = 39.28
Total time since training starts:  3306.3097

Epoch: 47
Epoch 47, train accuracy = 47.628
test_ensemble accuracy = 45.16
Total time since training starts:  3382.2487

Epoch: 48
Epoch 48, train accuracy = 48.55
test_ensemble accuracy = 46.23
Total time since training starts:  3458.0068

Epoch: 49
Epoch 49, train accuracy = 47.698
test_ensemble accuracy = 39.36
Total time since training starts:  3533.7987

Epoch: 50
Epoch 50, train accuracy = 48.66
test_ensemble accuracy = 46.15
Total time since training starts:  3609.5067

Epoch: 51
Epoch 51, train accuracy = 48.158
test_ensemble accuracy = 45.35
Total time since training starts:  3685.4865

Epoch: 52
Epoch 52, train accuracy = 47.998
test_ensemble accuracy = 43.24
Total time since training starts:  3762.2137

Epoch: 53
Epoch 53, train accuracy = 47.796
test_ensemble accuracy = 41.07
Total time since training starts:  3837.792

Epoch: 54
Epoch 54, train accuracy = 43.466
test_ensemble accuracy = 33.88
Total time since training starts:  3916.012

Epoch: 55
Epoch 55, train accuracy = 45.286
test_ensemble accuracy = 43.01
Total time since training starts:  3991.9879

Epoch: 56
Epoch 56, train accuracy = 47.426
test_ensemble accuracy = 35.68
Total time since training starts:  4062.232

Epoch: 57
Epoch 57, train accuracy = 46.66
test_ensemble accuracy = 47.12
Total time since training starts:  4132.703

Epoch: 58
Epoch 58, train accuracy = 45.61
test_ensemble accuracy = 39.23
Total time since training starts:  4196.3911

Epoch: 59
Epoch 59, train accuracy = 44.284
test_ensemble accuracy = 40.55
Total time since training starts:  4253.0743

Epoch: 60
Epoch 60, train accuracy = 45.514
test_ensemble accuracy = 41.17
Total time since training starts:  4309.8283

Epoch: 61
Epoch 61, train accuracy = 44.97
test_ensemble accuracy = 41.7
Total time since training starts:  4366.4207

Epoch: 62
Epoch 62, train accuracy = 44.556
test_ensemble accuracy = 30.39
Total time since training starts:  4424.6573

Epoch: 63
Epoch 63, train accuracy = 44.068
test_ensemble accuracy = 39.84
Total time since training starts:  4481.6242

Epoch: 64
Epoch 64, train accuracy = 42.102
test_ensemble accuracy = 36.81
Total time since training starts:  4538.4914

Epoch: 65
Epoch 65, train accuracy = 40.082
test_ensemble accuracy = 37.04
Total time since training starts:  4595.3905

Epoch: 66
Epoch 66, train accuracy = 40.054
test_ensemble accuracy = 33.65
Total time since training starts:  4652.3498

Epoch: 67
Epoch 67, train accuracy = 34.154
test_ensemble accuracy = 35.39
Total time since training starts:  4709.1533

Epoch: 68
Epoch 68, train accuracy = 37.14
test_ensemble accuracy = 33.43
Total time since training starts:  4784.6028

Epoch: 69
Epoch 69, train accuracy = 34.01
test_ensemble accuracy = 25.99
Total time since training starts:  4860.809

Epoch: 70
Epoch 70, train accuracy = 31.14
test_ensemble accuracy = 30.16
Total time since training starts:  4936.7815

Epoch: 71
Epoch 71, train accuracy = 29.31
test_ensemble accuracy = 29.55
Total time since training starts:  5007.6244

Epoch: 72
Epoch 72, train accuracy = 26.974
test_ensemble accuracy = 23.57
Total time since training starts:  5078.3683

Epoch: 73
Epoch 73, train accuracy = 22.282
test_ensemble accuracy = 10.0
Total time since training starts:  5136.3558

Epoch: 74
Epoch 74, train accuracy = 10.172
test_ensemble accuracy = 10.0
Total time since training starts:  5196.6072

Epoch: 75
Epoch 75, train accuracy = 9.89
test_ensemble accuracy = 10.0
Total time since training starts:  5270.5774

Epoch: 76
Epoch 76, train accuracy = 10.022
test_ensemble accuracy = 10.0
Total time since training starts:  5337.4801

Epoch: 77
Epoch 77, train accuracy = 10.1
test_ensemble accuracy = 10.0
Total time since training starts:  5399.5037

Epoch: 78
Epoch 78, train accuracy = 9.922
test_ensemble accuracy = 10.0
Total time since training starts:  5461.52

Epoch: 79
Epoch 79, train accuracy = 9.82
test_ensemble accuracy = 10.0
Total time since training starts:  5523.4714

Epoch: 80
Epoch 80, train accuracy = 10.132
test_ensemble accuracy = 10.0
Total time since training starts:  5585.3815

Epoch: 81
Epoch 81, train accuracy = 10.044
test_ensemble accuracy = 10.0
Total time since training starts:  5647.2997

Epoch: 82
Epoch 82, train accuracy = 9.928
test_ensemble accuracy = 10.0
Total time since training starts:  5709.6636

Epoch: 83
Epoch 83, train accuracy = 10.032
test_ensemble accuracy = 10.0
Total time since training starts:  5771.9555

Epoch: 84
Epoch 84, train accuracy = 9.988
test_ensemble accuracy = 10.0
Total time since training starts:  5834.4024

Epoch: 85
Epoch 85, train accuracy = 9.856
test_ensemble accuracy = 10.0
Total time since training starts:  5896.6811

Epoch: 86
Epoch 86, train accuracy = 10.138
test_ensemble accuracy = 10.0
Total time since training starts:  5958.7742

Epoch: 87
Epoch 87, train accuracy = 9.912
test_ensemble accuracy = 10.0
Total time since training starts:  6021.1799

Epoch: 88
Epoch 88, train accuracy = 9.822
test_ensemble accuracy = 10.0
Total time since training starts:  6083.4617

Epoch: 89
Epoch 89, train accuracy = 9.876
test_ensemble accuracy = 10.0
Total time since training starts:  6145.7925

Epoch: 90
Epoch 90, train accuracy = 10.08
test_ensemble accuracy = 10.0
Total time since training starts:  6207.8596

Epoch: 91
Epoch 91, train accuracy = 9.882
test_ensemble accuracy = 10.0
Total time since training starts:  6270.2037

Epoch: 92
Epoch 92, train accuracy = 9.952
test_ensemble accuracy = 10.0
Total time since training starts:  6332.6686

Epoch: 93
Epoch 93, train accuracy = 10.044
test_ensemble accuracy = 10.0
Total time since training starts:  6394.8713

Epoch: 94
Epoch 94, train accuracy = 9.916
test_ensemble accuracy = 10.0
Total time since training starts:  6457.2905

Epoch: 95
Epoch 95, train accuracy = 9.996
test_ensemble accuracy = 10.0
Total time since training starts:  6519.2412

Epoch: 96
Epoch 96, train accuracy = 9.97
test_ensemble accuracy = 10.0
Total time since training starts:  6581.1605

Epoch: 97
Epoch 97, train accuracy = 10.044
test_ensemble accuracy = 10.0
Total time since training starts:  6643.1968

Epoch: 98
Epoch 98, train accuracy = 10.212
test_ensemble accuracy = 10.0
Total time since training starts:  6705.4363

Epoch: 99
Epoch 99, train accuracy = 9.946
test_ensemble accuracy = 10.0
Total time since training starts:  6767.7573

Epoch: 100
Epoch 100, train accuracy = 10.244
test_ensemble accuracy = 10.0
Total time since training starts:  6830.5938

Epoch: 101
Epoch 101, train accuracy = 9.83
test_ensemble accuracy = 10.0
Total time since training starts:  6893.0221

Epoch: 102
Epoch 102, train accuracy = 10.018
test_ensemble accuracy = 10.0
Total time since training starts:  6955.4393

Epoch: 103
Epoch 103, train accuracy = 10.054
test_ensemble accuracy = 10.0
Total time since training starts:  7017.6162

Epoch: 104
Epoch 104, train accuracy = 9.878
test_ensemble accuracy = 10.0
Total time since training starts:  7080.0347

Epoch: 105
Epoch 105, train accuracy = 10.106
test_ensemble accuracy = 10.0
Total time since training starts:  7142.3278

Epoch: 106
Epoch 106, train accuracy = 10.176
test_ensemble accuracy = 10.0
Total time since training starts:  7204.6173

Epoch: 107
Epoch 107, train accuracy = 9.844
test_ensemble accuracy = 10.0
Total time since training starts:  7267.0506

Epoch: 108
Epoch 108, train accuracy = 9.914
test_ensemble accuracy = 10.0
Total time since training starts:  7329.4788

Epoch: 109
Epoch 109, train accuracy = 9.906
test_ensemble accuracy = 10.0
Total time since training starts:  7391.7656

Epoch: 110
Epoch 110, train accuracy = 9.812
test_ensemble accuracy = 10.0
Total time since training starts:  7453.7087

Epoch: 111
Epoch 111, train accuracy = 10.082
test_ensemble accuracy = 10.0
Total time since training starts:  7516.2281

Epoch: 112
Epoch 112, train accuracy = 10.24
test_ensemble accuracy = 10.0
Total time since training starts:  7579.0848

Epoch: 113
Epoch 113, train accuracy = 10.014
test_ensemble accuracy = 10.0
Total time since training starts:  7641.2697

Epoch: 114
Epoch 114, train accuracy = 9.874
test_ensemble accuracy = 10.0
Total time since training starts:  7703.5452

Epoch: 115
Epoch 115, train accuracy = 10.036
test_ensemble accuracy = 10.0
Total time since training starts:  7766.9484

Epoch: 116
Epoch 116, train accuracy = 10.008
test_ensemble accuracy = 10.0
Total time since training starts:  7829.9789

Epoch: 117
Epoch 117, train accuracy = 10.038
test_ensemble accuracy = 10.0
Total time since training starts:  7892.4151

Epoch: 118
Epoch 118, train accuracy = 10.082
test_ensemble accuracy = 10.0
Total time since training starts:  7954.8173

Epoch: 119
Epoch 119, train accuracy = 10.116
test_ensemble accuracy = 10.0
Total time since training starts:  8016.963

Epoch: 120
Epoch 120, train accuracy = 10.0
test_ensemble accuracy = 10.0
Total time since training starts:  8078.9649

Epoch: 121
Epoch 121, train accuracy = 9.912
test_ensemble accuracy = 10.0
Total time since training starts:  8140.928

Epoch: 122
Epoch 122, train accuracy = 10.106
test_ensemble accuracy = 10.0
Total time since training starts:  8203.1808

Epoch: 123
Epoch 123, train accuracy = 9.88
test_ensemble accuracy = 10.0
Total time since training starts:  8265.4555

Epoch: 124
Epoch 124, train accuracy = 9.966
test_ensemble accuracy = 10.0
Total time since training starts:  8327.3698

Epoch: 125
Epoch 125, train accuracy = 9.83
test_ensemble accuracy = 10.0
Total time since training starts:  8388.8145

Epoch: 126
Epoch 126, train accuracy = 9.928
test_ensemble accuracy = 10.0
Total time since training starts:  8450.1225

Epoch: 127
Epoch 127, train accuracy = 9.876
test_ensemble accuracy = 10.0
Total time since training starts:  8511.7712

Epoch: 128
Epoch 128, train accuracy = 9.6
test_ensemble accuracy = 10.0
Total time since training starts:  8573.2559

Epoch: 129
Epoch 129, train accuracy = 9.9
test_ensemble accuracy = 10.0
Total time since training starts:  8634.694

Epoch: 130
Epoch 130, train accuracy = 9.95
test_ensemble accuracy = 10.0
Total time since training starts:  8696.7877

Epoch: 131
Epoch 131, train accuracy = 9.8
test_ensemble accuracy = 10.0
Total time since training starts:  8758.5386

Epoch: 132
Epoch 132, train accuracy = 9.726
test_ensemble accuracy = 10.0
Total time since training starts:  8820.0408

Epoch: 133
Epoch 133, train accuracy = 9.952
test_ensemble accuracy = 10.0
Total time since training starts:  8881.5789

Epoch: 134
Epoch 134, train accuracy = 9.724
test_ensemble accuracy = 10.0
Total time since training starts:  8942.9979

Epoch: 135
Epoch 135, train accuracy = 9.972
test_ensemble accuracy = 10.0
Total time since training starts:  9004.5757

Epoch: 136
Epoch 136, train accuracy = 9.912
test_ensemble accuracy = 10.0
Total time since training starts:  9066.4938

Epoch: 137
Epoch 137, train accuracy = 9.48
test_ensemble accuracy = 10.0
Total time since training starts:  9127.9755

Epoch: 138
Epoch 138, train accuracy = 9.926
test_ensemble accuracy = 10.0
Total time since training starts:  9189.6293

Epoch: 139
Epoch 139, train accuracy = 10.004
test_ensemble accuracy = 10.0
Total time since training starts:  9251.6714

Epoch: 140
Epoch 140, train accuracy = 10.002
test_ensemble accuracy = 10.0
Total time since training starts:  9313.641

Epoch: 141
Epoch 141, train accuracy = 9.9
test_ensemble accuracy = 10.0
Total time since training starts:  9375.1424

Epoch: 142
Epoch 142, train accuracy = 9.872
test_ensemble accuracy = 10.0
Total time since training starts:  9436.8365

Epoch: 143
Epoch 143, train accuracy = 10.128
test_ensemble accuracy = 10.0
Total time since training starts:  9498.9882

Epoch: 144
Epoch 144, train accuracy = 10.006
test_ensemble accuracy = 10.0
Total time since training starts:  9560.4776

Epoch: 145
Epoch 145, train accuracy = 9.84
test_ensemble accuracy = 10.0
Total time since training starts:  9621.9294

Epoch: 146
Epoch 146, train accuracy = 9.948
test_ensemble accuracy = 10.0
Total time since training starts:  9683.3018

Epoch: 147
Epoch 147, train accuracy = 10.062
test_ensemble accuracy = 10.0
Total time since training starts:  9744.6979

Epoch: 148
Epoch 148, train accuracy = 9.796
test_ensemble accuracy = 10.0
Total time since training starts:  9806.1312

Epoch: 149
Epoch 149, train accuracy = 9.842
test_ensemble accuracy = 10.0
Total time since training starts:  9867.706

Epoch: 150
Epoch 150, train accuracy = 9.846
test_ensemble accuracy = 10.0
Total time since training starts:  9929.4735

Epoch: 151
Epoch 151, train accuracy = 10.03
test_ensemble accuracy = 10.0
Total time since training starts:  9992.0504

Epoch: 152
Epoch 152, train accuracy = 10.004
test_ensemble accuracy = 10.0
Total time since training starts:  10053.8503

Epoch: 153
Epoch 153, train accuracy = 9.784
test_ensemble accuracy = 10.0
Total time since training starts:  10115.3714

Epoch: 154
Epoch 154, train accuracy = 10.11
test_ensemble accuracy = 10.0
Total time since training starts:  10176.884

Epoch: 155
Epoch 155, train accuracy = 10.232
test_ensemble accuracy = 10.0
Total time since training starts:  10238.4226

Epoch: 156
Epoch 156, train accuracy = 10.19
test_ensemble accuracy = 10.0
Total time since training starts:  10299.8713

Epoch: 157
Epoch 157, train accuracy = 9.846
test_ensemble accuracy = 10.0
Total time since training starts:  10361.4465

Epoch: 158
Epoch 158, train accuracy = 9.92
test_ensemble accuracy = 10.0
Total time since training starts:  10423.5849

Epoch: 159
Epoch 159, train accuracy = 9.918
test_ensemble accuracy = 10.0
Total time since training starts:  10485.3507

Epoch: 160
Epoch 160, train accuracy = 10.01
test_ensemble accuracy = 10.0
Total time since training starts:  10547.5711

Epoch: 161
Epoch 161, train accuracy = 9.858
test_ensemble accuracy = 10.0
Total time since training starts:  10609.4305

Epoch: 162
Epoch 162, train accuracy = 10.09
test_ensemble accuracy = 10.0
Total time since training starts:  10670.8823

Epoch: 163
Epoch 163, train accuracy = 9.888
test_ensemble accuracy = 10.0
Total time since training starts:  10732.2753

Epoch: 164
Epoch 164, train accuracy = 9.76
test_ensemble accuracy = 10.0
Total time since training starts:  10793.7757

Epoch: 165
Epoch 165, train accuracy = 9.936
test_ensemble accuracy = 10.0
Total time since training starts:  10855.2518

Epoch: 166
Epoch 166, train accuracy = 10.198
test_ensemble accuracy = 10.0
Total time since training starts:  10916.8331

Epoch: 167
Epoch 167, train accuracy = 9.814
test_ensemble accuracy = 10.0
Total time since training starts:  10978.2618

Epoch: 168
Epoch 168, train accuracy = 9.776
test_ensemble accuracy = 10.0
Total time since training starts:  11039.9708

Epoch: 169
Epoch 169, train accuracy = 9.886
test_ensemble accuracy = 10.0
Total time since training starts:  11101.6194

Epoch: 170
Epoch 170, train accuracy = 9.93
test_ensemble accuracy = 10.0
Total time since training starts:  11163.0193

Epoch: 171
Epoch 171, train accuracy = 10.076
test_ensemble accuracy = 10.0
Total time since training starts:  11224.3128

Epoch: 172
Epoch 172, train accuracy = 10.196
test_ensemble accuracy = 10.0
Total time since training starts:  11286.1318

Epoch: 173
Epoch 173, train accuracy = 9.872
test_ensemble accuracy = 10.0
Total time since training starts:  11347.6047

Epoch: 174
Epoch 174, train accuracy = 10.162
test_ensemble accuracy = 10.0
Total time since training starts:  11409.0801

Epoch: 175
Epoch 175, train accuracy = 9.854
test_ensemble accuracy = 10.0
Total time since training starts:  11470.9617

Epoch: 176
Epoch 176, train accuracy = 9.898
test_ensemble accuracy = 10.0
Total time since training starts:  11532.5363

Epoch: 177
Epoch 177, train accuracy = 9.852
test_ensemble accuracy = 10.0
Total time since training starts:  11593.9638

Epoch: 178
Epoch 178, train accuracy = 10.01
test_ensemble accuracy = 10.0
Total time since training starts:  11655.4016

Epoch: 179
Epoch 179, train accuracy = 9.776
test_ensemble accuracy = 10.0
Total time since training starts:  11716.8947

Epoch: 180
Epoch 180, train accuracy = 9.96
test_ensemble accuracy = 10.0
Total time since training starts:  11779.0252

Epoch: 181
Epoch 181, train accuracy = 10.09
test_ensemble accuracy = 10.0
Total time since training starts:  11840.697

Epoch: 182
Epoch 182, train accuracy = 9.868
test_ensemble accuracy = 10.0
Total time since training starts:  11902.2793

Epoch: 183
Epoch 183, train accuracy = 10.092
test_ensemble accuracy = 10.0
Total time since training starts:  11964.0357

Epoch: 184
Epoch 184, train accuracy = 10.062
test_ensemble accuracy = 10.0
Total time since training starts:  12025.5267

Epoch: 185
Epoch 185, train accuracy = 10.02
test_ensemble accuracy = 10.0
Total time since training starts:  12086.9639

Epoch: 186
Epoch 186, train accuracy = 10.116
test_ensemble accuracy = 10.0
Total time since training starts:  12148.4188

Epoch: 187
Epoch 187, train accuracy = 9.808
test_ensemble accuracy = 10.0
Total time since training starts:  12209.8529

Epoch: 188
Epoch 188, train accuracy = 9.884
test_ensemble accuracy = 10.0
Total time since training starts:  12271.1901

Epoch: 189
Epoch 189, train accuracy = 9.872
test_ensemble accuracy = 10.0
Total time since training starts:  12332.8309

Epoch: 190
Epoch 190, train accuracy = 10.032
test_ensemble accuracy = 10.0
Total time since training starts:  12394.8394

Epoch: 191
Epoch 191, train accuracy = 9.998
test_ensemble accuracy = 10.0
Total time since training starts:  12456.2819

Epoch: 192
Epoch 192, train accuracy = 9.984
test_ensemble accuracy = 10.0
Total time since training starts:  12517.8633

Epoch: 193
Epoch 193, train accuracy = 10.006
test_ensemble accuracy = 10.0
Total time since training starts:  12579.4218

Epoch: 194
Epoch 194, train accuracy = 9.94
test_ensemble accuracy = 10.0
Total time since training starts:  12640.9842

Epoch: 195
Epoch 195, train accuracy = 9.91
test_ensemble accuracy = 10.0
Total time since training starts:  12702.7879

Epoch: 196
Epoch 196, train accuracy = 10.192
test_ensemble accuracy = 10.0
Total time since training starts:  12764.6006

Epoch: 197
Epoch 197, train accuracy = 10.016
test_ensemble accuracy = 10.0
Total time since training starts:  12826.2552

Epoch: 198
Epoch 198, train accuracy = 10.012
test_ensemble accuracy = 10.0
Total time since training starts:  12887.7907

Epoch: 199
Epoch 199, train accuracy = 10.012
test_ensemble accuracy = 10.0
Total time since training starts:  12949.1004
