Files already downloaded and verified
==> Building model..

Epoch: 0
Epoch 0, train accuracy = 18.158
test_ensemble accuracy = 27.6
Saving..
Total time since training starts:  80.7301

Epoch: 1
Epoch 1, train accuracy = 30.558
test_ensemble accuracy = 33.61
Saving..
Total time since training starts:  151.3983

Epoch: 2
Epoch 2, train accuracy = 36.786
test_ensemble accuracy = 38.72
Saving..
Total time since training starts:  221.9348

Epoch: 3
Epoch 3, train accuracy = 39.938
test_ensemble accuracy = 43.1
Saving..
Total time since training starts:  292.5104

Epoch: 4
Epoch 4, train accuracy = 42.754
test_ensemble accuracy = 41.71
Total time since training starts:  363.3143

Epoch: 5
Epoch 5, train accuracy = 39.722
test_ensemble accuracy = 38.94
Total time since training starts:  433.8975

Epoch: 6
Epoch 6, train accuracy = 41.3
test_ensemble accuracy = 37.72
Total time since training starts:  504.6462

Epoch: 7
Epoch 7, train accuracy = 43.758
test_ensemble accuracy = 45.08
Saving..
Total time since training starts:  575.2863

Epoch: 8
Epoch 8, train accuracy = 46.75
test_ensemble accuracy = 39.1
Total time since training starts:  645.9751

Epoch: 9
Epoch 9, train accuracy = 47.838
test_ensemble accuracy = 47.01
Saving..
Total time since training starts:  716.7458

Epoch: 10
Epoch 10, train accuracy = 48.862
test_ensemble accuracy = 44.13
Total time since training starts:  787.9457

Epoch: 11
Epoch 11, train accuracy = 47.102
test_ensemble accuracy = 38.79
Total time since training starts:  858.6073

Epoch: 12
Epoch 12, train accuracy = 44.936
test_ensemble accuracy = 41.63
Total time since training starts:  928.9585

Epoch: 13
Epoch 13, train accuracy = 47.402
test_ensemble accuracy = 47.27
Saving..
Total time since training starts:  999.7569

Epoch: 14
Epoch 14, train accuracy = 49.452
test_ensemble accuracy = 45.09
Total time since training starts:  1071.0638

Epoch: 15
Epoch 15, train accuracy = 49.496
test_ensemble accuracy = 47.51
Saving..
Total time since training starts:  1142.0854

Epoch: 16
Epoch 16, train accuracy = 50.856
test_ensemble accuracy = 47.93
Saving..
Total time since training starts:  1213.0409

Epoch: 17
Epoch 17, train accuracy = 50.7
test_ensemble accuracy = 45.99
Total time since training starts:  1283.9925

Epoch: 18
Epoch 18, train accuracy = 49.1
test_ensemble accuracy = 47.54
Total time since training starts:  1354.7611

Epoch: 19
Epoch 19, train accuracy = 50.702
test_ensemble accuracy = 46.75
Total time since training starts:  1425.5039

Epoch: 20
Epoch 20, train accuracy = 51.384
test_ensemble accuracy = 46.85
Total time since training starts:  1496.4531

Epoch: 21
Epoch 21, train accuracy = 50.864
test_ensemble accuracy = 45.92
Total time since training starts:  1567.2891

Epoch: 22
Epoch 22, train accuracy = 51.24
test_ensemble accuracy = 46.24
Total time since training starts:  1638.1074

Epoch: 23
Epoch 23, train accuracy = 51.796
test_ensemble accuracy = 48.55
Saving..
Total time since training starts:  1708.9394

Epoch: 24
Epoch 24, train accuracy = 51.148
test_ensemble accuracy = 43.7
Total time since training starts:  1779.8891

Epoch: 25
Epoch 25, train accuracy = 51.062
test_ensemble accuracy = 48.16
Total time since training starts:  1850.6935

Epoch: 26
Epoch 26, train accuracy = 52.304
test_ensemble accuracy = 46.79
Total time since training starts:  1921.5169

Epoch: 27
Epoch 27, train accuracy = 51.988
test_ensemble accuracy = 46.83
Total time since training starts:  1992.327

Epoch: 28
Epoch 28, train accuracy = 52.226
test_ensemble accuracy = 49.29
Saving..
Total time since training starts:  2063.1006

Epoch: 29
Epoch 29, train accuracy = 53.17
test_ensemble accuracy = 47.32
Total time since training starts:  2134.099

Epoch: 30
Epoch 30, train accuracy = 52.668
test_ensemble accuracy = 48.28
Total time since training starts:  2204.9315

Epoch: 31
Epoch 31, train accuracy = 52.62
test_ensemble accuracy = 44.99
Total time since training starts:  2274.861

Epoch: 32
Epoch 32, train accuracy = 49.926
test_ensemble accuracy = 42.72
Total time since training starts:  2345.5194

Epoch: 33
Epoch 33, train accuracy = 49.386
test_ensemble accuracy = 43.5
Total time since training starts:  2416.0862

Epoch: 34
Epoch 34, train accuracy = 50.536
test_ensemble accuracy = 48.28
Total time since training starts:  2486.3875

Epoch: 35
Epoch 35, train accuracy = 51.984
test_ensemble accuracy = 44.83
Total time since training starts:  2556.9406

Epoch: 36
Epoch 36, train accuracy = 51.166
test_ensemble accuracy = 45.03
Total time since training starts:  2627.4377

Epoch: 37
Epoch 37, train accuracy = 51.51
test_ensemble accuracy = 44.19
Total time since training starts:  2697.8293

Epoch: 38
Epoch 38, train accuracy = 50.002
test_ensemble accuracy = 46.52
Total time since training starts:  2768.7719

Epoch: 39
Epoch 39, train accuracy = 49.76
test_ensemble accuracy = 48.27
Total time since training starts:  2839.3729

Epoch: 40
Epoch 40, train accuracy = 50.324
test_ensemble accuracy = 43.19
Total time since training starts:  2909.9144

Epoch: 41
Epoch 41, train accuracy = 50.096
test_ensemble accuracy = 47.69
Total time since training starts:  2980.132

Epoch: 42
Epoch 42, train accuracy = 49.848
test_ensemble accuracy = 40.77
Total time since training starts:  3050.5409

Epoch: 43
Epoch 43, train accuracy = 47.014
test_ensemble accuracy = 41.45
Total time since training starts:  3121.0461

Epoch: 44
Epoch 44, train accuracy = 50.246
test_ensemble accuracy = 44.24
Total time since training starts:  3195.2269

Epoch: 45
Epoch 45, train accuracy = 47.974
test_ensemble accuracy = 45.93
Total time since training starts:  3271.3578

Epoch: 46
Epoch 46, train accuracy = 48.05
test_ensemble accuracy = 45.0
Total time since training starts:  3347.7382

Epoch: 47
Epoch 47, train accuracy = 47.592
test_ensemble accuracy = 47.1
Total time since training starts:  3424.6965

Epoch: 48
Epoch 48, train accuracy = 49.648
test_ensemble accuracy = 45.66
Total time since training starts:  3501.6097

Epoch: 49
Epoch 49, train accuracy = 48.242
test_ensemble accuracy = 47.59
Total time since training starts:  3577.8199

Epoch: 50
Epoch 50, train accuracy = 47.59
test_ensemble accuracy = 44.74
Total time since training starts:  3654.0444

Epoch: 51
Epoch 51, train accuracy = 48.044
test_ensemble accuracy = 31.56
Total time since training starts:  3730.4125

Epoch: 52
Epoch 52, train accuracy = 46.022
test_ensemble accuracy = 41.69
Total time since training starts:  3806.8528

Epoch: 53
Epoch 53, train accuracy = 45.622
test_ensemble accuracy = 39.58
Total time since training starts:  3883.4066

Epoch: 54
Epoch 54, train accuracy = 46.55
test_ensemble accuracy = 39.57
Total time since training starts:  3960.0133

Epoch: 55
Epoch 55, train accuracy = 45.762
test_ensemble accuracy = 39.24
Total time since training starts:  4036.9838

Epoch: 56
Epoch 56, train accuracy = 45.14
test_ensemble accuracy = 26.71
Total time since training starts:  4113.3023

Epoch: 57
Epoch 57, train accuracy = 45.084
test_ensemble accuracy = 43.1
Total time since training starts:  4185.1119

Epoch: 58
Epoch 58, train accuracy = 45.166
test_ensemble accuracy = 36.22
Total time since training starts:  4251.8828

Epoch: 59
Epoch 59, train accuracy = 45.54
test_ensemble accuracy = 39.28
Total time since training starts:  4308.4232

Epoch: 60
Epoch 60, train accuracy = 46.992
test_ensemble accuracy = 42.57
Total time since training starts:  4364.9321

Epoch: 61
Epoch 61, train accuracy = 47.356
test_ensemble accuracy = 41.12
Total time since training starts:  4421.8191

Epoch: 62
Epoch 62, train accuracy = 46.446
test_ensemble accuracy = 39.46
Total time since training starts:  4478.8747

Epoch: 63
Epoch 63, train accuracy = 45.992
test_ensemble accuracy = 32.14
Total time since training starts:  4535.9748

Epoch: 64
Epoch 64, train accuracy = 38.384
test_ensemble accuracy = 41.58
Total time since training starts:  4593.0176

Epoch: 65
Epoch 65, train accuracy = 46.47
test_ensemble accuracy = 36.45
Total time since training starts:  4650.648

Epoch: 66
Epoch 66, train accuracy = 21.676
test_ensemble accuracy = 10.0
Total time since training starts:  4707.726

Epoch: 67
Epoch 67, train accuracy = 10.052
test_ensemble accuracy = 10.0
Total time since training starts:  4764.7872

Epoch: 68
Epoch 68, train accuracy = 9.986
test_ensemble accuracy = 10.0
Total time since training starts:  4824.8707

Epoch: 69
Epoch 69, train accuracy = 10.068
test_ensemble accuracy = 10.0
Total time since training starts:  4886.8433

Epoch: 70
Epoch 70, train accuracy = 10.08
test_ensemble accuracy = 10.0
Total time since training starts:  4948.4777

Epoch: 71
Epoch 71, train accuracy = 10.212
test_ensemble accuracy = 10.0
Total time since training starts:  5010.3006

Epoch: 72
Epoch 72, train accuracy = 10.006
test_ensemble accuracy = 10.0
Total time since training starts:  5072.0386

Epoch: 73
Epoch 73, train accuracy = 9.958
test_ensemble accuracy = 10.0
Total time since training starts:  5133.5564

Epoch: 74
Epoch 74, train accuracy = 9.874
test_ensemble accuracy = 10.0
Total time since training starts:  5195.0768

Epoch: 75
Epoch 75, train accuracy = 10.02
test_ensemble accuracy = 10.0
Total time since training starts:  5256.762

Epoch: 76
Epoch 76, train accuracy = 9.9
test_ensemble accuracy = 10.0
Total time since training starts:  5318.7173

Epoch: 77
Epoch 77, train accuracy = 9.8
test_ensemble accuracy = 10.0
Total time since training starts:  5380.405

Epoch: 78
Epoch 78, train accuracy = 9.916
test_ensemble accuracy = 10.0
Total time since training starts:  5442.0153

Epoch: 79
Epoch 79, train accuracy = 10.17
test_ensemble accuracy = 10.0
Total time since training starts:  5503.8759

Epoch: 80
Epoch 80, train accuracy = 9.774
test_ensemble accuracy = 10.0
Total time since training starts:  5565.505

Epoch: 81
Epoch 81, train accuracy = 9.974
test_ensemble accuracy = 10.0
Total time since training starts:  5627.265

Epoch: 82
Epoch 82, train accuracy = 9.894
test_ensemble accuracy = 10.0
Total time since training starts:  5689.0591

Epoch: 83
Epoch 83, train accuracy = 9.986
test_ensemble accuracy = 10.0
Total time since training starts:  5750.7627

Epoch: 84
Epoch 84, train accuracy = 10.148
test_ensemble accuracy = 10.0
Total time since training starts:  5812.4602

Epoch: 85
Epoch 85, train accuracy = 9.898
test_ensemble accuracy = 10.0
Total time since training starts:  5874.5079

Epoch: 86
Epoch 86, train accuracy = 9.902
test_ensemble accuracy = 10.0
Total time since training starts:  5936.6663

Epoch: 87
Epoch 87, train accuracy = 10.184
test_ensemble accuracy = 10.0
Total time since training starts:  5998.4518

Epoch: 88
Epoch 88, train accuracy = 10.072
test_ensemble accuracy = 10.0
Total time since training starts:  6060.0363

Epoch: 89
Epoch 89, train accuracy = 9.886
test_ensemble accuracy = 10.0
Total time since training starts:  6121.6559

Epoch: 90
Epoch 90, train accuracy = 10.01
test_ensemble accuracy = 10.0
Total time since training starts:  6183.2535

Epoch: 91
Epoch 91, train accuracy = 9.904
test_ensemble accuracy = 10.0
Total time since training starts:  6244.9504

Epoch: 92
Epoch 92, train accuracy = 10.0
test_ensemble accuracy = 10.0
Total time since training starts:  6306.9409

Epoch: 93
Epoch 93, train accuracy = 9.936
test_ensemble accuracy = 10.0
Total time since training starts:  6368.9555

Epoch: 94
Epoch 94, train accuracy = 9.938
test_ensemble accuracy = 10.0
Total time since training starts:  6430.5523

Epoch: 95
Epoch 95, train accuracy = 9.916
test_ensemble accuracy = 10.0
Total time since training starts:  6492.2828

Epoch: 96
Epoch 96, train accuracy = 10.228
test_ensemble accuracy = 10.0
Total time since training starts:  6554.1114

Epoch: 97
Epoch 97, train accuracy = 9.848
test_ensemble accuracy = 10.0
Total time since training starts:  6615.649

Epoch: 98
Epoch 98, train accuracy = 10.076
test_ensemble accuracy = 10.0
Total time since training starts:  6677.2717

Epoch: 99
Epoch 99, train accuracy = 10.18
test_ensemble accuracy = 10.0
Total time since training starts:  6738.8056

Epoch: 100
Epoch 100, train accuracy = 10.108
test_ensemble accuracy = 10.0
Total time since training starts:  6800.413

Epoch: 101
Epoch 101, train accuracy = 9.982
test_ensemble accuracy = 10.0
Total time since training starts:  6862.392

Epoch: 102
Epoch 102, train accuracy = 9.932
test_ensemble accuracy = 10.0
Total time since training starts:  6924.4049

Epoch: 103
Epoch 103, train accuracy = 10.058
test_ensemble accuracy = 10.0
Total time since training starts:  6986.5238

Epoch: 104
Epoch 104, train accuracy = 9.984
test_ensemble accuracy = 10.0
Total time since training starts:  7048.7298

Epoch: 105
Epoch 105, train accuracy = 9.924
test_ensemble accuracy = 10.0
Total time since training starts:  7110.8259

Epoch: 106
Epoch 106, train accuracy = 10.048
test_ensemble accuracy = 10.0
Total time since training starts:  7172.5971

Epoch: 107
Epoch 107, train accuracy = 9.916
test_ensemble accuracy = 10.0
Total time since training starts:  7234.452

Epoch: 108
Epoch 108, train accuracy = 9.984
test_ensemble accuracy = 10.0
Total time since training starts:  7296.5215

Epoch: 109
Epoch 109, train accuracy = 9.73
test_ensemble accuracy = 10.0
Total time since training starts:  7358.6372

Epoch: 110
Epoch 110, train accuracy = 9.902
test_ensemble accuracy = 10.0
Total time since training starts:  7420.926

Epoch: 111
Epoch 111, train accuracy = 9.906
test_ensemble accuracy = 10.0
Total time since training starts:  7482.9274

Epoch: 112
Epoch 112, train accuracy = 9.84
test_ensemble accuracy = 10.0
Total time since training starts:  7544.7846

Epoch: 113
Epoch 113, train accuracy = 9.766
test_ensemble accuracy = 10.0
Total time since training starts:  7606.4425

Epoch: 114
Epoch 114, train accuracy = 9.884
test_ensemble accuracy = 10.0
Total time since training starts:  7668.5239

Epoch: 115
Epoch 115, train accuracy = 10.122
test_ensemble accuracy = 10.0
Total time since training starts:  7730.4148

Epoch: 116
Epoch 116, train accuracy = 10.118
test_ensemble accuracy = 10.0
Total time since training starts:  7792.2812

Epoch: 117
Epoch 117, train accuracy = 9.884
test_ensemble accuracy = 10.0
Total time since training starts:  7854.0505

Epoch: 118
Epoch 118, train accuracy = 9.834
test_ensemble accuracy = 10.0
Total time since training starts:  7915.8789

Epoch: 119
Epoch 119, train accuracy = 9.826
test_ensemble accuracy = 10.0
Total time since training starts:  7978.0034

Epoch: 120
Epoch 120, train accuracy = 10.21
test_ensemble accuracy = 10.0
Total time since training starts:  8040.0928

Epoch: 121
Epoch 121, train accuracy = 9.928
test_ensemble accuracy = 10.0
Total time since training starts:  8101.8986

Epoch: 122
Epoch 122, train accuracy = 9.858
test_ensemble accuracy = 10.0
Total time since training starts:  8163.5532

Epoch: 123
Epoch 123, train accuracy = 9.962
test_ensemble accuracy = 10.0
Total time since training starts:  8226.1538

Epoch: 124
Epoch 124, train accuracy = 9.834
test_ensemble accuracy = 10.0
Total time since training starts:  8287.9232

Epoch: 125
Epoch 125, train accuracy = 9.952
test_ensemble accuracy = 10.0
Total time since training starts:  8349.2764

Epoch: 126
Epoch 126, train accuracy = 9.736
test_ensemble accuracy = 10.0
Total time since training starts:  8410.6231

Epoch: 127
Epoch 127, train accuracy = 10.022
test_ensemble accuracy = 10.0
Total time since training starts:  8471.6948

Epoch: 128
Epoch 128, train accuracy = 9.678
test_ensemble accuracy = 10.0
Total time since training starts:  8533.1147

Epoch: 129
Epoch 129, train accuracy = 9.894
test_ensemble accuracy = 10.0
Total time since training starts:  8594.7709

Epoch: 130
Epoch 130, train accuracy = 9.958
test_ensemble accuracy = 10.0
Total time since training starts:  8656.3403

Epoch: 131
Epoch 131, train accuracy = 9.77
test_ensemble accuracy = 10.0
Total time since training starts:  8717.6127

Epoch: 132
Epoch 132, train accuracy = 10.216
test_ensemble accuracy = 10.0
Total time since training starts:  8779.4404

Epoch: 133
Epoch 133, train accuracy = 9.9
test_ensemble accuracy = 10.0
Total time since training starts:  8841.2622

Epoch: 134
Epoch 134, train accuracy = 9.938
test_ensemble accuracy = 10.0
Total time since training starts:  8902.8287

Epoch: 135
Epoch 135, train accuracy = 9.836
test_ensemble accuracy = 10.0
Total time since training starts:  8964.0312

Epoch: 136
Epoch 136, train accuracy = 9.862
test_ensemble accuracy = 10.0
Total time since training starts:  9025.5786

Epoch: 137
Epoch 137, train accuracy = 9.822
test_ensemble accuracy = 10.0
Total time since training starts:  9086.63

Epoch: 138
Epoch 138, train accuracy = 9.978
test_ensemble accuracy = 10.0
Total time since training starts:  9148.1987

Epoch: 139
Epoch 139, train accuracy = 10.016
test_ensemble accuracy = 10.0
Total time since training starts:  9209.6448

Epoch: 140
Epoch 140, train accuracy = 9.718
test_ensemble accuracy = 10.0
Total time since training starts:  9270.6907

Epoch: 141
Epoch 141, train accuracy = 9.86
test_ensemble accuracy = 10.0
Total time since training starts:  9331.6936

Epoch: 142
Epoch 142, train accuracy = 10.048
test_ensemble accuracy = 10.0
Total time since training starts:  9392.7219

Epoch: 143
Epoch 143, train accuracy = 9.956
test_ensemble accuracy = 10.0
Total time since training starts:  9453.7685

Epoch: 144
Epoch 144, train accuracy = 9.924
test_ensemble accuracy = 10.0
Total time since training starts:  9515.027

Epoch: 145
Epoch 145, train accuracy = 9.782
test_ensemble accuracy = 10.0
Total time since training starts:  9576.5988

Epoch: 146
Epoch 146, train accuracy = 10.044
test_ensemble accuracy = 10.0
Total time since training starts:  9637.9264

Epoch: 147
Epoch 147, train accuracy = 9.566
test_ensemble accuracy = 10.0
Total time since training starts:  9699.3478

Epoch: 148
Epoch 148, train accuracy = 9.766
test_ensemble accuracy = 10.0
Total time since training starts:  9760.8423

Epoch: 149
Epoch 149, train accuracy = 10.022
test_ensemble accuracy = 10.0
Total time since training starts:  9822.074

Epoch: 150
Epoch 150, train accuracy = 9.928
test_ensemble accuracy = 10.0
Total time since training starts:  9883.695

Epoch: 151
Epoch 151, train accuracy = 9.848
test_ensemble accuracy = 10.0
Total time since training starts:  9944.8622

Epoch: 152
Epoch 152, train accuracy = 9.872
test_ensemble accuracy = 10.0
Total time since training starts:  10006.5772

Epoch: 153
Epoch 153, train accuracy = 9.84
test_ensemble accuracy = 10.0
Total time since training starts:  10067.9725

Epoch: 154
Epoch 154, train accuracy = 9.912
test_ensemble accuracy = 10.0
Total time since training starts:  10129.5065

Epoch: 155
Epoch 155, train accuracy = 9.862
test_ensemble accuracy = 10.0
Total time since training starts:  10191.0894

Epoch: 156
Epoch 156, train accuracy = 9.986
test_ensemble accuracy = 10.0
Total time since training starts:  10252.5509

Epoch: 157
Epoch 157, train accuracy = 10.164
test_ensemble accuracy = 10.0
Total time since training starts:  10314.0967

Epoch: 158
Epoch 158, train accuracy = 9.904
test_ensemble accuracy = 10.0
Total time since training starts:  10375.5614

Epoch: 159
Epoch 159, train accuracy = 9.736
test_ensemble accuracy = 10.0
Total time since training starts:  10436.9511

Epoch: 160
Epoch 160, train accuracy = 10.074
test_ensemble accuracy = 10.0
Total time since training starts:  10498.1875

Epoch: 161
Epoch 161, train accuracy = 9.656
test_ensemble accuracy = 10.0
Total time since training starts:  10559.4936

Epoch: 162
Epoch 162, train accuracy = 9.818
test_ensemble accuracy = 10.0
Total time since training starts:  10620.792

Epoch: 163
Epoch 163, train accuracy = 9.948
test_ensemble accuracy = 10.0
Total time since training starts:  10682.0265

Epoch: 164
Epoch 164, train accuracy = 9.912
test_ensemble accuracy = 10.0
Total time since training starts:  10743.3668

Epoch: 165
Epoch 165, train accuracy = 9.968
test_ensemble accuracy = 10.0
Total time since training starts:  10804.4002

Epoch: 166
Epoch 166, train accuracy = 9.886
test_ensemble accuracy = 10.0
Total time since training starts:  10865.5269

Epoch: 167
Epoch 167, train accuracy = 9.984
test_ensemble accuracy = 10.0
Total time since training starts:  10926.6323

Epoch: 168
Epoch 168, train accuracy = 9.756
test_ensemble accuracy = 10.0
Total time since training starts:  10987.6938

Epoch: 169
Epoch 169, train accuracy = 10.14
test_ensemble accuracy = 10.0
Total time since training starts:  11048.9793

Epoch: 170
Epoch 170, train accuracy = 10.254
test_ensemble accuracy = 10.0
Total time since training starts:  11110.1646

Epoch: 171
Epoch 171, train accuracy = 10.03
test_ensemble accuracy = 10.0
Total time since training starts:  11171.7959

Epoch: 172
Epoch 172, train accuracy = 10.114
test_ensemble accuracy = 10.0
Total time since training starts:  11233.1194

Epoch: 173
Epoch 173, train accuracy = 10.154
test_ensemble accuracy = 10.0
Total time since training starts:  11294.4775

Epoch: 174
Epoch 174, train accuracy = 9.834
test_ensemble accuracy = 10.0
Total time since training starts:  11355.895

Epoch: 175
Epoch 175, train accuracy = 9.712
test_ensemble accuracy = 10.0
Total time since training starts:  11416.8957

Epoch: 176
Epoch 176, train accuracy = 10.036
test_ensemble accuracy = 10.0
Total time since training starts:  11477.9823

Epoch: 177
Epoch 177, train accuracy = 10.13
test_ensemble accuracy = 10.0
Total time since training starts:  11539.3025

Epoch: 178
Epoch 178, train accuracy = 10.042
test_ensemble accuracy = 10.0
Total time since training starts:  11600.5608

Epoch: 179
Epoch 179, train accuracy = 9.84
test_ensemble accuracy = 10.0
Total time since training starts:  11661.7629

Epoch: 180
Epoch 180, train accuracy = 9.95
test_ensemble accuracy = 10.0
Total time since training starts:  11723.3117

Epoch: 181
Epoch 181, train accuracy = 9.95
test_ensemble accuracy = 10.0
Total time since training starts:  11784.4246

Epoch: 182
Epoch 182, train accuracy = 9.834
test_ensemble accuracy = 10.0
Total time since training starts:  11845.8194

Epoch: 183
Epoch 183, train accuracy = 9.804
test_ensemble accuracy = 10.0
Total time since training starts:  11906.9837

Epoch: 184
Epoch 184, train accuracy = 9.77
test_ensemble accuracy = 10.0
Total time since training starts:  11968.0286

Epoch: 185
Epoch 185, train accuracy = 9.93
test_ensemble accuracy = 10.0
Total time since training starts:  12029.0263

Epoch: 186
Epoch 186, train accuracy = 9.9
test_ensemble accuracy = 10.0
Total time since training starts:  12090.6706

Epoch: 187
Epoch 187, train accuracy = 9.908
test_ensemble accuracy = 10.0
Total time since training starts:  12152.0647

Epoch: 188
Epoch 188, train accuracy = 9.94
test_ensemble accuracy = 10.0
Total time since training starts:  12213.2502

Epoch: 189
Epoch 189, train accuracy = 9.928
test_ensemble accuracy = 10.0
Total time since training starts:  12275.0024

Epoch: 190
Epoch 190, train accuracy = 9.996
test_ensemble accuracy = 10.0
Total time since training starts:  12336.5444

Epoch: 191
Epoch 191, train accuracy = 10.05
test_ensemble accuracy = 10.0
Total time since training starts:  12397.8147

Epoch: 192
Epoch 192, train accuracy = 9.82
test_ensemble accuracy = 10.0
Total time since training starts:  12459.1924

Epoch: 193
Epoch 193, train accuracy = 9.826
test_ensemble accuracy = 10.0
Total time since training starts:  12520.2366

Epoch: 194
Epoch 194, train accuracy = 9.878
test_ensemble accuracy = 10.0
Total time since training starts:  12581.3879

Epoch: 195
Epoch 195, train accuracy = 9.91
test_ensemble accuracy = 10.0
Total time since training starts:  12642.7042

Epoch: 196
Epoch 196, train accuracy = 10.002
test_ensemble accuracy = 10.0
Total time since training starts:  12704.136

Epoch: 197
Epoch 197, train accuracy = 9.982
test_ensemble accuracy = 10.0
Total time since training starts:  12765.4729

Epoch: 198
Epoch 198, train accuracy = 9.766
test_ensemble accuracy = 10.0
Total time since training starts:  12826.7936

Epoch: 199
Epoch 199, train accuracy = 9.956
test_ensemble accuracy = 10.0
Total time since training starts:  12888.1765
