Files already downloaded and verified
==> Building model..

Epoch: 0
Epoch 0, train accuracy = 10.58
test_ensemble accuracy = 10.3
Saving..
Total time since training starts:  67.0042

Epoch: 1
Epoch 1, train accuracy = 10.89
test_ensemble accuracy = 10.41
Saving..
Total time since training starts:  133.4696

Epoch: 2
Epoch 2, train accuracy = 11.134
test_ensemble accuracy = 12.04
Saving..
Total time since training starts:  200.7808

Epoch: 3
Epoch 3, train accuracy = 22.718
test_ensemble accuracy = 28.34
Saving..
Total time since training starts:  267.2326

Epoch: 4
Epoch 4, train accuracy = 28.156
test_ensemble accuracy = 28.21
Total time since training starts:  333.9088

Epoch: 5
Epoch 5, train accuracy = 31.3
test_ensemble accuracy = 35.14
Saving..
Total time since training starts:  400.2345

Epoch: 6
Epoch 6, train accuracy = 34.69
test_ensemble accuracy = 31.23
Total time since training starts:  467.0947

Epoch: 7
Epoch 7, train accuracy = 35.588
test_ensemble accuracy = 38.49
Saving..
Total time since training starts:  533.4739

Epoch: 8
Epoch 8, train accuracy = 38.58
test_ensemble accuracy = 40.67
Saving..
Total time since training starts:  600.5888

Epoch: 9
Epoch 9, train accuracy = 39.188
test_ensemble accuracy = 41.16
Saving..
Total time since training starts:  669.7448

Epoch: 10
Epoch 10, train accuracy = 40.938
test_ensemble accuracy = 40.34
Total time since training starts:  738.1257

Epoch: 11
Epoch 11, train accuracy = 41.876
test_ensemble accuracy = 42.73
Saving..
Total time since training starts:  805.3165

Epoch: 12
Epoch 12, train accuracy = 41.994
test_ensemble accuracy = 40.78
Total time since training starts:  871.8372

Epoch: 13
Epoch 13, train accuracy = 43.492
test_ensemble accuracy = 45.16
Saving..
Total time since training starts:  939.5546

Epoch: 14
Epoch 14, train accuracy = 44.348
test_ensemble accuracy = 45.11
Total time since training starts:  1006.1668

Epoch: 15
Epoch 15, train accuracy = 43.932
test_ensemble accuracy = 41.39
Total time since training starts:  1074.2898

Epoch: 16
Epoch 16, train accuracy = 44.94
test_ensemble accuracy = 43.42
Total time since training starts:  1141.4706

Epoch: 17
Epoch 17, train accuracy = 44.998
test_ensemble accuracy = 42.31
Total time since training starts:  1206.9985

Epoch: 18
Epoch 18, train accuracy = 45.014
test_ensemble accuracy = 42.27
Total time since training starts:  1274.2206

Epoch: 19
Epoch 19, train accuracy = 45.936
test_ensemble accuracy = 41.77
Total time since training starts:  1339.6128

Epoch: 20
Epoch 20, train accuracy = 45.116
test_ensemble accuracy = 43.7
Total time since training starts:  1406.5201

Epoch: 21
Epoch 21, train accuracy = 46.09
test_ensemble accuracy = 44.21
Total time since training starts:  1473.7315

Epoch: 22
Epoch 22, train accuracy = 46.384
test_ensemble accuracy = 45.53
Saving..
Total time since training starts:  1541.2399

Epoch: 23
Epoch 23, train accuracy = 46.842
test_ensemble accuracy = 42.37
Total time since training starts:  1608.9115

Epoch: 24
Epoch 24, train accuracy = 46.168
test_ensemble accuracy = 43.66
Total time since training starts:  1675.8456

Epoch: 25
Epoch 25, train accuracy = 46.434
test_ensemble accuracy = 43.04
Total time since training starts:  1741.4792

Epoch: 26
Epoch 26, train accuracy = 45.742
test_ensemble accuracy = 39.2
Total time since training starts:  1806.9112

Epoch: 27
Epoch 27, train accuracy = 46.854
test_ensemble accuracy = 40.27
Total time since training starts:  1873.9224

Epoch: 28
Epoch 28, train accuracy = 47.018
test_ensemble accuracy = 44.02
Total time since training starts:  1942.8513

Epoch: 29
Epoch 29, train accuracy = 47.954
test_ensemble accuracy = 44.83
Total time since training starts:  2007.9451

Epoch: 30
Epoch 30, train accuracy = 46.61
test_ensemble accuracy = 44.06
Total time since training starts:  2075.0806

Epoch: 31
Epoch 31, train accuracy = 47.554
test_ensemble accuracy = 41.85
Total time since training starts:  2142.129

Epoch: 32
Epoch 32, train accuracy = 47.376
test_ensemble accuracy = 39.63
Total time since training starts:  2208.8019

Epoch: 33
Epoch 33, train accuracy = 48.24
test_ensemble accuracy = 45.56
Saving..
Total time since training starts:  2275.8728

Epoch: 34
Epoch 34, train accuracy = 48.124
test_ensemble accuracy = 44.29
Total time since training starts:  2341.1511

Epoch: 35
Epoch 35, train accuracy = 48.632
test_ensemble accuracy = 44.13
Total time since training starts:  2407.2105

Epoch: 36
Epoch 36, train accuracy = 47.574
test_ensemble accuracy = 46.48
Saving..
Total time since training starts:  2474.0928

Epoch: 37
Epoch 37, train accuracy = 47.302
test_ensemble accuracy = 43.31
Total time since training starts:  2539.3312

Epoch: 38
Epoch 38, train accuracy = 47.196
test_ensemble accuracy = 41.72
Total time since training starts:  2606.2308

Epoch: 39
Epoch 39, train accuracy = 47.718
test_ensemble accuracy = 41.48
Total time since training starts:  2674.5053

Epoch: 40
Epoch 40, train accuracy = 48.686
test_ensemble accuracy = 43.85
Total time since training starts:  2740.29

Epoch: 41
Epoch 41, train accuracy = 48.306
test_ensemble accuracy = 32.45
Total time since training starts:  2805.1719

Epoch: 42
Epoch 42, train accuracy = 48.976
test_ensemble accuracy = 46.1
Total time since training starts:  2870.983

Epoch: 43
Epoch 43, train accuracy = 49.248
test_ensemble accuracy = 40.11
Total time since training starts:  2937.8171

Epoch: 44
Epoch 44, train accuracy = 47.334
test_ensemble accuracy = 43.42
Total time since training starts:  3003.9427

Epoch: 45
Epoch 45, train accuracy = 46.288
test_ensemble accuracy = 43.88
Total time since training starts:  3071.0509

Epoch: 46
Epoch 46, train accuracy = 48.132
test_ensemble accuracy = 45.26
Total time since training starts:  3138.0624

Epoch: 47
Epoch 47, train accuracy = 49.27
test_ensemble accuracy = 45.41
Total time since training starts:  3202.5746

Epoch: 48
Epoch 48, train accuracy = 50.024
test_ensemble accuracy = 45.07
Total time since training starts:  3269.3633

Epoch: 49
Epoch 49, train accuracy = 49.524
test_ensemble accuracy = 45.92
Total time since training starts:  3334.2692

Epoch: 50
Epoch 50, train accuracy = 50.26
test_ensemble accuracy = 44.11
Total time since training starts:  3399.6226

Epoch: 51
Epoch 51, train accuracy = 48.586
test_ensemble accuracy = 44.32
Total time since training starts:  3465.5848

Epoch: 52
Epoch 52, train accuracy = 48.926
test_ensemble accuracy = 41.36
Total time since training starts:  3530.0575

Epoch: 53
Epoch 53, train accuracy = 49.538
test_ensemble accuracy = 44.62
Total time since training starts:  3596.2811

Epoch: 54
Epoch 54, train accuracy = 50.698
test_ensemble accuracy = 44.13
Total time since training starts:  3660.512

Epoch: 55
Epoch 55, train accuracy = 49.706
test_ensemble accuracy = 43.58
Total time since training starts:  3724.255

Epoch: 56
Epoch 56, train accuracy = 49.532
test_ensemble accuracy = 41.4
Total time since training starts:  3788.3697

Epoch: 57
Epoch 57, train accuracy = 48.756
test_ensemble accuracy = 46.31
Total time since training starts:  3853.2891

Epoch: 58
Epoch 58, train accuracy = 49.634
test_ensemble accuracy = 43.05
Total time since training starts:  3918.8471

Epoch: 59
Epoch 59, train accuracy = 46.934
test_ensemble accuracy = 42.03
Total time since training starts:  3985.4994

Epoch: 60
Epoch 60, train accuracy = 49.336
test_ensemble accuracy = 44.56
Total time since training starts:  4051.3576

Epoch: 61
Epoch 61, train accuracy = 48.51
test_ensemble accuracy = 40.88
Total time since training starts:  4117.1715

Epoch: 62
Epoch 62, train accuracy = 49.056
test_ensemble accuracy = 44.19
Total time since training starts:  4182.0949

Epoch: 63
Epoch 63, train accuracy = 49.232
test_ensemble accuracy = 41.73
Total time since training starts:  4246.2551

Epoch: 64
Epoch 64, train accuracy = 46.908
test_ensemble accuracy = 43.3
Total time since training starts:  4310.8117

Epoch: 65
Epoch 65, train accuracy = 47.974
test_ensemble accuracy = 41.38
Total time since training starts:  4375.9899

Epoch: 66
Epoch 66, train accuracy = 48.862
test_ensemble accuracy = 40.54
Total time since training starts:  4440.6052

Epoch: 67
Epoch 67, train accuracy = 48.474
test_ensemble accuracy = 41.36
Total time since training starts:  4506.0494

Epoch: 68
Epoch 68, train accuracy = 48.438
test_ensemble accuracy = 44.42
Total time since training starts:  4570.0718

Epoch: 69
Epoch 69, train accuracy = 47.188
test_ensemble accuracy = 43.41
Total time since training starts:  4633.8819

Epoch: 70
Epoch 70, train accuracy = 46.128
test_ensemble accuracy = 37.96
Total time since training starts:  4699.0229

Epoch: 71
Epoch 71, train accuracy = 42.848
test_ensemble accuracy = 42.02
Total time since training starts:  4763.9441

Epoch: 72
Epoch 72, train accuracy = 47.782
test_ensemble accuracy = 43.35
Total time since training starts:  4829.2401

Epoch: 73
Epoch 73, train accuracy = 47.636
test_ensemble accuracy = 41.55
Total time since training starts:  4892.2476

Epoch: 74
Epoch 74, train accuracy = 45.806
test_ensemble accuracy = 42.86
Total time since training starts:  4954.9995

Epoch: 75
Epoch 75, train accuracy = 42.726
test_ensemble accuracy = 36.56
Total time since training starts:  5017.2572

Epoch: 76
Epoch 76, train accuracy = 45.946
test_ensemble accuracy = 40.8
Total time since training starts:  5079.6026

Epoch: 77
Epoch 77, train accuracy = 43.854
test_ensemble accuracy = 39.37
Total time since training starts:  5144.1047

Epoch: 78
Epoch 78, train accuracy = 43.264
test_ensemble accuracy = 38.69
Total time since training starts:  5204.1426

Epoch: 79
Epoch 79, train accuracy = 42.914
test_ensemble accuracy = 37.67
Total time since training starts:  5265.0404

Epoch: 80
Epoch 80, train accuracy = 38.736
test_ensemble accuracy = 30.31
Total time since training starts:  5325.8053

Epoch: 81
Epoch 81, train accuracy = 31.802
test_ensemble accuracy = 26.86
Total time since training starts:  5385.6503

Epoch: 82
Epoch 82, train accuracy = 31.43
test_ensemble accuracy = 27.19
Total time since training starts:  5446.1414

Epoch: 83
Epoch 83, train accuracy = 27.1
test_ensemble accuracy = 22.32
Total time since training starts:  5504.697

Epoch: 84
Epoch 84, train accuracy = 21.688
test_ensemble accuracy = 22.79
Total time since training starts:  5565.1324

Epoch: 85
Epoch 85, train accuracy = 19.974
test_ensemble accuracy = 17.96
Total time since training starts:  5625.6961

Epoch: 86
Epoch 86, train accuracy = 16.822
test_ensemble accuracy = 17.7
Total time since training starts:  5685.5854

Epoch: 87
Epoch 87, train accuracy = 12.116
test_ensemble accuracy = 10.01
Total time since training starts:  5746.9704

Epoch: 88
Epoch 88, train accuracy = 10.104
test_ensemble accuracy = 10.01
Total time since training starts:  5809.0619

Epoch: 89
Epoch 89, train accuracy = 9.99
test_ensemble accuracy = 10.01
Total time since training starts:  5869.7336

Epoch: 90
Epoch 90, train accuracy = 10.048
test_ensemble accuracy = 10.0
Total time since training starts:  5929.8154

Epoch: 91
Epoch 91, train accuracy = 9.902
test_ensemble accuracy = 10.01
Total time since training starts:  5991.682

Epoch: 92
Epoch 92, train accuracy = 10.022
test_ensemble accuracy = 10.01
Total time since training starts:  6053.1934

Epoch: 93
Epoch 93, train accuracy = 10.158
test_ensemble accuracy = 10.01
Total time since training starts:  6113.5831

Epoch: 94
Epoch 94, train accuracy = 9.936
test_ensemble accuracy = 10.01
Total time since training starts:  6174.5851

Epoch: 95
Epoch 95, train accuracy = 9.856
test_ensemble accuracy = 10.01
Total time since training starts:  6235.1411

Epoch: 96
Epoch 96, train accuracy = 9.886
test_ensemble accuracy = 10.01
Total time since training starts:  6293.8403

Epoch: 97
Epoch 97, train accuracy = 9.878
test_ensemble accuracy = 10.01
Total time since training starts:  6355.139

Epoch: 98
Epoch 98, train accuracy = 9.99
test_ensemble accuracy = 10.01
Total time since training starts:  6418.0929

Epoch: 99
Epoch 99, train accuracy = 9.75
test_ensemble accuracy = 10.01
Total time since training starts:  6478.9242

Epoch: 100
Epoch 100, train accuracy = 10.062
test_ensemble accuracy = 10.01
Total time since training starts:  6539.7655

Epoch: 101
Epoch 101, train accuracy = 9.794
test_ensemble accuracy = 10.01
Total time since training starts:  6601.992

Epoch: 102
Epoch 102, train accuracy = 10.03
test_ensemble accuracy = 10.0
Total time since training starts:  6663.5076

Epoch: 103
Epoch 103, train accuracy = 10.074
test_ensemble accuracy = 10.01
Total time since training starts:  6724.2864

Epoch: 104
Epoch 104, train accuracy = 10.008
test_ensemble accuracy = 10.01
Total time since training starts:  6784.3209

Epoch: 105
Epoch 105, train accuracy = 9.928
test_ensemble accuracy = 10.01
Total time since training starts:  6845.2155

Epoch: 106
Epoch 106, train accuracy = 9.962
test_ensemble accuracy = 10.01
Total time since training starts:  6905.7606

Epoch: 107
Epoch 107, train accuracy = 9.924
test_ensemble accuracy = 10.01
Total time since training starts:  6969.2616

Epoch: 108
Epoch 108, train accuracy = 9.97
test_ensemble accuracy = 10.01
Total time since training starts:  7034.4104

Epoch: 109
Epoch 109, train accuracy = 9.808
test_ensemble accuracy = 10.01
Total time since training starts:  7095.7882

Epoch: 110
Epoch 110, train accuracy = 9.954
test_ensemble accuracy = 10.01
Total time since training starts:  7155.9904

Epoch: 111
Epoch 111, train accuracy = 10.054
test_ensemble accuracy = 10.01
Total time since training starts:  7219.1118

Epoch: 112
Epoch 112, train accuracy = 10.038
test_ensemble accuracy = 10.01
Total time since training starts:  7281.4332

Epoch: 113
Epoch 113, train accuracy = 10.082
test_ensemble accuracy = 10.01
Total time since training starts:  7351.177

Epoch: 114
Epoch 114, train accuracy = 9.94
test_ensemble accuracy = 10.01
Total time since training starts:  7421.3799

Epoch: 115
Epoch 115, train accuracy = 9.93
test_ensemble accuracy = 10.0
Total time since training starts:  7493.1799

Epoch: 116
Epoch 116, train accuracy = 10.23
test_ensemble accuracy = 10.01
Total time since training starts:  7562.5847

Epoch: 117
Epoch 117, train accuracy = 9.948
test_ensemble accuracy = 10.01
Total time since training starts:  7632.7556

Epoch: 118
Epoch 118, train accuracy = 10.366
test_ensemble accuracy = 10.01
Total time since training starts:  7704.2794

Epoch: 119
Epoch 119, train accuracy = 10.21
test_ensemble accuracy = 10.01
Total time since training starts:  7774.4939

Epoch: 120
Epoch 120, train accuracy = 10.078
test_ensemble accuracy = 10.01
Total time since training starts:  7843.993

Epoch: 121
Epoch 121, train accuracy = 10.24
test_ensemble accuracy = 10.01
Total time since training starts:  7915.2489

Epoch: 122
Epoch 122, train accuracy = 9.864
test_ensemble accuracy = 10.01
Total time since training starts:  7985.292

Epoch: 123
Epoch 123, train accuracy = 9.896
test_ensemble accuracy = 10.0
Total time since training starts:  8056.8568

Epoch: 124
Epoch 124, train accuracy = 10.036
test_ensemble accuracy = 10.01
Total time since training starts:  8126.3967

Epoch: 125
Epoch 125, train accuracy = 9.958
test_ensemble accuracy = 10.01
Total time since training starts:  8189.9437

Epoch: 126
Epoch 126, train accuracy = 9.84
test_ensemble accuracy = 10.01
Total time since training starts:  8252.8078

Epoch: 127
Epoch 127, train accuracy = 9.88
test_ensemble accuracy = 10.01
Total time since training starts:  8315.9477

Epoch: 128
Epoch 128, train accuracy = 9.946
test_ensemble accuracy = 10.01
Total time since training starts:  8375.9886

Epoch: 129
Epoch 129, train accuracy = 10.21
test_ensemble accuracy = 10.01
Total time since training starts:  8437.2599

Epoch: 130
Epoch 130, train accuracy = 9.886
test_ensemble accuracy = 10.01
Total time since training starts:  8497.2078

Epoch: 131
Epoch 131, train accuracy = 10.032
test_ensemble accuracy = 10.01
Total time since training starts:  8559.6361

Epoch: 132
Epoch 132, train accuracy = 9.962
test_ensemble accuracy = 10.0
Total time since training starts:  8623.5452

Epoch: 133
Epoch 133, train accuracy = 9.972
test_ensemble accuracy = 10.01
Total time since training starts:  8688.4205

Epoch: 134
Epoch 134, train accuracy = 10.088
test_ensemble accuracy = 10.01
Total time since training starts:  8751.837

Epoch: 135
Epoch 135, train accuracy = 9.832
test_ensemble accuracy = 10.01
Total time since training starts:  8813.2958

Epoch: 136
Epoch 136, train accuracy = 10.024
test_ensemble accuracy = 10.01
Total time since training starts:  8876.3505

Epoch: 137
Epoch 137, train accuracy = 10.066
test_ensemble accuracy = 10.01
Total time since training starts:  8940.2267

Epoch: 138
Epoch 138, train accuracy = 10.092
test_ensemble accuracy = 10.01
Total time since training starts:  9003.7512

Epoch: 139
Epoch 139, train accuracy = 10.0
test_ensemble accuracy = 10.01
Total time since training starts:  9068.6534

Epoch: 140
Epoch 140, train accuracy = 9.932
test_ensemble accuracy = 10.01
Total time since training starts:  9131.9633

Epoch: 141
Epoch 141, train accuracy = 9.806
test_ensemble accuracy = 10.01
Total time since training starts:  9195.7988

Epoch: 142
Epoch 142, train accuracy = 10.074
test_ensemble accuracy = 10.01
Total time since training starts:  9260.2121

Epoch: 143
Epoch 143, train accuracy = 9.908
test_ensemble accuracy = 10.01
Total time since training starts:  9323.7245

Epoch: 144
Epoch 144, train accuracy = 10.122
test_ensemble accuracy = 10.01
Total time since training starts:  9387.5032

Epoch: 145
Epoch 145, train accuracy = 9.972
test_ensemble accuracy = 10.0
Total time since training starts:  9448.3876

Epoch: 146
Epoch 146, train accuracy = 9.622
test_ensemble accuracy = 10.01
Total time since training starts:  9511.3763

Epoch: 147
Epoch 147, train accuracy = 9.542
test_ensemble accuracy = 10.01
Total time since training starts:  9572.1263

Epoch: 148
Epoch 148, train accuracy = 10.012
test_ensemble accuracy = 10.01
Total time since training starts:  9637.4674

Epoch: 149
Epoch 149, train accuracy = 9.992
test_ensemble accuracy = 10.01
Total time since training starts:  9699.2417

Epoch: 150
Epoch 150, train accuracy = 9.994
test_ensemble accuracy = 10.01
Total time since training starts:  9758.9485

Epoch: 151
Epoch 151, train accuracy = 9.884
test_ensemble accuracy = 10.01
Total time since training starts:  9823.3855

Epoch: 152
Epoch 152, train accuracy = 10.198
test_ensemble accuracy = 10.01
Total time since training starts:  9888.8535

Epoch: 153
Epoch 153, train accuracy = 10.022
test_ensemble accuracy = 10.01
Total time since training starts:  9952.9764

Epoch: 154
Epoch 154, train accuracy = 9.728
test_ensemble accuracy = 10.01
Total time since training starts:  10015.2203

Epoch: 155
Epoch 155, train accuracy = 10.044
test_ensemble accuracy = 10.01
Total time since training starts:  10077.6139

Epoch: 156
Epoch 156, train accuracy = 9.78
test_ensemble accuracy = 10.01
Total time since training starts:  10137.2135

Epoch: 157
Epoch 157, train accuracy = 10.248
test_ensemble accuracy = 10.01
Total time since training starts:  10199.1855

Epoch: 158
Epoch 158, train accuracy = 9.75
test_ensemble accuracy = 10.01
Total time since training starts:  10261.2044

Epoch: 159
Epoch 159, train accuracy = 9.924
test_ensemble accuracy = 10.01
Total time since training starts:  10323.5777

Epoch: 160
Epoch 160, train accuracy = 9.93
test_ensemble accuracy = 10.01
Total time since training starts:  10384.6303

Epoch: 161
Epoch 161, train accuracy = 9.904
test_ensemble accuracy = 10.01
Total time since training starts:  10445.8818

Epoch: 162
Epoch 162, train accuracy = 9.846
test_ensemble accuracy = 10.01
Total time since training starts:  10508.2826

Epoch: 163
Epoch 163, train accuracy = 9.88
test_ensemble accuracy = 10.01
Total time since training starts:  10569.7298

Epoch: 164
Epoch 164, train accuracy = 9.972
test_ensemble accuracy = 10.01
Total time since training starts:  10630.8487

Epoch: 165
Epoch 165, train accuracy = 10.156
test_ensemble accuracy = 10.01
Total time since training starts:  10695.9074

Epoch: 166
Epoch 166, train accuracy = 9.906
test_ensemble accuracy = 10.01
Total time since training starts:  10757.705

Epoch: 167
Epoch 167, train accuracy = 9.878
test_ensemble accuracy = 10.01
Total time since training starts:  10822.3326

Epoch: 168
Epoch 168, train accuracy = 10.126
test_ensemble accuracy = 10.01
Total time since training starts:  10886.1826

Epoch: 169
Epoch 169, train accuracy = 9.99
test_ensemble accuracy = 10.01
Total time since training starts:  10949.8126

Epoch: 170
Epoch 170, train accuracy = 10.026
test_ensemble accuracy = 10.01
Total time since training starts:  11013.8396

Epoch: 171
Epoch 171, train accuracy = 10.084
test_ensemble accuracy = 10.01
Total time since training starts:  11075.5775

Epoch: 172
Epoch 172, train accuracy = 9.708
test_ensemble accuracy = 10.01
Total time since training starts:  11139.9339

Epoch: 173
Epoch 173, train accuracy = 9.846
test_ensemble accuracy = 10.01
Total time since training starts:  11205.905

Epoch: 174
Epoch 174, train accuracy = 10.178
test_ensemble accuracy = 10.0
Total time since training starts:  11265.5623

Epoch: 175
Epoch 175, train accuracy = 10.144
test_ensemble accuracy = 10.01
Total time since training starts:  11327.1015

Epoch: 176
Epoch 176, train accuracy = 9.732
test_ensemble accuracy = 10.01
Total time since training starts:  11387.8621

Epoch: 177
Epoch 177, train accuracy = 9.85
test_ensemble accuracy = 10.01
Total time since training starts:  11450.9491

Epoch: 178
Epoch 178, train accuracy = 10.054
test_ensemble accuracy = 10.01
Total time since training starts:  11514.6488

Epoch: 179
Epoch 179, train accuracy = 10.082
test_ensemble accuracy = 10.01
Total time since training starts:  11576.1427

Epoch: 180
Epoch 180, train accuracy = 9.96
test_ensemble accuracy = 10.01
Total time since training starts:  11638.39

Epoch: 181
Epoch 181, train accuracy = 10.042
test_ensemble accuracy = 10.01
Total time since training starts:  11701.5422

Epoch: 182
Epoch 182, train accuracy = 9.476
test_ensemble accuracy = 10.01
Total time since training starts:  11762.521

Epoch: 183
Epoch 183, train accuracy = 10.092
test_ensemble accuracy = 10.01
Total time since training starts:  11824.6177

Epoch: 184
Epoch 184, train accuracy = 9.788
test_ensemble accuracy = 10.01
Total time since training starts:  11886.0213

Epoch: 185
Epoch 185, train accuracy = 10.036
test_ensemble accuracy = 10.01
Total time since training starts:  11949.9214

Epoch: 186
Epoch 186, train accuracy = 9.604
test_ensemble accuracy = 10.0
Total time since training starts:  12012.7203

Epoch: 187
Epoch 187, train accuracy = 10.03
test_ensemble accuracy = 10.01
Total time since training starts:  12075.118

Epoch: 188
Epoch 188, train accuracy = 9.998
test_ensemble accuracy = 10.01
Total time since training starts:  12135.6333

Epoch: 189
Epoch 189, train accuracy = 9.97
test_ensemble accuracy = 10.01
Total time since training starts:  12195.3338

Epoch: 190
Epoch 190, train accuracy = 9.992
test_ensemble accuracy = 10.0
Total time since training starts:  12256.0109

Epoch: 191
Epoch 191, train accuracy = 10.082
test_ensemble accuracy = 10.01
Total time since training starts:  12316.7325

Epoch: 192
Epoch 192, train accuracy = 9.838
test_ensemble accuracy = 10.01
Total time since training starts:  12381.3037

Epoch: 193
Epoch 193, train accuracy = 9.914
test_ensemble accuracy = 10.01
Total time since training starts:  12446.1365

Epoch: 194
Epoch 194, train accuracy = 10.206
test_ensemble accuracy = 10.01
Total time since training starts:  12510.4026

Epoch: 195
Epoch 195, train accuracy = 9.826
test_ensemble accuracy = 10.01
Total time since training starts:  12574.657

Epoch: 196
Epoch 196, train accuracy = 9.942
test_ensemble accuracy = 10.01
Total time since training starts:  12638.3884

Epoch: 197
Epoch 197, train accuracy = 9.91
test_ensemble accuracy = 10.01
Total time since training starts:  12702.1866

Epoch: 198
Epoch 198, train accuracy = 9.824
test_ensemble accuracy = 10.01
Total time since training starts:  12762.4851

Epoch: 199
Epoch 199, train accuracy = 9.924
test_ensemble accuracy = 10.01
Total time since training starts:  12823.6783
