Files already downloaded and verified
==> Building model..

Epoch: 0
Epoch 0, train accuracy = 18.666
test accuracy = 29.65
Saving..
Total time since training starts:  176.2164

Epoch: 1
Epoch 1, train accuracy = 32.406
test accuracy = 27.73
Total time since training starts:  354.6841

Epoch: 2
Epoch 2, train accuracy = 36.654
test accuracy = 37.86
Saving..
Total time since training starts:  534.3314

Epoch: 3
Epoch 3, train accuracy = 40.844
test accuracy = 40.79
Saving..
Total time since training starts:  715.4391

Epoch: 4
Epoch 4, train accuracy = 43.644
test accuracy = 43.75
Saving..
Total time since training starts:  895.1416

Epoch: 5
Epoch 5, train accuracy = 45.208
test accuracy = 42.47
Total time since training starts:  1074.2387

Epoch: 6
Epoch 6, train accuracy = 45.382
test accuracy = 44.4
Saving..
Total time since training starts:  1285.0628

Epoch: 7
Epoch 7, train accuracy = 47.564
test accuracy = 47.79
Saving..
Total time since training starts:  1516.6202

Epoch: 8
Epoch 8, train accuracy = 47.66
test accuracy = 47.64
Total time since training starts:  1761.2129

Epoch: 9
Epoch 9, train accuracy = 48.368
test accuracy = 44.77
Total time since training starts:  1997.2319

Epoch: 10
Epoch 10, train accuracy = 47.1
test accuracy = 43.9
Total time since training starts:  2229.7576

Epoch: 11
Epoch 11, train accuracy = 48.476
test accuracy = 44.51
Total time since training starts:  2467.081

Epoch: 12
Epoch 12, train accuracy = 49.474
test accuracy = 46.89
Total time since training starts:  2707.2097

Epoch: 13
Epoch 13, train accuracy = 50.484
test accuracy = 47.68
Total time since training starts:  2953.0908

Epoch: 14
Epoch 14, train accuracy = 50.78
test accuracy = 47.72
Total time since training starts:  3199.6479

Epoch: 15
Epoch 15, train accuracy = 51.364
test accuracy = 48.44
Saving..
Total time since training starts:  3463.1942

Epoch: 16
Epoch 16, train accuracy = 51.31
test accuracy = 47.3
Total time since training starts:  3729.0066

Epoch: 17
Epoch 17, train accuracy = 51.322
test accuracy = 47.49
Total time since training starts:  3993.0745

Epoch: 18
Epoch 18, train accuracy = 51.426
test accuracy = 47.02
Total time since training starts:  4259.2766

Epoch: 19
Epoch 19, train accuracy = 52.068
test accuracy = 47.72
Total time since training starts:  4526.1389

Epoch: 20
Epoch 20, train accuracy = 52.794
test accuracy = 48.71
Saving..
Total time since training starts:  4792.6092

Epoch: 21
Epoch 21, train accuracy = 52.158
test accuracy = 46.33
Total time since training starts:  5058.8554

Epoch: 22
Epoch 22, train accuracy = 52.436
test accuracy = 48.82
Saving..
Total time since training starts:  5328.3563

Epoch: 23
Epoch 23, train accuracy = 53.212
test accuracy = 40.12
Total time since training starts:  5601.8346

Epoch: 24
Epoch 24, train accuracy = 52.74
test accuracy = 48.8
Total time since training starts:  5825.6988

Epoch: 25
Epoch 25, train accuracy = 53.176
test accuracy = 47.12
Total time since training starts:  6067.5923

Epoch: 26
Epoch 26, train accuracy = 53.406
test accuracy = 49.53
Saving..
Total time since training starts:  6318.5811

Epoch: 27
Epoch 27, train accuracy = 52.812
test accuracy = 46.45
Total time since training starts:  6563.7925

Epoch: 28
Epoch 28, train accuracy = 53.182
test accuracy = 49.35
Total time since training starts:  6814.8006

Epoch: 29
Epoch 29, train accuracy = 53.212
test accuracy = 47.5
Total time since training starts:  7055.6349

Epoch: 30
Epoch 30, train accuracy = 53.76
test accuracy = 49.34
Total time since training starts:  7296.0122

Epoch: 31
Epoch 31, train accuracy = 53.334
test accuracy = 48.08
Total time since training starts:  7542.0268

Epoch: 32
Epoch 32, train accuracy = 53.312
test accuracy = 46.0
Total time since training starts:  7784.0313

Epoch: 33
Epoch 33, train accuracy = 53.2
test accuracy = 41.47
Total time since training starts:  8027.532

Epoch: 34
Epoch 34, train accuracy = 52.93
test accuracy = 47.9
Total time since training starts:  8268.5121

Epoch: 35
Epoch 35, train accuracy = 52.924
test accuracy = 47.6
Total time since training starts:  8518.5556

Epoch: 36
Epoch 36, train accuracy = 52.868
test accuracy = 46.61
Total time since training starts:  8767.1778

Epoch: 37
Epoch 37, train accuracy = 53.496
test accuracy = 48.66
Total time since training starts:  9019.9369

Epoch: 38
Epoch 38, train accuracy = 52.664
test accuracy = 47.95
Total time since training starts:  9274.6332

Epoch: 39
Epoch 39, train accuracy = 52.372
test accuracy = 48.05
Total time since training starts:  9523.5877

Epoch: 40
Epoch 40, train accuracy = 51.312
test accuracy = 37.36
Total time since training starts:  9735.6441

Epoch: 41
Epoch 41, train accuracy = 50.47
test accuracy = 47.26
Total time since training starts:  9945.1128

Epoch: 42
Epoch 42, train accuracy = 52.116
test accuracy = 44.87
Total time since training starts:  10159.8748

Epoch: 43
Epoch 43, train accuracy = 53.492
test accuracy = 46.59
Total time since training starts:  10377.9004

Epoch: 44
Epoch 44, train accuracy = 51.918
test accuracy = 44.54
Total time since training starts:  10589.537

Epoch: 45
Epoch 45, train accuracy = 52.218
test accuracy = 41.0
Total time since training starts:  10798.465

Epoch: 46
Epoch 46, train accuracy = 51.244
test accuracy = 45.95
Total time since training starts:  11000.1569

Epoch: 47
Epoch 47, train accuracy = 52.134
test accuracy = 45.2
Total time since training starts:  11203.4777

Epoch: 48
Epoch 48, train accuracy = 51.86
test accuracy = 49.44
Total time since training starts:  11406.1255

Epoch: 49
Epoch 49, train accuracy = 50.88
test accuracy = 36.75
Total time since training starts:  11605.7976

Epoch: 50
Epoch 50, train accuracy = 43.51
test accuracy = 10.04
Total time since training starts:  11801.6233

Epoch: 51
Epoch 51, train accuracy = 10.264
test accuracy = 10.01
Total time since training starts:  11997.6414

Epoch: 52
Epoch 52, train accuracy = 10.196
test accuracy = 10.0
Total time since training starts:  12191.3183

Epoch: 53
Epoch 53, train accuracy = 9.916
test accuracy = 10.0
Total time since training starts:  12393.5274

Epoch: 54
Epoch 54, train accuracy = 10.058
test accuracy = 10.0
Total time since training starts:  12605.6675

Epoch: 55
Epoch 55, train accuracy = 9.676
test accuracy = 10.0
Total time since training starts:  12815.1596

Epoch: 56
Epoch 56, train accuracy = 9.894
test accuracy = 10.0
Total time since training starts:  13029.7565

Epoch: 57
Epoch 57, train accuracy = 10.032
test accuracy = 10.0
Total time since training starts:  13252.0306

Epoch: 58
Epoch 58, train accuracy = 10.098
test accuracy = 10.0
Total time since training starts:  13470.4886

Epoch: 59
Epoch 59, train accuracy = 10.326
test accuracy = 10.0
Total time since training starts:  13688.0615

Epoch: 60
Epoch 60, train accuracy = 9.972
test accuracy = 10.0
Total time since training starts:  13904.6169

Epoch: 61
Epoch 61, train accuracy = 9.902
test accuracy = 10.0
Total time since training starts:  14125.615

Epoch: 62
Epoch 62, train accuracy = 10.006
test accuracy = 10.0
Total time since training starts:  14346.9879

Epoch: 63
Epoch 63, train accuracy = 9.882
test accuracy = 10.0
Total time since training starts:  14564.7732

Epoch: 64
Epoch 64, train accuracy = 9.944
test accuracy = 10.0
Total time since training starts:  14778.9031

Epoch: 65
Epoch 65, train accuracy = 9.706
test accuracy = 10.0
Total time since training starts:  14988.2699

Epoch: 66
Epoch 66, train accuracy = 9.936
test accuracy = 10.0
Total time since training starts:  15197.3282

Epoch: 67
Epoch 67, train accuracy = 9.824
test accuracy = 10.0
Total time since training starts:  15404.4451

Epoch: 68
Epoch 68, train accuracy = 9.982
test accuracy = 10.0
Total time since training starts:  15605.256

Epoch: 69
Epoch 69, train accuracy = 9.858
test accuracy = 10.0
Total time since training starts:  15804.3044

Epoch: 70
Epoch 70, train accuracy = 9.762
test accuracy = 10.0
Total time since training starts:  16005.7438

Epoch: 71
Epoch 71, train accuracy = 9.934
test accuracy = 10.0
Total time since training starts:  16203.4385

Epoch: 72
Epoch 72, train accuracy = 10.018
test accuracy = 10.0
Total time since training starts:  16410.261

Epoch: 73
Epoch 73, train accuracy = 9.842
test accuracy = 10.0
Total time since training starts:  16625.1987

Epoch: 74
Epoch 74, train accuracy = 9.922
test accuracy = 10.0
Total time since training starts:  16842.8052

Epoch: 75
Epoch 75, train accuracy = 10.124
test accuracy = 10.0
Total time since training starts:  17057.5736

Epoch: 76
Epoch 76, train accuracy = 9.922
test accuracy = 10.0
Total time since training starts:  17272.9854

Epoch: 77
Epoch 77, train accuracy = 9.914
test accuracy = 10.0
Total time since training starts:  17489.1415

Epoch: 78
Epoch 78, train accuracy = 9.848
test accuracy = 10.0
Total time since training starts:  17705.3745

Epoch: 79
Epoch 79, train accuracy = 10.05
test accuracy = 10.0
Total time since training starts:  17909.8748

Epoch: 80
Epoch 80, train accuracy = 9.884
test accuracy = 10.0
Total time since training starts:  18124.3963

Epoch: 81
Epoch 81, train accuracy = 9.998
test accuracy = 10.0
Total time since training starts:  18337.2136

Epoch: 82
Epoch 82, train accuracy = 10.106
test accuracy = 10.0
Total time since training starts:  18550.2483

Epoch: 83
Epoch 83, train accuracy = 10.0
test accuracy = 10.0
Total time since training starts:  18759.6846

Epoch: 84
Epoch 84, train accuracy = 9.99
test accuracy = 10.0
Total time since training starts:  18967.1967

Epoch: 85
Epoch 85, train accuracy = 10.008
test accuracy = 10.0
Total time since training starts:  19163.481

Epoch: 86
Epoch 86, train accuracy = 9.938
test accuracy = 10.0
Total time since training starts:  19363.8805

Epoch: 87
Epoch 87, train accuracy = 9.922
test accuracy = 10.0
Total time since training starts:  19561.8455

Epoch: 88
Epoch 88, train accuracy = 9.706
test accuracy = 10.0
Total time since training starts:  19757.116

Epoch: 89
Epoch 89, train accuracy = 9.842
test accuracy = 10.0
Total time since training starts:  19945.5124

Epoch: 90
Epoch 90, train accuracy = 9.954
test accuracy = 10.0
Total time since training starts:  20136.7353

Epoch: 91
Epoch 91, train accuracy = 9.898
test accuracy = 10.0
Total time since training starts:  20327.8913

Epoch: 92
Epoch 92, train accuracy = 9.96
test accuracy = 10.0
Total time since training starts:  20521.392

Epoch: 93
Epoch 93, train accuracy = 9.806
test accuracy = 10.0
Total time since training starts:  20715.2877

Epoch: 94
Epoch 94, train accuracy = 9.892
test accuracy = 10.0
Total time since training starts:  20953.0411

Epoch: 95
Epoch 95, train accuracy = 9.98
test accuracy = 10.0
Total time since training starts:  21205.0852

Epoch: 96
Epoch 96, train accuracy = 9.998
test accuracy = 10.0
Total time since training starts:  21451.0385

Epoch: 97
Epoch 97, train accuracy = 9.88
test accuracy = 10.0
Total time since training starts:  21700.7891

Epoch: 98
Epoch 98, train accuracy = 9.992
test accuracy = 10.0
Total time since training starts:  21949.4325

Epoch: 99
Epoch 99, train accuracy = 10.046
test accuracy = 10.0
Total time since training starts:  22194.03

Epoch: 100
Epoch 100, train accuracy = 10.104
test accuracy = 10.0
Total time since training starts:  22446.0218

Epoch: 101
Epoch 101, train accuracy = 9.984
test accuracy = 10.0
Total time since training starts:  22697.7425

Epoch: 102
Epoch 102, train accuracy = 9.926
test accuracy = 10.0
Total time since training starts:  22947.6205

Epoch: 103
Epoch 103, train accuracy = 9.97
test accuracy = 10.0
Total time since training starts:  23199.8689

Epoch: 104
Epoch 104, train accuracy = 10.09
test accuracy = 10.0
Total time since training starts:  23468.2406

Epoch: 105
Epoch 105, train accuracy = 9.696
test accuracy = 10.0
Total time since training starts:  23730.6735

Epoch: 106
Epoch 106, train accuracy = 9.946
test accuracy = 10.0
Total time since training starts:  23990.9471

Epoch: 107
Epoch 107, train accuracy = 10.096
test accuracy = 10.0
Total time since training starts:  24253.1013

Epoch: 108
Epoch 108, train accuracy = 10.082
test accuracy = 10.0
Total time since training starts:  24501.7783

Epoch: 109
Epoch 109, train accuracy = 9.836
test accuracy = 10.0
Total time since training starts:  24748.7216

Epoch: 110
Epoch 110, train accuracy = 10.11
test accuracy = 10.0
Total time since training starts:  25000.1111

Epoch: 111
Epoch 111, train accuracy = 10.096
test accuracy = 10.0
Total time since training starts:  25248.6539

Epoch: 112
Epoch 112, train accuracy = 9.904
test accuracy = 10.0
Total time since training starts:  25493.3561

Epoch: 113
Epoch 113, train accuracy = 9.786
test accuracy = 10.0
Total time since training starts:  25729.6848

Epoch: 114
Epoch 114, train accuracy = 9.932
test accuracy = 10.0
Total time since training starts:  25972.7222

Epoch: 115
Epoch 115, train accuracy = 9.822
test accuracy = 10.0
Total time since training starts:  26215.1884

Epoch: 116
Epoch 116, train accuracy = 10.152
test accuracy = 10.0
Total time since training starts:  26457.2367

Epoch: 117
Epoch 117, train accuracy = 10.004
test accuracy = 10.0
Total time since training starts:  26703.7048

Epoch: 118
Epoch 118, train accuracy = 9.914
test accuracy = 10.0
Total time since training starts:  26952.9284

Epoch: 119
Epoch 119, train accuracy = 10.018
test accuracy = 10.0
Total time since training starts:  27216.7371

Epoch: 120
Epoch 120, train accuracy = 9.97
test accuracy = 10.0
Total time since training starts:  27479.1757

Epoch: 121
Epoch 121, train accuracy = 9.776
test accuracy = 10.0
Total time since training starts:  27729.4467

Epoch: 122
Epoch 122, train accuracy = 9.772
test accuracy = 10.0
Total time since training starts:  27996.3443

Epoch: 123
Epoch 123, train accuracy = 9.942
test accuracy = 10.0
Total time since training starts:  28216.38

Epoch: 124
Epoch 124, train accuracy = 10.046
test accuracy = 10.0
Total time since training starts:  28428.8982

Epoch: 125
Epoch 125, train accuracy = 9.88
test accuracy = 10.0
Total time since training starts:  28637.0018

Epoch: 126
Epoch 126, train accuracy = 10.138
test accuracy = 10.0
Total time since training starts:  28843.5947

Epoch: 127
Epoch 127, train accuracy = 10.006
test accuracy = 10.0
Total time since training starts:  29049.4375

Epoch: 128
Epoch 128, train accuracy = 9.936
test accuracy = 10.0
Total time since training starts:  29257.0732

Epoch: 129
Epoch 129, train accuracy = 10.096
test accuracy = 10.0
Total time since training starts:  29471.5792

Epoch: 130
Epoch 130, train accuracy = 9.716
test accuracy = 10.0
Total time since training starts:  29688.3237

Epoch: 131
Epoch 131, train accuracy = 9.728
test accuracy = 10.0
Total time since training starts:  29896.2374

Epoch: 132
Epoch 132, train accuracy = 10.108
test accuracy = 10.0
Total time since training starts:  30105.0018

Epoch: 133
Epoch 133, train accuracy = 9.652
test accuracy = 10.0
Total time since training starts:  30310.8485

Epoch: 134
Epoch 134, train accuracy = 10.108
test accuracy = 10.0
Total time since training starts:  30509.0459

Epoch: 135
Epoch 135, train accuracy = 9.98
test accuracy = 10.0
Total time since training starts:  30709.627

Epoch: 136
Epoch 136, train accuracy = 9.922
test accuracy = 10.0
Total time since training starts:  30911.5808

Epoch: 137
Epoch 137, train accuracy = 9.906
test accuracy = 10.0
Total time since training starts:  31109.115

Epoch: 138
Epoch 138, train accuracy = 10.152
test accuracy = 10.0
Total time since training starts:  31306.8024

Epoch: 139
Epoch 139, train accuracy = 9.878
test accuracy = 10.0
Total time since training starts:  31501.4166

Epoch: 140
Epoch 140, train accuracy = 9.98
test accuracy = 10.0
Total time since training starts:  31695.2169

Epoch: 141
Epoch 141, train accuracy = 9.844
test accuracy = 10.0
Total time since training starts:  31891.4463

Epoch: 142
Epoch 142, train accuracy = 9.834
test accuracy = 10.0
Total time since training starts:  32100.9255

Epoch: 143
Epoch 143, train accuracy = 9.794
test accuracy = 10.0
Total time since training starts:  32310.0172

Epoch: 144
Epoch 144, train accuracy = 10.08
test accuracy = 10.0
Total time since training starts:  32518.1663

Epoch: 145
Epoch 145, train accuracy = 9.88
test accuracy = 10.0
Total time since training starts:  32726.1865

Epoch: 146
Epoch 146, train accuracy = 9.764
test accuracy = 10.0
Total time since training starts:  32936.0619

Epoch: 147
Epoch 147, train accuracy = 9.966
test accuracy = 10.0
Total time since training starts:  33148.19

Epoch: 148
Epoch 148, train accuracy = 10.132
test accuracy = 10.0
Total time since training starts:  33358.5815

Epoch: 149
Epoch 149, train accuracy = 10.048
test accuracy = 10.0
Total time since training starts:  33570.9666

Epoch: 150
Epoch 150, train accuracy = 10.1
test accuracy = 10.0
Total time since training starts:  33788.568

Epoch: 151
Epoch 151, train accuracy = 10.054
test accuracy = 10.0
Total time since training starts:  34005.7799

Epoch: 152
Epoch 152, train accuracy = 9.972
test accuracy = 10.0
Total time since training starts:  34226.3874

Epoch: 153
Epoch 153, train accuracy = 9.948
test accuracy = 10.0
Total time since training starts:  34446.4263

Epoch: 154
Epoch 154, train accuracy = 10.052
test accuracy = 10.0
Total time since training starts:  34665.3752

Epoch: 155
Epoch 155, train accuracy = 10.088
test accuracy = 10.0
Total time since training starts:  34886.3738

Epoch: 156
Epoch 156, train accuracy = 9.824
test accuracy = 10.0
Total time since training starts:  35098.6267

Epoch: 157
Epoch 157, train accuracy = 9.798
test accuracy = 10.0
Total time since training starts:  35307.2071

Epoch: 158
Epoch 158, train accuracy = 9.89
test accuracy = 10.0
Total time since training starts:  35517.6422

Epoch: 159
Epoch 159, train accuracy = 9.936
test accuracy = 10.0
Total time since training starts:  35728.4589

Epoch: 160
Epoch 160, train accuracy = 9.682
test accuracy = 10.0
Total time since training starts:  35931.8313

Epoch: 161
Epoch 161, train accuracy = 10.104
test accuracy = 10.0
Total time since training starts:  36132.4892

Epoch: 162
Epoch 162, train accuracy = 10.062
test accuracy = 10.0
Total time since training starts:  36333.2963

Epoch: 163
Epoch 163, train accuracy = 10.038
test accuracy = 10.0
Total time since training starts:  36537.2002

Epoch: 164
Epoch 164, train accuracy = 10.062
test accuracy = 10.0
Total time since training starts:  36751.9706

Epoch: 165
Epoch 165, train accuracy = 9.876
test accuracy = 10.0
Total time since training starts:  36968.1383

Epoch: 166
Epoch 166, train accuracy = 9.81
test accuracy = 10.0
Total time since training starts:  37186.8112

Epoch: 167
Epoch 167, train accuracy = 9.97
test accuracy = 10.0
Total time since training starts:  37403.1497

Epoch: 168
Epoch 168, train accuracy = 10.098
test accuracy = 10.0
Total time since training starts:  37619.0342

Epoch: 169
Epoch 169, train accuracy = 9.866
test accuracy = 10.0
Total time since training starts:  37834.2971

Epoch: 170
Epoch 170, train accuracy = 9.938
test accuracy = 10.0
Total time since training starts:  38050.3752

Epoch: 171
Epoch 171, train accuracy = 9.904
test accuracy = 10.0
Total time since training starts:  38266.0577

Epoch: 172
Epoch 172, train accuracy = 10.146
test accuracy = 10.0
Total time since training starts:  38483.9141

Epoch: 173
Epoch 173, train accuracy = 9.98
test accuracy = 10.0
Total time since training starts:  38696.8611

Epoch: 174
Epoch 174, train accuracy = 9.742
test accuracy = 10.0
Total time since training starts:  38905.6903

Epoch: 175
Epoch 175, train accuracy = 9.72
test accuracy = 10.0
Total time since training starts:  39117.5276

Epoch: 176
Epoch 176, train accuracy = 9.874
test accuracy = 10.0
Total time since training starts:  39329.211

Epoch: 177
Epoch 177, train accuracy = 10.088
test accuracy = 10.0
Total time since training starts:  39539.5759

Epoch: 178
Epoch 178, train accuracy = 10.226
test accuracy = 10.0
Total time since training starts:  39746.9058

Epoch: 179
Epoch 179, train accuracy = 10.104
test accuracy = 10.0
Total time since training starts:  39953.8708

Epoch: 180
Epoch 180, train accuracy = 9.904
test accuracy = 10.0
Total time since training starts:  40154.1676

Epoch: 181
Epoch 181, train accuracy = 10.0
test accuracy = 10.0
Total time since training starts:  40358.3398

Epoch: 182
Epoch 182, train accuracy = 9.948
test accuracy = 10.0
Total time since training starts:  40559.32

Epoch: 183
Epoch 183, train accuracy = 9.73
test accuracy = 10.0
Total time since training starts:  40758.8173

Epoch: 184
Epoch 184, train accuracy = 9.946
test accuracy = 10.0
Total time since training starts:  40953.9679

Epoch: 185
Epoch 185, train accuracy = 10.092
test accuracy = 10.0
Total time since training starts:  41149.0785

Epoch: 186
Epoch 186, train accuracy = 10.114
test accuracy = 10.0
Total time since training starts:  41343.8751

Epoch: 187
Epoch 187, train accuracy = 9.852
test accuracy = 10.0
Total time since training starts:  41542.3151

Epoch: 188
Epoch 188, train accuracy = 9.968
test accuracy = 10.0
Total time since training starts:  41748.9913

Epoch: 189
Epoch 189, train accuracy = 10.1
test accuracy = 10.0
Total time since training starts:  41958.1717

Epoch: 190
Epoch 190, train accuracy = 9.756
test accuracy = 10.0
Total time since training starts:  42169.1991

Epoch: 191
Epoch 191, train accuracy = 9.874
test accuracy = 10.0
Total time since training starts:  42377.2558

Epoch: 192
Epoch 192, train accuracy = 10.228
test accuracy = 10.0
Total time since training starts:  42584.9995

Epoch: 193
Epoch 193, train accuracy = 9.94
test accuracy = 10.0
Total time since training starts:  42795.18

Epoch: 194
Epoch 194, train accuracy = 10.04
test accuracy = 10.0
Total time since training starts:  43002.8596

Epoch: 195
Epoch 195, train accuracy = 9.822
test accuracy = 10.0
Total time since training starts:  43211.4793

Epoch: 196
Epoch 196, train accuracy = 9.982
test accuracy = 10.0
Total time since training starts:  43420.7826

Epoch: 197
Epoch 197, train accuracy = 10.174
test accuracy = 10.0
Total time since training starts:  43627.9429

Epoch: 198
Epoch 198, train accuracy = 10.034
test accuracy = 10.0
Total time since training starts:  43842.354

Epoch: 199
Epoch 199, train accuracy = 10.026
test accuracy = 10.0
Total time since training starts:  44059.7043
