Files already downloaded and verified
==> Building model..

Epoch: 0
Epoch 0, train accuracy = 23.814
test_ensemble accuracy = 32.16
Saving..
Total time since training starts:  75.6748

Epoch: 1
Epoch 1, train accuracy = 26.9
test_ensemble accuracy = 28.65
Total time since training starts:  150.7299

Epoch: 2
Epoch 2, train accuracy = 30.886
test_ensemble accuracy = 34.69
Saving..
Total time since training starts:  226.2407

Epoch: 3
Epoch 3, train accuracy = 36.288
test_ensemble accuracy = 39.44
Saving..
Total time since training starts:  301.8402

Epoch: 4
Epoch 4, train accuracy = 35.08
test_ensemble accuracy = 38.31
Total time since training starts:  377.2608

Epoch: 5
Epoch 5, train accuracy = 37.324
test_ensemble accuracy = 36.85
Total time since training starts:  453.9081

Epoch: 6
Epoch 6, train accuracy = 38.954
test_ensemble accuracy = 39.77
Saving..
Total time since training starts:  531.3243

Epoch: 7
Epoch 7, train accuracy = 41.486
test_ensemble accuracy = 38.11
Total time since training starts:  608.3445

Epoch: 8
Epoch 8, train accuracy = 43.392
test_ensemble accuracy = 44.21
Saving..
Total time since training starts:  685.082

Epoch: 9
Epoch 9, train accuracy = 44.526
test_ensemble accuracy = 41.04
Total time since training starts:  761.9926

Epoch: 10
Epoch 10, train accuracy = 43.496
test_ensemble accuracy = 42.65
Total time since training starts:  838.7

Epoch: 11
Epoch 11, train accuracy = 45.462
test_ensemble accuracy = 45.14
Saving..
Total time since training starts:  915.1876

Epoch: 12
Epoch 12, train accuracy = 46.956
test_ensemble accuracy = 44.65
Total time since training starts:  991.7864

Epoch: 13
Epoch 13, train accuracy = 46.864
test_ensemble accuracy = 44.74
Total time since training starts:  1067.6239

Epoch: 14
Epoch 14, train accuracy = 47.234
test_ensemble accuracy = 45.04
Total time since training starts:  1144.0264

Epoch: 15
Epoch 15, train accuracy = 48.526
test_ensemble accuracy = 47.05
Saving..
Total time since training starts:  1220.6823

Epoch: 16
Epoch 16, train accuracy = 49.148
test_ensemble accuracy = 39.14
Total time since training starts:  1297.7835

Epoch: 17
Epoch 17, train accuracy = 48.888
test_ensemble accuracy = 14.53
Total time since training starts:  1374.3411

Epoch: 18
Epoch 18, train accuracy = 10.186
test_ensemble accuracy = 10.0
Total time since training starts:  1450.183

Epoch: 19
Epoch 19, train accuracy = 10.052
test_ensemble accuracy = 10.0
Total time since training starts:  1526.7713

Epoch: 20
Epoch 20, train accuracy = 10.014
test_ensemble accuracy = 10.0
Total time since training starts:  1607.9724

Epoch: 21
Epoch 21, train accuracy = 9.886
test_ensemble accuracy = 10.0
Total time since training starts:  1689.4131

Epoch: 22
Epoch 22, train accuracy = 10.068
test_ensemble accuracy = 10.0
Total time since training starts:  1771.7212

Epoch: 23
Epoch 23, train accuracy = 9.9
test_ensemble accuracy = 10.0
Total time since training starts:  1854.1093

Epoch: 24
Epoch 24, train accuracy = 9.99
test_ensemble accuracy = 10.0
Total time since training starts:  1936.0195

Epoch: 25
Epoch 25, train accuracy = 9.698
test_ensemble accuracy = 10.0
Total time since training starts:  2018.3287

Epoch: 26
Epoch 26, train accuracy = 9.944
test_ensemble accuracy = 10.0
Total time since training starts:  2100.5024

Epoch: 27
Epoch 27, train accuracy = 10.014
test_ensemble accuracy = 10.0
Total time since training starts:  2182.8118

Epoch: 28
Epoch 28, train accuracy = 9.996
test_ensemble accuracy = 10.0
Total time since training starts:  2265.0013

Epoch: 29
Epoch 29, train accuracy = 9.966
test_ensemble accuracy = 10.0
Total time since training starts:  2347.1455

Epoch: 30
Epoch 30, train accuracy = 10.07
test_ensemble accuracy = 10.0
Total time since training starts:  2429.0603

Epoch: 31
Epoch 31, train accuracy = 9.992
test_ensemble accuracy = 10.0
Total time since training starts:  2510.7927

Epoch: 32
Epoch 32, train accuracy = 10.02
test_ensemble accuracy = 10.0
Total time since training starts:  2592.2019

Epoch: 33
Epoch 33, train accuracy = 10.208
test_ensemble accuracy = 10.0
Total time since training starts:  2674.2778

Epoch: 34
Epoch 34, train accuracy = 10.018
test_ensemble accuracy = 10.0
Total time since training starts:  2755.6642

Epoch: 35
Epoch 35, train accuracy = 9.66
test_ensemble accuracy = 10.0
Total time since training starts:  2837.6405

Epoch: 36
Epoch 36, train accuracy = 9.9
test_ensemble accuracy = 10.0
Total time since training starts:  2919.1148

Epoch: 37
Epoch 37, train accuracy = 9.944
test_ensemble accuracy = 10.0
Total time since training starts:  3001.2135

Epoch: 38
Epoch 38, train accuracy = 9.67
test_ensemble accuracy = 10.0
Total time since training starts:  3083.4274

Epoch: 39
Epoch 39, train accuracy = 10.042
test_ensemble accuracy = 10.0
Total time since training starts:  3165.0909

Epoch: 40
Epoch 40, train accuracy = 9.826
test_ensemble accuracy = 10.0
Total time since training starts:  3246.687

Epoch: 41
Epoch 41, train accuracy = 9.978
test_ensemble accuracy = 10.0
Total time since training starts:  3328.0793

Epoch: 42
Epoch 42, train accuracy = 10.054
test_ensemble accuracy = 10.0
Total time since training starts:  3409.6375

Epoch: 43
Epoch 43, train accuracy = 9.908
test_ensemble accuracy = 10.0
Total time since training starts:  3491.5766

Epoch: 44
Epoch 44, train accuracy = 9.782
test_ensemble accuracy = 10.0
Total time since training starts:  3573.2717

Epoch: 45
Epoch 45, train accuracy = 9.676
test_ensemble accuracy = 10.0
Total time since training starts:  3655.1886

Epoch: 46
Epoch 46, train accuracy = 9.81
test_ensemble accuracy = 10.0
Total time since training starts:  3736.3696

Epoch: 47
Epoch 47, train accuracy = 10.006
test_ensemble accuracy = 10.0
Total time since training starts:  3818.3069

Epoch: 48
Epoch 48, train accuracy = 9.828
test_ensemble accuracy = 10.0
Total time since training starts:  3900.4749

Epoch: 49
Epoch 49, train accuracy = 10.05
test_ensemble accuracy = 10.0
Total time since training starts:  3981.83

Epoch: 50
Epoch 50, train accuracy = 9.888
test_ensemble accuracy = 10.0
Total time since training starts:  4063.3325

Epoch: 51
Epoch 51, train accuracy = 9.934
test_ensemble accuracy = 10.0
Total time since training starts:  4144.9926

Epoch: 52
Epoch 52, train accuracy = 10.036
test_ensemble accuracy = 10.0
Total time since training starts:  4227.0933

Epoch: 53
Epoch 53, train accuracy = 10.022
test_ensemble accuracy = 10.0
Total time since training starts:  4308.8103

Epoch: 54
Epoch 54, train accuracy = 10.096
test_ensemble accuracy = 10.0
Total time since training starts:  4389.8058

Epoch: 55
Epoch 55, train accuracy = 9.954
test_ensemble accuracy = 10.0
Total time since training starts:  4470.69

Epoch: 56
Epoch 56, train accuracy = 9.986
test_ensemble accuracy = 10.0
Total time since training starts:  4552.3699

Epoch: 57
Epoch 57, train accuracy = 10.044
test_ensemble accuracy = 10.0
Total time since training starts:  4633.6788

Epoch: 58
Epoch 58, train accuracy = 9.826
test_ensemble accuracy = 10.0
Total time since training starts:  4714.5448

Epoch: 59
Epoch 59, train accuracy = 10.208
test_ensemble accuracy = 10.0
Total time since training starts:  4796.5453

Epoch: 60
Epoch 60, train accuracy = 9.762
test_ensemble accuracy = 10.0
Total time since training starts:  4878.1128

Epoch: 61
Epoch 61, train accuracy = 9.788
test_ensemble accuracy = 10.0
Total time since training starts:  4958.9048

Epoch: 62
Epoch 62, train accuracy = 9.744
test_ensemble accuracy = 10.0
Total time since training starts:  5040.2603

Epoch: 63
Epoch 63, train accuracy = 9.948
test_ensemble accuracy = 10.0
Total time since training starts:  5122.6861

Epoch: 64
Epoch 64, train accuracy = 9.96
test_ensemble accuracy = 10.0
Total time since training starts:  5206.8576

Epoch: 65
Epoch 65, train accuracy = 9.9
test_ensemble accuracy = 10.0
Total time since training starts:  5281.8227

Epoch: 66
Epoch 66, train accuracy = 10.098
test_ensemble accuracy = 10.0
Total time since training starts:  5356.7429

Epoch: 67
Epoch 67, train accuracy = 9.986
test_ensemble accuracy = 10.0
Total time since training starts:  5431.6223

Epoch: 68
Epoch 68, train accuracy = 9.862
test_ensemble accuracy = 10.0
Total time since training starts:  5506.5417

Epoch: 69
Epoch 69, train accuracy = 9.88
test_ensemble accuracy = 10.0
Total time since training starts:  5581.7215

Epoch: 70
Epoch 70, train accuracy = 10.022
test_ensemble accuracy = 10.0
Total time since training starts:  5658.2443

Epoch: 71
Epoch 71, train accuracy = 9.972
test_ensemble accuracy = 10.0
Total time since training starts:  5733.8335

Epoch: 72
Epoch 72, train accuracy = 10.04
test_ensemble accuracy = 10.0
Total time since training starts:  5809.4447

Epoch: 73
Epoch 73, train accuracy = 9.744
test_ensemble accuracy = 10.0
Total time since training starts:  5884.3233

Epoch: 74
Epoch 74, train accuracy = 9.892
test_ensemble accuracy = 10.0
Total time since training starts:  5959.2215

Epoch: 75
Epoch 75, train accuracy = 9.904
test_ensemble accuracy = 10.0
Total time since training starts:  6034.2168

Epoch: 76
Epoch 76, train accuracy = 10.002
test_ensemble accuracy = 10.0
Total time since training starts:  6109.1636

Epoch: 77
Epoch 77, train accuracy = 9.966
test_ensemble accuracy = 10.0
Total time since training starts:  6184.1897

Epoch: 78
Epoch 78, train accuracy = 9.844
test_ensemble accuracy = 10.0
Total time since training starts:  6259.9688

Epoch: 79
Epoch 79, train accuracy = 9.836
test_ensemble accuracy = 10.0
Total time since training starts:  6334.8853

Epoch: 80
Epoch 80, train accuracy = 10.096
test_ensemble accuracy = 10.0
Total time since training starts:  6409.7706

Epoch: 81
Epoch 81, train accuracy = 9.826
test_ensemble accuracy = 10.0
Total time since training starts:  6484.7475

Epoch: 82
Epoch 82, train accuracy = 9.834
test_ensemble accuracy = 10.0
Total time since training starts:  6560.5596

Epoch: 83
Epoch 83, train accuracy = 10.112
test_ensemble accuracy = 10.0
Total time since training starts:  6621.5376

Epoch: 84
Epoch 84, train accuracy = 9.986
test_ensemble accuracy = 10.0
Total time since training starts:  6682.7466

Epoch: 85
Epoch 85, train accuracy = 9.922
test_ensemble accuracy = 10.0
Total time since training starts:  6743.8301

Epoch: 86
Epoch 86, train accuracy = 9.876
test_ensemble accuracy = 10.0
Total time since training starts:  6805.189

Epoch: 87
Epoch 87, train accuracy = 10.072
test_ensemble accuracy = 10.0
Total time since training starts:  6866.4097

Epoch: 88
Epoch 88, train accuracy = 9.776
test_ensemble accuracy = 10.0
Total time since training starts:  6927.7052

Epoch: 89
Epoch 89, train accuracy = 9.858
test_ensemble accuracy = 10.0
Total time since training starts:  6988.9261

Epoch: 90
Epoch 90, train accuracy = 9.824
test_ensemble accuracy = 10.0
Total time since training starts:  7050.116

Epoch: 91
Epoch 91, train accuracy = 10.232
test_ensemble accuracy = 10.0
Total time since training starts:  7111.3311

Epoch: 92
Epoch 92, train accuracy = 9.964
test_ensemble accuracy = 10.0
Total time since training starts:  7172.4281

Epoch: 93
Epoch 93, train accuracy = 9.912
test_ensemble accuracy = 10.0
Total time since training starts:  7233.9026

Epoch: 94
Epoch 94, train accuracy = 9.866
test_ensemble accuracy = 10.0
Total time since training starts:  7295.4422

Epoch: 95
Epoch 95, train accuracy = 10.078
test_ensemble accuracy = 10.0
Total time since training starts:  7356.6089

Epoch: 96
Epoch 96, train accuracy = 9.836
test_ensemble accuracy = 10.0
Total time since training starts:  7417.9622

Epoch: 97
Epoch 97, train accuracy = 9.944
test_ensemble accuracy = 10.0
Total time since training starts:  7478.9173

Epoch: 98
Epoch 98, train accuracy = 9.906
test_ensemble accuracy = 10.0
Total time since training starts:  7540.2818

Epoch: 99
Epoch 99, train accuracy = 10.106
test_ensemble accuracy = 10.0
Total time since training starts:  7601.4492

Epoch: 100
Epoch 100, train accuracy = 10.176
test_ensemble accuracy = 10.0
Total time since training starts:  7662.1801

Epoch: 101
Epoch 101, train accuracy = 9.944
test_ensemble accuracy = 10.0
Total time since training starts:  7723.0678

Epoch: 102
Epoch 102, train accuracy = 9.716
test_ensemble accuracy = 10.0
Total time since training starts:  7784.3278

Epoch: 103
Epoch 103, train accuracy = 9.79
test_ensemble accuracy = 10.0
Total time since training starts:  7845.0599

Epoch: 104
Epoch 104, train accuracy = 10.06
test_ensemble accuracy = 10.0
Total time since training starts:  7905.7654

Epoch: 105
Epoch 105, train accuracy = 9.82
test_ensemble accuracy = 10.0
Total time since training starts:  7966.5075

Epoch: 106
Epoch 106, train accuracy = 9.834
test_ensemble accuracy = 10.0
Total time since training starts:  8027.2406

Epoch: 107
Epoch 107, train accuracy = 10.076
test_ensemble accuracy = 10.0
Total time since training starts:  8088.0049

Epoch: 108
Epoch 108, train accuracy = 9.924
test_ensemble accuracy = 10.0
Total time since training starts:  8148.8555

Epoch: 109
Epoch 109, train accuracy = 10.14
test_ensemble accuracy = 10.0
Total time since training starts:  8209.6596

Epoch: 110
Epoch 110, train accuracy = 9.862
test_ensemble accuracy = 10.0
Total time since training starts:  8270.3923

Epoch: 111
Epoch 111, train accuracy = 10.13
test_ensemble accuracy = 10.0
Total time since training starts:  8331.113

Epoch: 112
Epoch 112, train accuracy = 9.894
test_ensemble accuracy = 10.0
Total time since training starts:  8391.8642

Epoch: 113
Epoch 113, train accuracy = 9.896
test_ensemble accuracy = 10.0
Total time since training starts:  8452.5893

Epoch: 114
Epoch 114, train accuracy = 10.088
test_ensemble accuracy = 10.0
Total time since training starts:  8513.9241

Epoch: 115
Epoch 115, train accuracy = 9.758
test_ensemble accuracy = 10.0
Total time since training starts:  8575.2442

Epoch: 116
Epoch 116, train accuracy = 9.89
test_ensemble accuracy = 10.0
Total time since training starts:  8636.3462

Epoch: 117
Epoch 117, train accuracy = 10.058
test_ensemble accuracy = 10.0
Total time since training starts:  8697.7959

Epoch: 118
Epoch 118, train accuracy = 9.892
test_ensemble accuracy = 10.0
Total time since training starts:  8758.9633

Epoch: 119
Epoch 119, train accuracy = 10.082
test_ensemble accuracy = 10.0
Total time since training starts:  8820.0339

Epoch: 120
Epoch 120, train accuracy = 10.0
test_ensemble accuracy = 10.0
Total time since training starts:  8881.0942

Epoch: 121
Epoch 121, train accuracy = 10.01
test_ensemble accuracy = 10.0
Total time since training starts:  8941.8403

Epoch: 122
Epoch 122, train accuracy = 10.004
test_ensemble accuracy = 10.0
Total time since training starts:  9002.5941

Epoch: 123
Epoch 123, train accuracy = 10.034
test_ensemble accuracy = 10.0
Total time since training starts:  9063.3272

Epoch: 124
Epoch 124, train accuracy = 10.014
test_ensemble accuracy = 10.0
Total time since training starts:  9123.5636

Epoch: 125
Epoch 125, train accuracy = 9.808
test_ensemble accuracy = 10.0
Total time since training starts:  9183.7952

Epoch: 126
Epoch 126, train accuracy = 9.974
test_ensemble accuracy = 10.0
Total time since training starts:  9244.0395

Epoch: 127
Epoch 127, train accuracy = 9.972
test_ensemble accuracy = 10.0
Total time since training starts:  9304.2585

Epoch: 128
Epoch 128, train accuracy = 9.828
test_ensemble accuracy = 10.0
Total time since training starts:  9364.5102

Epoch: 129
Epoch 129, train accuracy = 10.154
test_ensemble accuracy = 10.0
Total time since training starts:  9424.9766

Epoch: 130
Epoch 130, train accuracy = 9.764
test_ensemble accuracy = 10.0
Total time since training starts:  9485.4447

Epoch: 131
Epoch 131, train accuracy = 9.94
test_ensemble accuracy = 10.0
Total time since training starts:  9546.0288

Epoch: 132
Epoch 132, train accuracy = 10.09
test_ensemble accuracy = 10.0
Total time since training starts:  9606.2216

Epoch: 133
Epoch 133, train accuracy = 10.06
test_ensemble accuracy = 10.0
Total time since training starts:  9666.4414

Epoch: 134
Epoch 134, train accuracy = 10.026
test_ensemble accuracy = 10.0
Total time since training starts:  9726.6652

Epoch: 135
Epoch 135, train accuracy = 9.974
test_ensemble accuracy = 10.0
Total time since training starts:  9786.8789

Epoch: 136
Epoch 136, train accuracy = 10.066
test_ensemble accuracy = 10.0
Total time since training starts:  9847.1309

Epoch: 137
Epoch 137, train accuracy = 9.902
test_ensemble accuracy = 10.0
Total time since training starts:  9907.5266

Epoch: 138
Epoch 138, train accuracy = 10.05
test_ensemble accuracy = 10.0
Total time since training starts:  9967.7471

Epoch: 139
Epoch 139, train accuracy = 10.114
test_ensemble accuracy = 10.0
Total time since training starts:  10028.0695

Epoch: 140
Epoch 140, train accuracy = 9.906
test_ensemble accuracy = 10.0
Total time since training starts:  10088.3425

Epoch: 141
Epoch 141, train accuracy = 9.824
test_ensemble accuracy = 10.0
Total time since training starts:  10148.8741

Epoch: 142
Epoch 142, train accuracy = 9.756
test_ensemble accuracy = 10.0
Total time since training starts:  10209.6979

Epoch: 143
Epoch 143, train accuracy = 9.924
test_ensemble accuracy = 10.0
Total time since training starts:  10270.6192

Epoch: 144
Epoch 144, train accuracy = 10.08
test_ensemble accuracy = 10.0
Total time since training starts:  10331.282

Epoch: 145
Epoch 145, train accuracy = 10.064
test_ensemble accuracy = 10.0
Total time since training starts:  10391.9224

Epoch: 146
Epoch 146, train accuracy = 9.984
test_ensemble accuracy = 10.0
Total time since training starts:  10452.4093

Epoch: 147
Epoch 147, train accuracy = 9.976
test_ensemble accuracy = 10.0
Total time since training starts:  10513.3238

Epoch: 148
Epoch 148, train accuracy = 10.086
test_ensemble accuracy = 10.0
Total time since training starts:  10573.7238

Epoch: 149
Epoch 149, train accuracy = 9.746
test_ensemble accuracy = 10.0
Total time since training starts:  10634.2176

Epoch: 150
Epoch 150, train accuracy = 10.07
test_ensemble accuracy = 10.0
Total time since training starts:  10694.8091

Epoch: 151
Epoch 151, train accuracy = 9.964
test_ensemble accuracy = 10.0
Total time since training starts:  10755.5298

Epoch: 152
Epoch 152, train accuracy = 9.984
test_ensemble accuracy = 10.0
Total time since training starts:  10816.041

Epoch: 153
Epoch 153, train accuracy = 9.668
test_ensemble accuracy = 10.0
Total time since training starts:  10876.3745

Epoch: 154
Epoch 154, train accuracy = 9.962
test_ensemble accuracy = 10.0
Total time since training starts:  10936.6059

Epoch: 155
Epoch 155, train accuracy = 10.01
test_ensemble accuracy = 10.0
Total time since training starts:  10996.8021

Epoch: 156
Epoch 156, train accuracy = 10.084
test_ensemble accuracy = 10.0
Total time since training starts:  11057.0109

Epoch: 157
Epoch 157, train accuracy = 9.704
test_ensemble accuracy = 10.0
Total time since training starts:  11117.2823

Epoch: 158
Epoch 158, train accuracy = 9.84
test_ensemble accuracy = 10.0
Total time since training starts:  11178.0179

Epoch: 159
Epoch 159, train accuracy = 9.794
test_ensemble accuracy = 10.0
Total time since training starts:  11238.4606

Epoch: 160
Epoch 160, train accuracy = 9.826
test_ensemble accuracy = 10.0
Total time since training starts:  11299.3442

Epoch: 161
Epoch 161, train accuracy = 9.872
test_ensemble accuracy = 10.0
Total time since training starts:  11359.9598

Epoch: 162
Epoch 162, train accuracy = 10.106
test_ensemble accuracy = 10.0
Total time since training starts:  11420.67

Epoch: 163
Epoch 163, train accuracy = 9.856
test_ensemble accuracy = 10.0
Total time since training starts:  11481.3734

Epoch: 164
Epoch 164, train accuracy = 10.128
test_ensemble accuracy = 10.0
Total time since training starts:  11541.9291

Epoch: 165
Epoch 165, train accuracy = 9.814
test_ensemble accuracy = 10.0
Total time since training starts:  11602.6776

Epoch: 166
Epoch 166, train accuracy = 10.116
test_ensemble accuracy = 10.0
Total time since training starts:  11663.1767

Epoch: 167
Epoch 167, train accuracy = 10.194
test_ensemble accuracy = 10.0
Total time since training starts:  11723.4057

Epoch: 168
Epoch 168, train accuracy = 9.994
test_ensemble accuracy = 10.0
Total time since training starts:  11783.6408

Epoch: 169
Epoch 169, train accuracy = 9.95
test_ensemble accuracy = 10.0
Total time since training starts:  11843.8665

Epoch: 170
Epoch 170, train accuracy = 9.78
test_ensemble accuracy = 10.0
Total time since training starts:  11904.1018

Epoch: 171
Epoch 171, train accuracy = 9.814
test_ensemble accuracy = 10.0
Total time since training starts:  11964.3926

Epoch: 172
Epoch 172, train accuracy = 9.846
test_ensemble accuracy = 10.0
Total time since training starts:  12024.7755

Epoch: 173
Epoch 173, train accuracy = 10.15
test_ensemble accuracy = 10.0
Total time since training starts:  12085.4397

Epoch: 174
Epoch 174, train accuracy = 9.838
test_ensemble accuracy = 10.0
Total time since training starts:  12146.1196

Epoch: 175
Epoch 175, train accuracy = 9.764
test_ensemble accuracy = 10.0
Total time since training starts:  12206.7767

Epoch: 176
Epoch 176, train accuracy = 10.036
test_ensemble accuracy = 10.0
Total time since training starts:  12267.5546

Epoch: 177
Epoch 177, train accuracy = 9.83
test_ensemble accuracy = 10.0
Total time since training starts:  12328.1728

Epoch: 178
Epoch 178, train accuracy = 9.706
test_ensemble accuracy = 10.0
Total time since training starts:  12388.6986

Epoch: 179
Epoch 179, train accuracy = 9.914
test_ensemble accuracy = 10.0
Total time since training starts:  12449.5614

Epoch: 180
Epoch 180, train accuracy = 9.98
test_ensemble accuracy = 10.0
Total time since training starts:  12510.5154

Epoch: 181
Epoch 181, train accuracy = 10.13
test_ensemble accuracy = 10.0
Total time since training starts:  12570.9747

Epoch: 182
Epoch 182, train accuracy = 10.038
test_ensemble accuracy = 10.0
Total time since training starts:  12631.2587

Epoch: 183
Epoch 183, train accuracy = 10.08
test_ensemble accuracy = 10.0
Total time since training starts:  12691.9294

Epoch: 184
Epoch 184, train accuracy = 10.246
test_ensemble accuracy = 10.0
Total time since training starts:  12752.5634

Epoch: 185
Epoch 185, train accuracy = 9.758
test_ensemble accuracy = 10.0
Total time since training starts:  12813.2653

Epoch: 186
Epoch 186, train accuracy = 10.16
test_ensemble accuracy = 10.0
Total time since training starts:  12874.1356

Epoch: 187
Epoch 187, train accuracy = 10.052
test_ensemble accuracy = 10.0
Total time since training starts:  12934.877

Epoch: 188
Epoch 188, train accuracy = 9.804
test_ensemble accuracy = 10.0
Total time since training starts:  12995.1803

Epoch: 189
Epoch 189, train accuracy = 9.9
test_ensemble accuracy = 10.0
Total time since training starts:  13055.3944

Epoch: 190
Epoch 190, train accuracy = 9.964
test_ensemble accuracy = 10.0
Total time since training starts:  13115.598

Epoch: 191
Epoch 191, train accuracy = 9.706
test_ensemble accuracy = 10.0
Total time since training starts:  13175.9836

Epoch: 192
Epoch 192, train accuracy = 9.982
test_ensemble accuracy = 10.0
Total time since training starts:  13236.6233

Epoch: 193
Epoch 193, train accuracy = 9.692
test_ensemble accuracy = 10.0
Total time since training starts:  13297.2629

Epoch: 194
Epoch 194, train accuracy = 9.808
test_ensemble accuracy = 10.0
Total time since training starts:  13357.7323

Epoch: 195
Epoch 195, train accuracy = 10.242
test_ensemble accuracy = 10.0
Total time since training starts:  13418.0431

Epoch: 196
Epoch 196, train accuracy = 10.054
test_ensemble accuracy = 10.0
Total time since training starts:  13478.2583

Epoch: 197
Epoch 197, train accuracy = 9.904
test_ensemble accuracy = 10.0
Total time since training starts:  13538.4794

Epoch: 198
Epoch 198, train accuracy = 10.004
test_ensemble accuracy = 10.0
Total time since training starts:  13598.6969

Epoch: 199
Epoch 199, train accuracy = 9.86
test_ensemble accuracy = 10.0
Total time since training starts:  13658.9223
